#
# A fatal error has been detected by the Java Runtime Environment:
#
#  EXCEPTION_ACCESS_VIOLATION (0xc0000005) at pc=0x00007ffb770cf7cb, pid=6424, tid=12824
#
# JRE version: OpenJDK Runtime Environment (15.0.1+9) (build 15.0.1+9-18)
# Java VM: OpenJDK 64-Bit Server VM (15.0.1+9-18, mixed mode, sharing, tiered, compressed oops, g1 gc, windows-amd64)
# Problematic frame:
# V  [jvm.dll+0x2cf7cb]
#
# No core dump will be written. Minidumps are not enabled by default on client versions of Windows
#
# If you would like to submit a bug report, please visit:
#   https://bugreport.java.com/bugreport/crash.jsp
#

---------------  S U M M A R Y ------------

Command Line: -XX:TieredStopAtLevel=1 -Dfile.encoding=windows-1252 -Duser.country=AR -Duser.language=es -Duser.variant com.examplecodeoftheweb.salvo_n.SalvoNApplication

Host: Intel(R) Core(TM) i3-6100 CPU @ 3.70GHz, 4 cores, 7G,  Windows 10 , 64 bit Build 19041 (10.0.19041.662)
Time: Mon Dec 14 11:59:16 2020 Hora estándar de Argentina elapsed time: 3.072084 seconds (0d 0h 0m 3s)

---------------  T H R E A D  ---------------

Current thread (0x00000216f87dc0f0):  GCTaskThread "GC Thread#0" [stack: 0x000000cc7fe00000,0x000000cc7ff00000] [id=12824]

Stack: [0x000000cc7fe00000,0x000000cc7ff00000],  sp=0x000000cc7feff2f0,  free space=1020k
Native frames: (J=compiled Java code, j=interpreted, Vv=VM code, C=native code)
V  [jvm.dll+0x2cf7cb]
V  [jvm.dll+0x2cf24e]
V  [jvm.dll+0x2dd037]
V  [jvm.dll+0x2ded57]
V  [jvm.dll+0x2dd54d]
V  [jvm.dll+0x2de8f1]
V  [jvm.dll+0x2aad88]
V  [jvm.dll+0x2accfd]
V  [jvm.dll+0x7adba0]
V  [jvm.dll+0x73d65a]
V  [jvm.dll+0x629c56]
C  [ucrtbase.dll+0x214c2]
C  [KERNEL32.DLL+0x17034]
C  [ntdll.dll+0x4d0d1]


siginfo: EXCEPTION_ACCESS_VIOLATION (0xc0000005), reading address 0x0000000000000100


Register to memory mapping:

RIP=0x00007ffb770cf7cb jvm.dll
RAX=0x00000216f87d97ec points into unknown readable memory: 00 00 00 00
RBX=0x0000000085a14ec1 is pointing into object: java.util.concurrent.ConcurrentHashMap$Node 
{0x0000000085a14ea8} - klass: 'java/util/concurrent/ConcurrentHashMap$Node'
RCX=0x0 is NULL
RDX=0x0 is NULL
RSP=0x000000cc7feff2f0 points into unknown readable memory: 0x0000000086a39800 | 00 98 a3 86 00 00 00 00
RBP=0x00000216a0c371f0 points into unknown readable memory: 0x00007ffb7768a628 | 28 a6 68 77 fb 7f 00 00
RSI=0x0000000000000096 is an unknown value
RDI=0x0000000085a14ec0 is pointing into object: java.util.concurrent.ConcurrentHashMap$Node 
{0x0000000085a14ea8} - klass: 'java/util/concurrent/ConcurrentHashMap$Node'
R8 =0x0000000085a14ee8 is an oop: java.lang.Package$VersionInfo 
{0x0000000085a14ee8} - klass: 'java/lang/Package$VersionInfo'
R9 =0x0000000080c22938 is an oop: java.lang.String 
{0x0000000080c22938} - klass: 'java/lang/String'
R10=0x0000000000000100 is an unknown value
R11=0x0000000085a12cf8 is an oop: [Ljava.util.concurrent.ConcurrentHashMap$Node; 
{0x0000000085a12cf8} - klass: 'java/util/concurrent/ConcurrentHashMap$Node'[]
 - length: 1024
R12=0x0000000000000040 is an unknown value
R13=0x0 is NULL
R14=0x00000216f87b60a0 points into unknown readable memory: 0x000001b200000b22 | 22 0b 00 00 b2 01 00 00
R15=0x0000000000000b22 is an unknown value


Registers:
RAX=0x00000216f87d97ec, RBX=0x0000000085a14ec1, RCX=0x0000000000000000, RDX=0x0000000000000000
RSP=0x000000cc7feff2f0, RBP=0x00000216a0c371f0, RSI=0x0000000000000096, RDI=0x0000000085a14ec0
R8 =0x0000000085a14ee8, R9 =0x0000000080c22938, R10=0x0000000000000100, R11=0x0000000085a12cf8
R12=0x0000000000000040, R13=0x0000000000000000, R14=0x00000216f87b60a0, R15=0x0000000000000b22
RIP=0x00007ffb770cf7cb, EFLAGS=0x0000000000010246

Top of Stack: (sp=0x000000cc7feff2f0)
0x000000cc7feff2f0:   0000000086a39800 00000216a0c30001
0x000000cc7feff300:   0000000000000096 0000000085a12cf8
0x000000cc7feff310:   0000000000000000 00007ffb77424a3f
0x000000cc7feff320:   000000cc7feff3a0 0000000000000000
0x000000cc7feff330:   00000216f87a9100 000000cc7feff5b0
0x000000cc7feff340:   0000021697ba1e00 0000000000000013
0x000000cc7feff350:   00000216f87b3370 000000cc7feff5b0
0x000000cc7feff360:   0000000000000000 0000000080dc4e00
0x000000cc7feff370:   00000216a0c371f0 00007ffb770cf24e
0x000000cc7feff380:   00007ffb76e00000 0000021600000000
0x000000cc7feff390:   0000000000000013 00000216f87b3370
0x000000cc7feff3a0:   0000000001cc4b24 000000029340724e
0x000000cc7feff3b0:   000000cc7feff5b0 0000000080dc4e00
0x000000cc7feff3c0:   00000000000004c0 00007ffb770dd037
0x000000cc7feff3d0:   0000000080dc7400 000000cc7feff3f0
0x000000cc7feff3e0:   000000cc7feff400 00000216f87dc8e0 

Instructions: (pc=0x00007ffb770cf7cb)
0x00007ffb770cf6cb:   00 00 00 00 00 48 8b 5d 10 44 8b bb 80 00 00 00
0x00007ffb770cf6db:   4c 8d b3 00 01 00 00 41 8b 06 41 8b cf 2b c8 81
0x00007ffb770cf6eb:   e1 ff ff 01 00 41 3b cc 0f 86 d2 03 00 00 41 ff
0x00007ffb770cf6fb:   cf 41 81 e7 ff ff 01 00 44 89 bb 80 00 00 00 e8
0x00007ffb770cf70b:   e1 d0 34 00 41 8b 06 41 8b cf 48 8b 9b 80 01 00
0x00007ffb770cf71b:   00 2b c8 81 e1 ff ff 01 00 81 f9 ff ff 01 00 4a
0x00007ffb770cf72b:   8b 1c fb 41 0f 44 cd 85 c9 75 46 49 8b 06 48 8b
0x00007ffb770cf73b:   f8 48 89 44 24 28 48 c1 e8 20 ff c0 44 89 7c 24
0x00007ffb770cf74b:   20 89 44 24 24 48 8b 74 24 20 44 3b ff 0f 85 67
0x00007ffb770cf75b:   03 00 00 48 8b 05 33 5c 74 00 4c 8b c7 49 8b d6
0x00007ffb770cf76b:   48 8b ce ff d0 48 3b c7 0f 85 4c 03 00 00 41 8b
0x00007ffb770cf77b:   06 f6 c3 01 0f 84 45 01 00 00 8b 0d 85 c2 72 00
0x00007ffb770cf78b:   48 8d 7b ff 48 8b 45 08 44 8b 17 49 d3 e2 4c 03
0x00007ffb770cf79b:   15 68 c2 72 00 8b 88 48 04 00 00 49 8b d2 48 8b
0x00007ffb770cf7ab:   80 38 04 00 00 48 d3 ea 0f b7 0c 50 66 89 8c 24
0x00007ffb770cf7bb:   98 00 00 00 66 c1 e9 08 84 c9 0f 88 05 ff ff ff
0x00007ffb770cf7cb:   4d 8b 02 41 0f b6 c0 24 03 3c 03 75 1e 44 38 2d
0x00007ffb770cf7db:   63 38 7b 00 74 0f 41 0f b6 c0 24 07 3c 05 75 05
0x00007ffb770cf7eb:   4d 8b c5 eb 1f 49 83 e0 fc eb 19 0f b7 94 24 98
0x00007ffb770cf7fb:   00 00 00 4d 8b c8 4d 8b c2 48 8b cd e8 74 1d 00
0x00007ffb770cf80b:   00 4c 8b c0 8b 0d fb c1 72 00 49 8b d0 48 2b 15
0x00007ffb770cf81b:   e9 c1 72 00 48 d3 ea 89 17 49 8b d0 8b 0d b3 41
0x00007ffb770cf82b:   7b 00 48 33 d7 48 d3 ea 48 85 d2 0f 84 94 fe ff
0x00007ffb770cf83b:   ff 48 8b 45 08 48 8b d7 48 8b 80 00 01 00 00 8b
0x00007ffb770cf84b:   48 68 48 8b 40 58 48 d3 ea 48 8b 0c d0 8b 81 cc
0x00007ffb770cf85b:   00 00 00 d1 e8 a8 01 0f 85 68 fe ff ff 48 8b 45
0x00007ffb770cf86b:   08 8b 88 48 04 00 00 48 8b 80 38 04 00 00 49 d3
0x00007ffb770cf87b:   e8 46 38 2c 40 0f 84 4a fe ff ff 48 8b 85 80 00
0x00007ffb770cf88b:   00 00 48 c1 ef 09 48 8b 58 48 48 8b 50 40 48 03
0x00007ffb770cf89b:   df 48 2b da 48 39 9d d0 01 00 00 0f 84 24 fe ff
0x00007ffb770cf8ab:   ff 44 38 6d 28 48 8d 4d 18 74 08 48 03 d3 e8 a2
0x00007ffb770cf8bb:   e9 39 00 48 89 9d d0 01 00 00 e9 06 fe ff ff f6 


Stack slot to memory mapping:
stack at sp + 0 slots: 0x0000000086a39800 is pointing into object: java.util.concurrent.ConcurrentHashMap$Node 
{0x0000000086a397f0} - klass: 'java/util/concurrent/ConcurrentHashMap$Node'
stack at sp + 1 slots: 0x00000216a0c30001 points into unknown readable memory: 4d 65 74 68 6f 64 54
stack at sp + 2 slots: 0x0000000000000096 is an unknown value
stack at sp + 3 slots: 0x0000000085a12cf8 is an oop: [Ljava.util.concurrent.ConcurrentHashMap$Node; 
{0x0000000085a12cf8} - klass: 'java/util/concurrent/ConcurrentHashMap$Node'[]
 - length: 1024
stack at sp + 4 slots: 0x0 is NULL
stack at sp + 5 slots: 0x00007ffb77424a3f jvm.dll
stack at sp + 6 slots: 0x000000cc7feff3a0 points into unknown readable memory: 0x0000000001cc4b24 | 24 4b cc 01 00 00 00 00
stack at sp + 7 slots: 0x0 is NULL


---------------  P R O C E S S  ---------------

Threads class SMR info:
_java_thread_list=0x000002169fe5e4d0, length=10, elements={
0x00000216f879bde0, 0x000002169e98ba10, 0x000002169e98c5e0, 0x000002169e9aa9d0,
0x000002169e9ab290, 0x000002169e9ae060, 0x000002169e9b1f20, 0x000002169e9b2920,
0x000002169f3e3d40, 0x000002169f3e86d0
}

Java Threads: ( => current thread )
  0x00000216f879bde0 JavaThread "main" [_thread_blocked, id=12492, stack(0x000000cc7fd00000,0x000000cc7fe00000)]
  0x000002169e98ba10 JavaThread "Reference Handler" daemon [_thread_blocked, id=12496, stack(0x000000cc00400000,0x000000cc00500000)]
  0x000002169e98c5e0 JavaThread "Finalizer" daemon [_thread_blocked, id=12644, stack(0x000000cc00500000,0x000000cc00600000)]
  0x000002169e9aa9d0 JavaThread "Signal Dispatcher" daemon [_thread_blocked, id=13004, stack(0x000000cc00600000,0x000000cc00700000)]
  0x000002169e9ab290 JavaThread "Attach Listener" daemon [_thread_blocked, id=11992, stack(0x000000cc00700000,0x000000cc00800000)]
  0x000002169e9ae060 JavaThread "Service Thread" daemon [_thread_blocked, id=8240, stack(0x000000cc00800000,0x000000cc00900000)]
  0x000002169e9b1f20 JavaThread "C1 CompilerThread0" daemon [_thread_blocked, id=4712, stack(0x000000cc00900000,0x000000cc00a00000)]
  0x000002169e9b2920 JavaThread "Sweeper thread" daemon [_thread_blocked, id=12656, stack(0x000000cc00a00000,0x000000cc00b00000)]
  0x000002169f3e3d40 JavaThread "Notification Thread" daemon [_thread_blocked, id=10888, stack(0x000000cc00b00000,0x000000cc00c00000)]
  0x000002169f3e86d0 JavaThread "Common-Cleaner" daemon [_thread_blocked, id=9084, stack(0x000000cc00d00000,0x000000cc00e00000)]

Other Threads:
  0x000002169e985160 VMThread "VM Thread" [stack: 0x000000cc00300000,0x000000cc00400000] [id=6580]
  0x000002169f3e4210 WatcherThread [stack: 0x000000cc00c00000,0x000000cc00d00000] [id=9448]
=>0x00000216f87dc0f0 GCTaskThread "GC Thread#0" [stack: 0x000000cc7fe00000,0x000000cc7ff00000] [id=12824]
  0x000002169fa72570 GCTaskThread "GC Thread#1" [stack: 0x000000cc00e00000,0x000000cc00f00000] [id=7264]
  0x000002169fa71f10 GCTaskThread "GC Thread#2" [stack: 0x000000cc00f00000,0x000000cc01000000] [id=12512]
  0x000002169fa72240 GCTaskThread "GC Thread#3" [stack: 0x000000cc01100000,0x000000cc01200000] [id=8232]
  0x00000216f87ed1d0 ConcurrentGCThread "G1 Main Marker" [stack: 0x000000cc7ff00000,0x000000cc80000000] [id=10720]
  0x00000216f87ee560 ConcurrentGCThread "G1 Conc#0" [stack: 0x000000cc00000000,0x000000cc00100000] [id=10852]
  0x00000216f8859470 ConcurrentGCThread "G1 Refine#0" [stack: 0x000000cc00100000,0x000000cc00200000] [id=12108]
  0x000002169e8001f0 ConcurrentGCThread "G1 Young RemSet Sampling" [stack: 0x000000cc00200000,0x000000cc00300000] [id=2548]

Threads with active compile tasks:

VM state: at safepoint (normal execution)

VM Mutex/Monitor currently owned by a thread:  ([mutex/lock_event])
[0x00000216f664d930] Threads_lock - owner thread: 0x000002169e985160
[0x00000216f87966d0] Heap_lock - owner thread: 0x00000216f879bde0

Heap address: 0x0000000080a00000, size: 2038 MB, Compressed Oops mode: 32-bit
CDS archive(s) mapped at: [0x0000000800000000-0x0000000800b50000-0x0000000800b50000), size 11862016, SharedBaseAddress: 0x0000000800000000, ArchiveRelocationMode: 0.
Compressed class space mapped at: 0x0000000800b50000-0x0000000840b50000, size: 1073741824
Narrow klass base: 0x0000000800000000, Narrow klass shift: 3, Narrow klass range: 0x100000000

GC Precious Log:
 CPUs: 4 total, 4 available
 Memory: 8144M
 Large Page Support: Disabled
 NUMA Support: Disabled
 Compressed Oops: Enabled (32-bit)
 Heap Region Size: 1M
 Heap Min Capacity: 8M
 Heap Initial Capacity: 128M
 Heap Max Capacity: 2038M
 Pre-touch: Disabled
 Parallel Workers: 4
 Concurrent Workers: 1
 Concurrent Refinement Workers: 4
 Periodic GC: Disabled

Heap:
 garbage-first heap   total 131072K, used 53250K [0x0000000080a00000, 0x0000000100000000)
  region size 1024K, 49 young (50176K), 7 survivors (7168K)
 Metaspace       used 20312K, capacity 21176K, committed 21296K, reserved 1067008K
  class space    used 2742K, capacity 2887K, committed 2944K, reserved 1048576K

Heap Regions: E=young(eden), S=young(survivor), O=old, HS=humongous(starts), HC=humongous(continues), CS=collection set, F=free, OA=open archive, CA=closed archive, TAMS=top-at-mark-start (previous, next)
|   0|0x0000000080a00000, 0x0000000080b00000, 0x0000000080b00000|100%|HS|  |TAMS 0x0000000080a00000, 0x0000000080b00000| Complete 
|   1|0x0000000080b00000, 0x0000000080c00000, 0x0000000080c00000|100%| O|  |TAMS 0x0000000080b00000, 0x0000000080c00000| Untracked 
|   2|0x0000000080c00000, 0x0000000080d00000, 0x0000000080d00000|100%| O|  |TAMS 0x0000000080c00000, 0x0000000080d00000| Untracked 
|   3|0x0000000080d00000, 0x0000000080e00000, 0x0000000080e00000|100%| O|  |TAMS 0x0000000080d00000, 0x0000000080e00000| Untracked 
|   4|0x0000000080e00000, 0x0000000080f00000, 0x0000000080f00000|100%| O|  |TAMS 0x0000000080e00000, 0x0000000080f00000| Untracked 
|   5|0x0000000080f00000, 0x0000000080fe3a00, 0x0000000081000000| 88%| O|  |TAMS 0x0000000080f00000, 0x0000000080fe3a00| Untracked 
|   6|0x0000000081000000, 0x0000000081000000, 0x0000000081100000|  0%| F|  |TAMS 0x0000000081000000, 0x0000000081000000| Untracked 
|   7|0x0000000081100000, 0x0000000081100000, 0x0000000081200000|  0%| F|  |TAMS 0x0000000081100000, 0x0000000081100000| Untracked 
|   8|0x0000000081200000, 0x0000000081200000, 0x0000000081300000|  0%| F|  |TAMS 0x0000000081200000, 0x0000000081200000| Untracked 
|   9|0x0000000081300000, 0x0000000081300000, 0x0000000081400000|  0%| F|  |TAMS 0x0000000081300000, 0x0000000081300000| Untracked 
|  10|0x0000000081400000, 0x0000000081400000, 0x0000000081500000|  0%| F|  |TAMS 0x0000000081400000, 0x0000000081400000| Untracked 
|  11|0x0000000081500000, 0x0000000081500000, 0x0000000081600000|  0%| F|  |TAMS 0x0000000081500000, 0x0000000081500000| Untracked 
|  12|0x0000000081600000, 0x0000000081600000, 0x0000000081700000|  0%| F|  |TAMS 0x0000000081600000, 0x0000000081600000| Untracked 
|  13|0x0000000081700000, 0x0000000081700000, 0x0000000081800000|  0%| F|  |TAMS 0x0000000081700000, 0x0000000081700000| Untracked 
|  14|0x0000000081800000, 0x0000000081800000, 0x0000000081900000|  0%| F|  |TAMS 0x0000000081800000, 0x0000000081800000| Untracked 
|  15|0x0000000081900000, 0x0000000081900000, 0x0000000081a00000|  0%| F|  |TAMS 0x0000000081900000, 0x0000000081900000| Untracked 
|  16|0x0000000081a00000, 0x0000000081a00000, 0x0000000081b00000|  0%| F|  |TAMS 0x0000000081a00000, 0x0000000081a00000| Untracked 
|  17|0x0000000081b00000, 0x0000000081b00000, 0x0000000081c00000|  0%| F|  |TAMS 0x0000000081b00000, 0x0000000081b00000| Untracked 
|  18|0x0000000081c00000, 0x0000000081c00000, 0x0000000081d00000|  0%| F|  |TAMS 0x0000000081c00000, 0x0000000081c00000| Untracked 
|  19|0x0000000081d00000, 0x0000000081d00000, 0x0000000081e00000|  0%| F|  |TAMS 0x0000000081d00000, 0x0000000081d00000| Untracked 
|  20|0x0000000081e00000, 0x0000000081e00000, 0x0000000081f00000|  0%| F|  |TAMS 0x0000000081e00000, 0x0000000081e00000| Untracked 
|  21|0x0000000081f00000, 0x0000000081f00000, 0x0000000082000000|  0%| F|  |TAMS 0x0000000081f00000, 0x0000000081f00000| Untracked 
|  22|0x0000000082000000, 0x0000000082000000, 0x0000000082100000|  0%| F|  |TAMS 0x0000000082000000, 0x0000000082000000| Untracked 
|  23|0x0000000082100000, 0x0000000082100000, 0x0000000082200000|  0%| F|  |TAMS 0x0000000082100000, 0x0000000082100000| Untracked 
|  24|0x0000000082200000, 0x0000000082200000, 0x0000000082300000|  0%| F|  |TAMS 0x0000000082200000, 0x0000000082200000| Untracked 
|  25|0x0000000082300000, 0x0000000082300000, 0x0000000082400000|  0%| F|  |TAMS 0x0000000082300000, 0x0000000082300000| Untracked 
|  26|0x0000000082400000, 0x0000000082400000, 0x0000000082500000|  0%| F|  |TAMS 0x0000000082400000, 0x0000000082400000| Untracked 
|  27|0x0000000082500000, 0x0000000082500000, 0x0000000082600000|  0%| F|  |TAMS 0x0000000082500000, 0x0000000082500000| Untracked 
|  28|0x0000000082600000, 0x0000000082600000, 0x0000000082700000|  0%| F|  |TAMS 0x0000000082600000, 0x0000000082600000| Untracked 
|  29|0x0000000082700000, 0x0000000082700000, 0x0000000082800000|  0%| F|  |TAMS 0x0000000082700000, 0x0000000082700000| Untracked 
|  30|0x0000000082800000, 0x0000000082800000, 0x0000000082900000|  0%| F|  |TAMS 0x0000000082800000, 0x0000000082800000| Untracked 
|  31|0x0000000082900000, 0x0000000082900000, 0x0000000082a00000|  0%| F|  |TAMS 0x0000000082900000, 0x0000000082900000| Untracked 
|  32|0x0000000082a00000, 0x0000000082a00000, 0x0000000082b00000|  0%| F|  |TAMS 0x0000000082a00000, 0x0000000082a00000| Untracked 
|  33|0x0000000082b00000, 0x0000000082b00000, 0x0000000082c00000|  0%| F|  |TAMS 0x0000000082b00000, 0x0000000082b00000| Untracked 
|  34|0x0000000082c00000, 0x0000000082c00000, 0x0000000082d00000|  0%| F|  |TAMS 0x0000000082c00000, 0x0000000082c00000| Untracked 
|  35|0x0000000082d00000, 0x0000000082d00000, 0x0000000082e00000|  0%| F|  |TAMS 0x0000000082d00000, 0x0000000082d00000| Untracked 
|  36|0x0000000082e00000, 0x0000000082e00000, 0x0000000082f00000|  0%| F|  |TAMS 0x0000000082e00000, 0x0000000082e00000| Untracked 
|  37|0x0000000082f00000, 0x0000000082f00000, 0x0000000083000000|  0%| F|  |TAMS 0x0000000082f00000, 0x0000000082f00000| Untracked 
|  38|0x0000000083000000, 0x0000000083000000, 0x0000000083100000|  0%| F|  |TAMS 0x0000000083000000, 0x0000000083000000| Untracked 
|  39|0x0000000083100000, 0x0000000083100000, 0x0000000083200000|  0%| F|  |TAMS 0x0000000083100000, 0x0000000083100000| Untracked 
|  40|0x0000000083200000, 0x0000000083200000, 0x0000000083300000|  0%| F|  |TAMS 0x0000000083200000, 0x0000000083200000| Untracked 
|  41|0x0000000083300000, 0x0000000083300000, 0x0000000083400000|  0%| F|  |TAMS 0x0000000083300000, 0x0000000083300000| Untracked 
|  42|0x0000000083400000, 0x0000000083400000, 0x0000000083500000|  0%| F|  |TAMS 0x0000000083400000, 0x0000000083400000| Untracked 
|  43|0x0000000083500000, 0x0000000083500000, 0x0000000083600000|  0%| F|  |TAMS 0x0000000083500000, 0x0000000083500000| Untracked 
|  44|0x0000000083600000, 0x0000000083600000, 0x0000000083700000|  0%| F|  |TAMS 0x0000000083600000, 0x0000000083600000| Untracked 
|  45|0x0000000083700000, 0x0000000083700000, 0x0000000083800000|  0%| F|  |TAMS 0x0000000083700000, 0x0000000083700000| Untracked 
|  46|0x0000000083800000, 0x0000000083800000, 0x0000000083900000|  0%| F|  |TAMS 0x0000000083800000, 0x0000000083800000| Untracked 
|  47|0x0000000083900000, 0x000000008391d088, 0x0000000083a00000| 11%| E|CS|TAMS 0x0000000083900000, 0x000000008391d088| Complete 
|  48|0x0000000083a00000, 0x0000000083b00000, 0x0000000083b00000|100%| E|CS|TAMS 0x0000000083a00000, 0x0000000083b00000| Complete 
|  49|0x0000000083b00000, 0x0000000083c00000, 0x0000000083c00000|100%| E|CS|TAMS 0x0000000083b00000, 0x0000000083c00000| Complete 
|  50|0x0000000083c00000, 0x0000000083d00000, 0x0000000083d00000|100%| E|CS|TAMS 0x0000000083c00000, 0x0000000083d00000| Complete 
|  51|0x0000000083d00000, 0x0000000083e00000, 0x0000000083e00000|100%| E|CS|TAMS 0x0000000083d00000, 0x0000000083e00000| Complete 
|  52|0x0000000083e00000, 0x0000000083e00000, 0x0000000083f00000|  0%| F|  |TAMS 0x0000000083e00000, 0x0000000083e00000| Untracked 
|  53|0x0000000083f00000, 0x0000000083f00000, 0x0000000084000000|  0%| F|  |TAMS 0x0000000083f00000, 0x0000000083f00000| Untracked 
|  54|0x0000000084000000, 0x0000000084000000, 0x0000000084100000|  0%| F|  |TAMS 0x0000000084000000, 0x0000000084000000| Untracked 
|  55|0x0000000084100000, 0x0000000084100000, 0x0000000084200000|  0%| F|  |TAMS 0x0000000084100000, 0x0000000084100000| Untracked 
|  56|0x0000000084200000, 0x0000000084200000, 0x0000000084300000|  0%| F|  |TAMS 0x0000000084200000, 0x0000000084200000| Untracked 
|  57|0x0000000084300000, 0x0000000084300000, 0x0000000084400000|  0%| F|  |TAMS 0x0000000084300000, 0x0000000084300000| Untracked 
|  58|0x0000000084400000, 0x0000000084400000, 0x0000000084500000|  0%| F|  |TAMS 0x0000000084400000, 0x0000000084400000| Untracked 
|  59|0x0000000084500000, 0x0000000084500000, 0x0000000084600000|  0%| F|  |TAMS 0x0000000084500000, 0x0000000084500000| Untracked 
|  60|0x0000000084600000, 0x0000000084600000, 0x0000000084700000|  0%| F|  |TAMS 0x0000000084600000, 0x0000000084600000| Untracked 
|  61|0x0000000084700000, 0x0000000084700000, 0x0000000084800000|  0%| F|  |TAMS 0x0000000084700000, 0x0000000084700000| Untracked 
|  62|0x0000000084800000, 0x0000000084800000, 0x0000000084900000|  0%| F|  |TAMS 0x0000000084800000, 0x0000000084800000| Untracked 
|  63|0x0000000084900000, 0x0000000084900000, 0x0000000084a00000|  0%| F|  |TAMS 0x0000000084900000, 0x0000000084900000| Untracked 
|  64|0x0000000084a00000, 0x0000000084a00000, 0x0000000084b00000|  0%| F|  |TAMS 0x0000000084a00000, 0x0000000084a00000| Untracked 
|  65|0x0000000084b00000, 0x0000000084b00000, 0x0000000084c00000|  0%| F|  |TAMS 0x0000000084b00000, 0x0000000084b00000| Untracked 
|  66|0x0000000084c00000, 0x0000000084c00000, 0x0000000084d00000|  0%| F|  |TAMS 0x0000000084c00000, 0x0000000084c00000| Untracked 
|  67|0x0000000084d00000, 0x0000000084d00000, 0x0000000084e00000|  0%| F|  |TAMS 0x0000000084d00000, 0x0000000084d00000| Untracked 
|  68|0x0000000084e00000, 0x0000000084e00000, 0x0000000084f00000|  0%| F|  |TAMS 0x0000000084e00000, 0x0000000084e00000| Untracked 
|  69|0x0000000084f00000, 0x0000000084f00000, 0x0000000085000000|  0%| F|  |TAMS 0x0000000084f00000, 0x0000000084f00000| Untracked 
|  70|0x0000000085000000, 0x0000000085000000, 0x0000000085100000|  0%| F|  |TAMS 0x0000000085000000, 0x0000000085000000| Untracked 
|  71|0x0000000085100000, 0x0000000085100000, 0x0000000085200000|  0%| F|  |TAMS 0x0000000085100000, 0x0000000085100000| Untracked 
|  72|0x0000000085200000, 0x0000000085200000, 0x0000000085300000|  0%| F|  |TAMS 0x0000000085200000, 0x0000000085200000| Untracked 
|  73|0x0000000085300000, 0x0000000085300000, 0x0000000085400000|  0%| F|  |TAMS 0x0000000085300000, 0x0000000085300000| Untracked 
|  74|0x0000000085400000, 0x0000000085400000, 0x0000000085500000|  0%| F|  |TAMS 0x0000000085400000, 0x0000000085400000| Untracked 
|  75|0x0000000085500000, 0x0000000085500000, 0x0000000085600000|  0%| F|  |TAMS 0x0000000085500000, 0x0000000085500000| Untracked 
|  76|0x0000000085600000, 0x0000000085600000, 0x0000000085700000|  0%| F|  |TAMS 0x0000000085600000, 0x0000000085600000| Untracked 
|  77|0x0000000085700000, 0x0000000085700000, 0x0000000085800000|  0%| F|  |TAMS 0x0000000085700000, 0x0000000085700000| Untracked 
|  78|0x0000000085800000, 0x0000000085800000, 0x0000000085900000|  0%| F|  |TAMS 0x0000000085800000, 0x0000000085800000| Untracked 
|  79|0x0000000085900000, 0x0000000085971f50, 0x0000000085a00000| 44%| S|  |TAMS 0x0000000085900000, 0x0000000085900000| Complete 
|  80|0x0000000085a00000, 0x0000000085b00000, 0x0000000085b00000|100%| S|  |TAMS 0x0000000085a00000, 0x0000000085a00000| Complete 
|  81|0x0000000085b00000, 0x0000000085c00000, 0x0000000085c00000|100%| S|  |TAMS 0x0000000085b00000, 0x0000000085b00000| Complete 
|  82|0x0000000085c00000, 0x0000000085d00000, 0x0000000085d00000|100%| S|  |TAMS 0x0000000085c00000, 0x0000000085c00000| Complete 
|  83|0x0000000085d00000, 0x0000000085e00000, 0x0000000085e00000|100%| S|  |TAMS 0x0000000085d00000, 0x0000000085d00000| Complete 
|  84|0x0000000085e00000, 0x0000000085f00000, 0x0000000085f00000|100%| S|  |TAMS 0x0000000085e00000, 0x0000000085e00000| Complete 
|  85|0x0000000085f00000, 0x0000000086000000, 0x0000000086000000|100%| S|  |TAMS 0x0000000085f00000, 0x0000000085f00000| Complete 
|  86|0x0000000086000000, 0x0000000086100000, 0x0000000086100000|100%| E|CS|TAMS 0x0000000086000000, 0x0000000086100000| Complete 
|  87|0x0000000086100000, 0x0000000086200000, 0x0000000086200000|100%| E|CS|TAMS 0x0000000086100000, 0x0000000086200000| Complete 
|  88|0x0000000086200000, 0x0000000086300000, 0x0000000086300000|100%| E|CS|TAMS 0x0000000086200000, 0x0000000086300000| Complete 
|  89|0x0000000086300000, 0x0000000086400000, 0x0000000086400000|100%| E|CS|TAMS 0x0000000086300000, 0x0000000086400000| Complete 
|  90|0x0000000086400000, 0x0000000086500000, 0x0000000086500000|100%| E|CS|TAMS 0x0000000086400000, 0x0000000086500000| Complete 
|  91|0x0000000086500000, 0x0000000086600000, 0x0000000086600000|100%| E|CS|TAMS 0x0000000086500000, 0x0000000086600000| Complete 
|  92|0x0000000086600000, 0x0000000086700000, 0x0000000086700000|100%| E|CS|TAMS 0x0000000086600000, 0x0000000086700000| Complete 
|  93|0x0000000086700000, 0x0000000086800000, 0x0000000086800000|100%| E|CS|TAMS 0x0000000086700000, 0x0000000086800000| Complete 
|  94|0x0000000086800000, 0x0000000086900000, 0x0000000086900000|100%| E|CS|TAMS 0x0000000086800000, 0x0000000086900000| Complete 
|  95|0x0000000086900000, 0x0000000086a00000, 0x0000000086a00000|100%| E|CS|TAMS 0x0000000086900000, 0x0000000086a00000| Complete 
|  96|0x0000000086a00000, 0x0000000086b00000, 0x0000000086b00000|100%| E|CS|TAMS 0x0000000086a00000, 0x0000000086b00000| Complete 
|  97|0x0000000086b00000, 0x0000000086c00000, 0x0000000086c00000|100%| E|CS|TAMS 0x0000000086b00000, 0x0000000086c00000| Complete 
|  98|0x0000000086c00000, 0x0000000086d00000, 0x0000000086d00000|100%| E|CS|TAMS 0x0000000086c00000, 0x0000000086d00000| Complete 
|  99|0x0000000086d00000, 0x0000000086e00000, 0x0000000086e00000|100%| E|CS|TAMS 0x0000000086d00000, 0x0000000086e00000| Complete 
| 100|0x0000000086e00000, 0x0000000086f00000, 0x0000000086f00000|100%| E|CS|TAMS 0x0000000086e00000, 0x0000000086f00000| Complete 
| 101|0x0000000086f00000, 0x0000000087000000, 0x0000000087000000|100%| E|CS|TAMS 0x0000000086f00000, 0x0000000087000000| Complete 
| 102|0x0000000087000000, 0x0000000087100000, 0x0000000087100000|100%| E|CS|TAMS 0x0000000087000000, 0x0000000087100000| Complete 
| 103|0x0000000087100000, 0x0000000087200000, 0x0000000087200000|100%| E|CS|TAMS 0x0000000087100000, 0x0000000087200000| Complete 
| 104|0x0000000087200000, 0x0000000087300000, 0x0000000087300000|100%| E|CS|TAMS 0x0000000087200000, 0x0000000087300000| Complete 
| 105|0x0000000087300000, 0x0000000087400000, 0x0000000087400000|100%| E|CS|TAMS 0x0000000087300000, 0x0000000087400000| Complete 
| 106|0x0000000087400000, 0x0000000087500000, 0x0000000087500000|100%| E|CS|TAMS 0x0000000087400000, 0x0000000087500000| Complete 
| 107|0x0000000087500000, 0x0000000087600000, 0x0000000087600000|100%| E|CS|TAMS 0x0000000087500000, 0x0000000087600000| Complete 
| 108|0x0000000087600000, 0x0000000087700000, 0x0000000087700000|100%| E|CS|TAMS 0x0000000087600000, 0x0000000087700000| Complete 
| 109|0x0000000087700000, 0x0000000087800000, 0x0000000087800000|100%| E|CS|TAMS 0x0000000087700000, 0x0000000087800000| Complete 
| 110|0x0000000087800000, 0x0000000087900000, 0x0000000087900000|100%| E|CS|TAMS 0x0000000087800000, 0x0000000087900000| Complete 
| 111|0x0000000087900000, 0x0000000087a00000, 0x0000000087a00000|100%| E|CS|TAMS 0x0000000087900000, 0x0000000087a00000| Complete 
| 112|0x0000000087a00000, 0x0000000087b00000, 0x0000000087b00000|100%| E|CS|TAMS 0x0000000087a00000, 0x0000000087b00000| Complete 
| 113|0x0000000087b00000, 0x0000000087c00000, 0x0000000087c00000|100%| E|CS|TAMS 0x0000000087b00000, 0x0000000087c00000| Complete 
| 114|0x0000000087c00000, 0x0000000087d00000, 0x0000000087d00000|100%| E|CS|TAMS 0x0000000087c00000, 0x0000000087d00000| Complete 
| 115|0x0000000087d00000, 0x0000000087e00000, 0x0000000087e00000|100%| E|CS|TAMS 0x0000000087d00000, 0x0000000087e00000| Complete 
| 116|0x0000000087e00000, 0x0000000087f00000, 0x0000000087f00000|100%| E|CS|TAMS 0x0000000087e00000, 0x0000000087f00000| Complete 
| 117|0x0000000087f00000, 0x0000000088000000, 0x0000000088000000|100%| E|CS|TAMS 0x0000000087f00000, 0x0000000088000000| Complete 
| 118|0x0000000088000000, 0x0000000088100000, 0x0000000088100000|100%| E|CS|TAMS 0x0000000088000000, 0x0000000088100000| Complete 
| 119|0x0000000088100000, 0x0000000088200000, 0x0000000088200000|100%| E|CS|TAMS 0x0000000088100000, 0x0000000088200000| Complete 
| 120|0x0000000088200000, 0x0000000088300000, 0x0000000088300000|100%| E|CS|TAMS 0x0000000088200000, 0x0000000088300000| Complete 
| 121|0x0000000088300000, 0x0000000088400000, 0x0000000088400000|100%| E|CS|TAMS 0x0000000088300000, 0x0000000088400000| Complete 
| 122|0x0000000088400000, 0x0000000088500000, 0x0000000088500000|100%| E|CS|TAMS 0x0000000088400000, 0x0000000088500000| Complete 
| 123|0x0000000088500000, 0x0000000088600000, 0x0000000088600000|100%| E|CS|TAMS 0x0000000088500000, 0x0000000088600000| Complete 
| 124|0x0000000088600000, 0x0000000088700000, 0x0000000088700000|100%| E|CS|TAMS 0x0000000088600000, 0x0000000088700000| Complete 
| 125|0x0000000088700000, 0x0000000088800000, 0x0000000088800000|100%| E|CS|TAMS 0x0000000088700000, 0x0000000088800000| Complete 
| 126|0x0000000088800000, 0x0000000088900000, 0x0000000088900000|100%| E|CS|TAMS 0x0000000088800000, 0x0000000088900000| Complete 
| 127|0x0000000088900000, 0x0000000088a00000, 0x0000000088a00000|100%| E|CS|TAMS 0x0000000088900000, 0x0000000088a00000| Complete 

Card table byte_map: [0x0000021697ba0000,0x0000021697fa0000] _byte_map_base: 0x000002169779b000

Marking Bits (Prev, Next): (CMBitMap*) 0x00000216f87dc8e0, (CMBitMap*) 0x00000216f87dc920
 Prev Bits: [0x00000216983a0000, 0x000002169a378000)
 Next Bits: [0x000002169a380000, 0x000002169c358000)

Polling page: 0x0000021680000000

Metaspace:

Usage:
  Non-class:     17.86 MB capacity,    17.16 MB ( 96%) used,   690.59 KB (  4%) free+waste,    28.75 KB ( <1%) overhead. 
      Class:      2.82 MB capacity,     2.68 MB ( 95%) used,   132.00 KB (  5%) free+waste,    12.38 KB ( <1%) overhead. 
       Both:     20.68 MB capacity,    19.84 MB ( 96%) used,   822.59 KB (  4%) free+waste,    41.12 KB ( <1%) overhead. 

Virtual space:
  Non-class space:       18.00 MB reserved,      17.92 MB (>99%) committed 
      Class space:        1.00 GB reserved,       2.88 MB ( <1%) committed 
             Both:        1.02 GB reserved,      20.80 MB (  2%) committed 

Chunk freelists:
   Non-Class:  15.00 KB
       Class:  25.00 KB
        Both:  40.00 KB

MaxMetaspaceSize: 17179869184.00 GB
CompressedClassSpaceSize: 1.00 GB

CodeHeap 'non-profiled nmethods': size=238912Kb used=4619Kb max_used=4619Kb free=234292Kb
 bounds [0x0000021688820000, 0x0000021688cb0000, 0x0000021697170000]
CodeHeap 'non-nmethods': size=6848Kb used=1192Kb max_used=1192Kb free=5655Kb
 bounds [0x0000021688170000, 0x00000216883e0000, 0x0000021688820000]
 total_blobs=3362 nmethods=2907 adapters=382
 compilation: enabled
              stopped_count=0, restarted_count=0
 full_count=0

Compilation events (20 events):
Event: 3.000 Thread 0x000002169e9b1f20 2898       1       sun.net.www.protocol.file.FileURLConnection::getPermission (106 bytes)
Event: 3.001 Thread 0x000002169e9b1f20 nmethod 2898 0x0000021688c9f010 code [0x0000021688c9f240, 0x0000021688c9f7c8]
Event: 3.001 Thread 0x000002169e9b1f20 2899       1       sun.nio.fs.WindowsPath::getFileName (87 bytes)
Event: 3.001 Thread 0x000002169e9b1f20 nmethod 2899 0x0000021688c9fb90 code [0x0000021688c9fd80, 0x0000021688ca01c8]
Event: 3.003 Thread 0x000002169e9b1f20 2900       1       org.springframework.beans.support.ResourceEditorRegistrar::doRegisterEditor (28 bytes)
Event: 3.003 Thread 0x000002169e9b1f20 nmethod 2900 0x0000021688ca0490 code [0x0000021688ca0660, 0x0000021688ca0958]
Event: 3.003 Thread 0x000002169e9b1f20 2901       1       org.springframework.beans.PropertyEditorRegistrySupport::overrideDefaultEditor (31 bytes)
Event: 3.004 Thread 0x000002169e9b1f20 nmethod 2901 0x0000021688ca0a90 code [0x0000021688ca0c40, 0x0000021688ca0de8]
Event: 3.004 Thread 0x000002169e9b1f20 2903       1       org.springframework.beans.factory.annotation.AutowiredAnnotationBeanPostProcessor$$Lambda$448/0x0000000800e11bd8::doWith (13 bytes)
Event: 3.004 Thread 0x000002169e9b1f20 nmethod 2903 0x0000021688ca0e90 code [0x0000021688ca1020, 0x0000021688ca1108]
Event: 3.004 Thread 0x000002169e9b1f20 2904   !   1       org.springframework.beans.factory.annotation.AutowiredAnnotationBeanPostProcessor::lambda$determineCandidateConstructors$0 (89 bytes)
Event: 3.004 Thread 0x000002169e9b1f20 nmethod 2904 0x0000021688ca1210 code [0x0000021688ca1460, 0x0000021688ca1bd8]
Event: 3.004 Thread 0x000002169e9b1f20 2905       1       java.beans.PropertyEditorSupport::<init> (10 bytes)
Event: 3.004 Thread 0x000002169e9b1f20 nmethod 2905 0x0000021688ca2090 code [0x0000021688ca2220, 0x0000021688ca2318]
Event: 3.004 Thread 0x000002169e9b1f20 2902       1       org.springframework.core.convert.TypeDescriptor::getType (5 bytes)
Event: 3.004 Thread 0x000002169e9b1f20 nmethod 2902 0x0000021688ca2390 code [0x0000021688ca2520, 0x0000021688ca25d8]
Event: 3.005 Thread 0x000002169e9b1f20 2906       1       org.springframework.core.env.MutablePropertySources::iterator (10 bytes)
Event: 3.005 Thread 0x000002169e9b1f20 nmethod 2906 0x0000021688ca2690 code [0x0000021688ca2820, 0x0000021688ca2908]
Event: 3.005 Thread 0x000002169e9b1f20 2907       1       org.springframework.core.BridgeMethodResolver::isVisibilityBridgeMethodPair (52 bytes)
Event: 3.007 Thread 0x000002169e9b1f20 nmethod 2907 0x0000021688ca2990 code [0x0000021688ca2b60, 0x0000021688ca2d88]

GC Heap History (9 events):
Event: 0.498 GC heap before
{Heap before GC invocations=0 (full 0):
 garbage-first heap   total 131072K, used 13312K [0x0000000080a00000, 0x0000000100000000)
  region size 1024K, 13 young (13312K), 0 survivors (0K)
 Metaspace       used 2469K, capacity 5760K, committed 6016K, reserved 1056768K
  class space    used 276K, capacity 532K, committed 640K, reserved 1048576K
}
Event: 0.505 GC heap after
{Heap after GC invocations=1 (full 0):
 garbage-first heap   total 131072K, used 6030K [0x0000000080a00000, 0x0000000100000000)
  region size 1024K, 2 young (2048K), 2 survivors (2048K)
 Metaspace       used 2469K, capacity 5760K, committed 6016K, reserved 1056768K
  class space    used 276K, capacity 532K, committed 640K, reserved 1048576K
}
Event: 0.992 GC heap before
{Heap before GC invocations=1 (full 0):
 garbage-first heap   total 131072K, used 16270K [0x0000000080a00000, 0x0000000100000000)
  region size 1024K, 13 young (13312K), 2 survivors (2048K)
 Metaspace       used 5258K, capacity 7671K, committed 7808K, reserved 1056768K
  class space    used 685K, capacity 847K, committed 896K, reserved 1048576K
}
Event: 0.996 GC heap after
{Heap after GC invocations=2 (full 0):
 garbage-first heap   total 131072K, used 6990K [0x0000000080a00000, 0x0000000100000000)
  region size 1024K, 1 young (1024K), 1 survivors (1024K)
 Metaspace       used 5258K, capacity 7671K, committed 7808K, reserved 1056768K
  class space    used 685K, capacity 847K, committed 896K, reserved 1048576K
}
Event: 1.708 GC heap before
{Heap before GC invocations=2 (full 0):
 garbage-first heap   total 131072K, used 29518K [0x0000000080a00000, 0x0000000100000000)
  region size 1024K, 24 young (24576K), 1 survivors (1024K)
 Metaspace       used 10330K, capacity 11951K, committed 12160K, reserved 1060864K
  class space    used 1332K, capacity 1401K, committed 1408K, reserved 1048576K
}
Event: 1.718 GC heap after
{Heap after GC invocations=3 (full 0):
 garbage-first heap   total 131072K, used 8124K [0x0000000080a00000, 0x0000000100000000)
  region size 1024K, 3 young (3072K), 3 survivors (3072K)
 Metaspace       used 10330K, capacity 11951K, committed 12160K, reserved 1060864K
  class space    used 1332K, capacity 1401K, committed 1408K, reserved 1048576K
}
Event: 2.270 GC heap before
{Heap before GC invocations=3 (full 0):
 garbage-first heap   total 131072K, used 81852K [0x0000000080a00000, 0x0000000100000000)
  region size 1024K, 76 young (77824K), 3 survivors (3072K)
 Metaspace       used 15220K, capacity 16548K, committed 16768K, reserved 1064960K
  class space    used 1990K, capacity 2097K, committed 2176K, reserved 1048576K
}
Event: 2.276 GC heap after
{Heap after GC invocations=4 (full 0):
 garbage-first heap   total 131072K, used 10242K [0x0000000080a00000, 0x0000000100000000)
  region size 1024K, 5 young (5120K), 5 survivors (5120K)
 Metaspace       used 15220K, capacity 16548K, committed 16768K, reserved 1064960K
  class space    used 1990K, capacity 2097K, committed 2176K, reserved 1048576K
}
Event: 3.011 GC heap before
{Heap before GC invocations=4 (full 0):
 garbage-first heap   total 131072K, used 52226K [0x0000000080a00000, 0x0000000100000000)
  region size 1024K, 47 young (48128K), 5 survivors (5120K)
 Metaspace       used 20312K, capacity 21176K, committed 21296K, reserved 1067008K
  class space    used 2742K, capacity 2887K, committed 2944K, reserved 1048576K
}

Deoptimization events (2 events):
Event: 2.599 Thread 0x00000216f879bde0 DEOPT PACKING pc=0x0000021688ac0ad4 sp=0x000000cc7fdfd7d0
Event: 2.599 Thread 0x00000216f879bde0 DEOPT UNPACKING pc=0x00000216881be23f sp=0x000000cc7fdfcd28 mode 0

Classes unloaded (0 events):
No events

Classes redefined (0 events):
No events

Internal exceptions (20 events):
Event: 2.099 Thread 0x00000216f879bde0 Exception <a 'java/lang/NoSuchMethodError'{0x0000000084811740}: 'void java.lang.invoke.DirectMethodHandle$Holder.invokeInterface(java.lang.Object, java.lang.Object, java.lang.Object, java.lang.Object)'> (0x0000000084811740) 
thrown [./open/src/hotspot/share/interpreter/linkResolver.cpp, line 782]
Event: 2.299 Thread 0x00000216f879bde0 Exception <a 'java/lang/NoSuchMethodError'{0x0000000088755f90}: 'void java.lang.invoke.DirectMethodHandle$Holder.invokeVirtual(java.lang.Object, java.lang.Object, java.lang.Object, java.lang.Object)'> (0x0000000088755f90) 
thrown [./open/src/hotspot/share/interpreter/linkResolver.cpp, line 782]
Event: 2.602 Thread 0x00000216f879bde0 Exception <a 'java/lang/NoSuchMethodError'{0x00000000875a50f8}: 'java.lang.Object java.lang.invoke.DirectMethodHandle$Holder.invokeStatic(java.lang.Object, java.lang.Object, java.lang.Object, java.lang.Object, int)'> (0x00000000875a50f8) 
thrown [./open/src/hotspot/share/interpreter/linkResolver.cpp, line 782]
Event: 2.965 Thread 0x00000216f879bde0 Exception <a 'java/lang/NoSuchMethodError'{0x000000008623c920}: 'void java.lang.invoke.DirectMethodHandle$Holder.invokeSpecial(java.lang.Object, java.lang.Object, java.lang.Object, java.lang.Object, java.lang.Object, java.lang.Object)'> (0x000000008623c920) 
thrown [./open/src/hotspot/share/interpreter/linkResolver.cpp, line 782]
Event: 2.970 Thread 0x00000216f879bde0 Exception <a 'java/lang/ClassNotFoundException'{0x0000000086276618}: java/lang/ObjectCustomizer> (0x0000000086276618) 
thrown [./open/src/hotspot/share/classfile/systemDictionary.cpp, line 295]
Event: 2.970 Thread 0x00000216f879bde0 Exception <a 'java/lang/ClassNotFoundException'{0x000000008627ec20}: org/springframework/aop/framework/ProxyConfigCustomizer> (0x000000008627ec20) 
thrown [./open/src/hotspot/share/classfile/systemDictionary.cpp, line 295]
Event: 2.971 Thread 0x00000216f879bde0 Exception <a 'java/lang/ClassNotFoundException'{0x000000008628ba80}: org/springframework/aop/framework/ProxyProcessorSupportCustomizer> (0x000000008628ba80) 
thrown [./open/src/hotspot/share/classfile/systemDictionary.cpp, line 295]
Event: 2.972 Thread 0x00000216f879bde0 Exception <a 'java/lang/ClassNotFoundException'{0x0000000086295680}: org/springframework/aop/framework/autoproxy/AbstractAutoProxyCreatorCustomizer> (0x0000000086295680) 
thrown [./open/src/hotspot/share/classfile/systemDictionary.cpp, line 295]
Event: 2.974 Thread 0x00000216f879bde0 Exception <a 'java/lang/ClassNotFoundException'{0x00000000862ab468}: org/springframework/aop/framework/autoproxy/AbstractAdvisorAutoProxyCreatorCustomizer> (0x00000000862ab468) 
thrown [./open/src/hotspot/share/classfile/systemDictionary.cpp, line 295]
Event: 2.975 Thread 0x00000216f879bde0 Exception <a 'java/lang/ClassNotFoundException'{0x00000000862b4cf8}: org/springframework/aop/aspectj/autoproxy/AspectJAwareAdvisorAutoProxyCreatorCustomizer> (0x00000000862b4cf8) 
thrown [./open/src/hotspot/share/classfile/systemDictionary.cpp, line 295]
Event: 2.975 Thread 0x00000216f879bde0 Exception <a 'java/lang/ClassNotFoundException'{0x00000000862bcef8}: org/springframework/aop/aspectj/annotation/AnnotationAwareAspectJAutoProxyCreatorCustomizer> (0x00000000862bcef8) 
thrown [./open/src/hotspot/share/classfile/systemDictionary.cpp, line 295]
Event: 2.978 Thread 0x00000216f879bde0 Exception <a 'java/lang/ClassNotFoundException'{0x00000000862d63f0}: org/springframework/beans/factory/config/SmartInstantiationAwareBeanPostProcessorCustomizer> (0x00000000862d63f0) 
thrown [./open/src/hotspot/share/classfile/systemDictionary.cpp, line 295]
Event: 2.979 Thread 0x00000216f879bde0 Exception <a 'java/lang/ClassNotFoundException'{0x00000000862dfdb0}: org/springframework/beans/factory/config/InstantiationAwareBeanPostProcessorCustomizer> (0x00000000862dfdb0) 
thrown [./open/src/hotspot/share/classfile/systemDictionary.cpp, line 295]
Event: 2.979 Thread 0x00000216f879bde0 Exception <a 'java/lang/ClassNotFoundException'{0x00000000862e90a8}: org/springframework/beans/factory/config/BeanPostProcessorCustomizer> (0x00000000862e90a8) 
thrown [./open/src/hotspot/share/classfile/systemDictionary.cpp, line 295]
Event: 2.980 Thread 0x00000216f879bde0 Exception <a 'java/lang/ClassNotFoundException'{0x00000000862efb90}: org/springframework/beans/factory/BeanFactoryAwareCustomizer> (0x00000000862efb90) 
thrown [./open/src/hotspot/share/classfile/systemDictionary.cpp, line 295]
Event: 2.980 Thread 0x00000216f879bde0 Exception <a 'java/lang/ClassNotFoundException'{0x00000000862f64a8}: org/springframework/beans/factory/AwareCustomizer> (0x00000000862f64a8) 
thrown [./open/src/hotspot/share/classfile/systemDictionary.cpp, line 295]
Event: 2.981 Thread 0x00000216f879bde0 Exception <a 'java/lang/ClassNotFoundException'{0x00000000862fb198}: org/springframework/core/OrderedCustomizer> (0x00000000862fb198) 
thrown [./open/src/hotspot/share/classfile/systemDictionary.cpp, line 295]
Event: 2.981 Thread 0x00000216f879bde0 Exception <a 'java/lang/ClassNotFoundException'{0x00000000861014b0}: org/springframework/beans/factory/BeanClassLoaderAwareCustomizer> (0x00000000861014b0) 
thrown [./open/src/hotspot/share/classfile/systemDictionary.cpp, line 295]
Event: 2.981 Thread 0x00000216f879bde0 Exception <a 'java/lang/ClassNotFoundException'{0x0000000086107220}: org/springframework/beans/factory/AwareCustomizer> (0x0000000086107220) 
thrown [./open/src/hotspot/share/classfile/systemDictionary.cpp, line 295]
Event: 2.981 Thread 0x00000216f879bde0 Exception <a 'java/lang/ClassNotFoundException'{0x000000008610c4e0}: org/springframework/aop/framework/AopInfrastructureBeanCustomizer> (0x000000008610c4e0) 
thrown [./open/src/hotspot/share/classfile/systemDictionary.cpp, line 295]

Events (20 events):
Event: 2.940 loading class java/security/interfaces/RSAPublicKey done
Event: 2.947 loading class javax/xml/ws$WebServiceRef
Event: 2.947 loading class javax/xml/ws$WebServiceRef done
Event: 2.948 loading class javax/naming/NameNotFoundException
Event: 2.948 loading class javax/naming/NameNotFoundException done
Event: 2.949 Executing VM operation: ICBufferFull
Event: 2.950 Executing VM operation: ICBufferFull done
Event: 2.968 Executing VM operation: HandshakeAllThreads
Event: 2.968 Executing VM operation: HandshakeAllThreads done
Event: 2.969 Executing VM operation: HandshakeAllThreads
Event: 2.969 Executing VM operation: HandshakeAllThreads done
Event: 2.970 loading class java/lang/ObjectCustomizer
Event: 2.970 loading class java/lang/ObjectCustomizer done
Event: 2.970 loading class java/lang/ObjectCustomizer
Event: 2.970 loading class java/lang/ObjectCustomizer done
Event: 2.972 loading class sun/reflect/generics/reflectiveObjects/GenericArrayTypeImpl
Event: 2.972 loading class sun/reflect/generics/reflectiveObjects/GenericArrayTypeImpl done
Event: 3.002 loading class java/lang/Class$EnclosingMethodInfo
Event: 3.002 loading class java/lang/Class$EnclosingMethodInfo done
Event: 3.011 Executing VM operation: CollectForMetadataAllocation


Dynamic libraries:
0x00007ff7f1040000 - 0x00007ff7f104d000 	C:\Users\Admin\.jdks\openjdk-15.0.1\bin\java.exe
0x00007ffbe03f0000 - 0x00007ffbe05e6000 	C:\WINDOWS\SYSTEM32\ntdll.dll
0x00007ffbd9300000 - 0x00007ffbd9312000 	C:\Program Files\AVAST Software\Avast\aswhook.dll
0x00007ffbdebd0000 - 0x00007ffbdec8d000 	C:\WINDOWS\System32\KERNEL32.DLL
0x00007ffbddfe0000 - 0x00007ffbde2a9000 	C:\WINDOWS\System32\KERNELBASE.dll
0x00007ffbde350000 - 0x00007ffbde450000 	C:\WINDOWS\System32\ucrtbase.dll
0x00007ffbb6990000 - 0x00007ffbb69a8000 	C:\Users\Admin\.jdks\openjdk-15.0.1\bin\jli.dll
0x00007ffbdfcc0000 - 0x00007ffbdfe60000 	C:\WINDOWS\System32\USER32.dll
0x00007ffbddd80000 - 0x00007ffbddda2000 	C:\WINDOWS\System32\win32u.dll
0x00007ffbdeba0000 - 0x00007ffbdebca000 	C:\WINDOWS\System32\GDI32.dll
0x00007ffbddc70000 - 0x00007ffbddd79000 	C:\WINDOWS\System32\gdi32full.dll
0x00007ffbde2b0000 - 0x00007ffbde34d000 	C:\WINDOWS\System32\msvcp_win.dll
0x00007ffbb6970000 - 0x00007ffbb6989000 	C:\Users\Admin\.jdks\openjdk-15.0.1\bin\VCRUNTIME140.dll
0x00007ffbd0eb0000 - 0x00007ffbd114b000 	C:\WINDOWS\WinSxS\amd64_microsoft.windows.common-controls_6595b64144ccf1df_6.0.19041.488_none_ca04af081b815d21\COMCTL32.dll
0x00007ffbdf0a0000 - 0x00007ffbdf13e000 	C:\WINDOWS\System32\msvcrt.dll
0x00007ffbdf680000 - 0x00007ffbdf6b0000 	C:\WINDOWS\System32\IMM32.DLL
0x00007ffbb6960000 - 0x00007ffbb696c000 	C:\Users\Admin\.jdks\openjdk-15.0.1\bin\vcruntime140_1.dll
0x00007ffb915d0000 - 0x00007ffb91661000 	C:\Users\Admin\.jdks\openjdk-15.0.1\bin\msvcp140.dll
0x00007ffb76e00000 - 0x00007ffb7795e000 	C:\Users\Admin\.jdks\openjdk-15.0.1\bin\server\jvm.dll
0x00007ffbe0190000 - 0x00007ffbe023c000 	C:\WINDOWS\System32\ADVAPI32.dll
0x00007ffbdf860000 - 0x00007ffbdf8fc000 	C:\WINDOWS\System32\sechost.dll
0x00007ffbdfed0000 - 0x00007ffbdfffb000 	C:\WINDOWS\System32\RPCRT4.dll
0x00007ffbdf5b0000 - 0x00007ffbdf5b8000 	C:\WINDOWS\System32\PSAPI.DLL
0x00007ffbd4550000 - 0x00007ffbd4559000 	C:\WINDOWS\SYSTEM32\WSOCK32.dll
0x00007ffbdfe60000 - 0x00007ffbdfecb000 	C:\WINDOWS\System32\WS2_32.dll
0x00007ffbd0800000 - 0x00007ffbd0827000 	C:\WINDOWS\SYSTEM32\WINMM.dll
0x00007ffbd8390000 - 0x00007ffbd839a000 	C:\WINDOWS\SYSTEM32\VERSION.dll
0x00007ffbdb9c0000 - 0x00007ffbdb9d2000 	C:\WINDOWS\SYSTEM32\kernel.appcore.dll
0x00007ffbb6950000 - 0x00007ffbb695a000 	C:\Users\Admin\.jdks\openjdk-15.0.1\bin\jimage.dll
0x00007ffbd71d0000 - 0x00007ffbd73b4000 	C:\WINDOWS\SYSTEM32\DBGHELP.DLL
0x00007ffbd6ba0000 - 0x00007ffbd6bcc000 	C:\WINDOWS\SYSTEM32\dbgcore.DLL
0x00007ffbddf60000 - 0x00007ffbddfe0000 	C:\WINDOWS\System32\bcryptPrimitives.dll
0x00007ffba8a80000 - 0x00007ffba8aa5000 	C:\Users\Admin\.jdks\openjdk-15.0.1\bin\java.dll
0x00007ffbde450000 - 0x00007ffbdeb92000 	C:\WINDOWS\System32\SHELL32.dll
0x00007ffbdbca0000 - 0x00007ffbdc435000 	C:\WINDOWS\SYSTEM32\windows.storage.dll
0x00007ffbdf900000 - 0x00007ffbdfc56000 	C:\WINDOWS\System32\combase.dll
0x00007ffbdd4d0000 - 0x00007ffbdd4fc000 	C:\WINDOWS\SYSTEM32\Wldp.dll
0x00007ffbdf5d0000 - 0x00007ffbdf67e000 	C:\WINDOWS\System32\SHCORE.dll
0x00007ffbe0000000 - 0x00007ffbe0055000 	C:\WINDOWS\System32\shlwapi.dll
0x00007ffbdda60000 - 0x00007ffbdda86000 	C:\WINDOWS\SYSTEM32\profapi.dll
0x00007ffba8a10000 - 0x00007ffba8a29000 	C:\Users\Admin\.jdks\openjdk-15.0.1\bin\net.dll
0x00007ffbd57a0000 - 0x00007ffbd58a0000 	C:\WINDOWS\SYSTEM32\WINHTTP.dll
0x00007ffbdd250000 - 0x00007ffbdd2ba000 	C:\WINDOWS\system32\mswsock.dll
0x00007ffba4050000 - 0x00007ffba4062000 	C:\Users\Admin\.jdks\openjdk-15.0.1\bin\nio.dll
0x00007ffba4030000 - 0x00007ffba4048000 	C:\Users\Admin\.jdks\openjdk-15.0.1\bin\zip.dll
0x00007ffbb6940000 - 0x00007ffbb6950000 	C:\Users\Admin\.jdks\openjdk-15.0.1\bin\verify.dll
0x00007ffbb07e0000 - 0x00007ffbb07e9000 	C:\Users\Admin\.jdks\openjdk-15.0.1\bin\management.dll
0x00007ffbb0340000 - 0x00007ffbb034b000 	C:\Users\Admin\.jdks\openjdk-15.0.1\bin\management_ext.dll
0x00007ffbca200000 - 0x00007ffbca217000 	C:\WINDOWS\system32\napinsp.dll
0x00007ffbc9cd0000 - 0x00007ffbc9ceb000 	C:\WINDOWS\system32\pnrpnsp.dll
0x00007ffbc9770000 - 0x00007ffbc9785000 	C:\WINDOWS\system32\wshbth.dll
0x00007ffbda3e0000 - 0x00007ffbda3fd000 	C:\WINDOWS\system32\NLAapi.dll
0x00007ffbdcf40000 - 0x00007ffbdcf7b000 	C:\WINDOWS\SYSTEM32\IPHLPAPI.DLL
0x00007ffbdcf80000 - 0x00007ffbdd04b000 	C:\WINDOWS\SYSTEM32\DNSAPI.dll
0x00007ffbe03a0000 - 0x00007ffbe03a8000 	C:\WINDOWS\System32\NSI.dll
0x00007ffbc8660000 - 0x00007ffbc8672000 	C:\WINDOWS\System32\winrnr.dll
0x00007ffbd45a0000 - 0x00007ffbd45aa000 	C:\Windows\System32\rasadhlp.dll
0x00007ffbd45f0000 - 0x00007ffbd466f000 	C:\WINDOWS\System32\fwpuclnt.dll
0x00007ffbddbe0000 - 0x00007ffbddc07000 	C:\WINDOWS\System32\bcrypt.dll

dbghelp: loaded successfully - version: 4.0.5 - missing functions: none
symbol engine: initialized successfully - sym options: 0x614 - pdb path: .;C:\Users\Admin\.jdks\openjdk-15.0.1\bin;C:\WINDOWS\SYSTEM32;C:\Program Files\AVAST Software\Avast;C:\WINDOWS\WinSxS\amd64_microsoft.windows.common-controls_6595b64144ccf1df_6.0.19041.488_none_ca04af081b815d21;C:\Users\Admin\.jdks\openjdk-15.0.1\bin\server

VM Arguments:
jvm_args: -XX:TieredStopAtLevel=1 -Dfile.encoding=windows-1252 -Duser.country=AR -Duser.language=es -Duser.variant 
java_command: com.examplecodeoftheweb.salvo_n.SalvoNApplication
java_class_path (initial): C:\Users\Admin\Desktop\no borrar\Project_Salvo (2)\Project_Salvo\salvo_n\build\classes\java\main;C:\Users\Admin\Desktop\no borrar\Project_Salvo (2)\Project_Salvo\salvo_n\build\resources\main;C:\Users\Admin\Desktop\Java\Gradle\gradle-6.7-all\gradle-6.7\bin\caches\modules-2\files-2.1\com.h2database\h2\1.4.200\f7533fe7cb8e99c87a43d325a77b4b678ad9031a\h2-1.4.200.jar;C:\Users\Admin\Desktop\Java\Gradle\gradle-6.7-all\gradle-6.7\bin\caches\modules-2\files-2.1\org.springframework.security\spring-security-config\5.4.1\4697a41c836ff9e96d34d22993b2cad5a8ae1dff\spring-security-config-5.4.1.jar;C:\Users\Admin\Desktop\Java\Gradle\gradle-6.7-all\gradle-6.7\bin\caches\modules-2\files-2.1\org.springframework.security\spring-security-web\5.4.1\5aa439a5e3873c15104a11dc0c6180f8b4dfe32a\spring-security-web-5.4.1.jar;C:\Users\Admin\Desktop\Java\Gradle\gradle-6.7-all\gradle-6.7\bin\caches\modules-2\files-2.1\org.springframework.data\spring-data-jpa\2.4.1\ad179735be540e3514bda3cda6a4aa36f86f663e\spring-data-jpa-2.4.1.jar;C:\Users\Admin\Desktop\Java\Gradle\gradle-6.7-all\gradle-6.7\bin\caches\modules-2\files-2.1\org.springframework.data\spring-data-rest-webmvc\3.4.1\1564c6015248f59c670bd43c9ba09b8a71ced2af\spring-data-rest-webmvc-3.4.1.jar;C:\Users\Admin\Desktop\Java\Gradle\gradle-6.7-all\gradle-6.7\bin\caches\modules-2\files-2.1\org.springframework.data\spring-data-rest-core\3.4.1\fcb7bfef4e4bc391eee214ce80387580b1fae85\spring-data-rest-core-3.4.1.jar;C:\Users\Admin\Desktop\Java\Gradle\gradle-6.7-all\gradle-6.7\bin\caches\modules-2\files-2.1\org.springframework\spring-webmvc\5.3.1\17493978f251b7e51393cdf19f4f51af9c1f04f2\spring-webmvc-5.3.1.jar;C:\Users\Admin\Desktop\Java\Gradle\gradle-6.7-all\gradle-6.7\bin\caches\modules-2\files-2.1\org.springframework.security\spring-security-core\5.4.1\f98b348c4009dba35f9fe117f5cd72cade0a8fde\spring-security-core-5.4.1.jar;C:\Users\Admin\Desktop\Java\Gradle\gradle-6.7-all\gradle-6.7\bin\caches\modules-2\files-2.1\org.spring
Launcher Type: SUN_STANDARD

[Global flags]
     intx CICompilerCount                          = 3                                         {product} {ergonomic}
     uint ConcGCThreads                            = 1                                         {product} {ergonomic}
     uint G1ConcRefinementThreads                  = 4                                         {product} {ergonomic}
   size_t G1HeapRegionSize                         = 1048576                                   {product} {ergonomic}
    uintx GCDrainStackTargetSize                   = 64                                        {product} {ergonomic}
   size_t InitialHeapSize                          = 134217728                                 {product} {ergonomic}
   size_t MarkStackSize                            = 4194304                                   {product} {ergonomic}
   size_t MaxHeapSize                              = 2136997888                                {product} {ergonomic}
   size_t MaxNewSize                               = 1281359872                                {product} {ergonomic}
   size_t MinHeapDeltaBytes                        = 1048576                                   {product} {ergonomic}
   size_t MinHeapSize                              = 8388608                                   {product} {ergonomic}
    uintx NonNMethodCodeHeapSize                   = 6973028                                {pd product} {ergonomic}
    uintx NonProfiledCodeHeapSize                  = 244685212                              {pd product} {ergonomic}
    uintx ProfiledCodeHeapSize                     = 0                                      {pd product} {ergonomic}
    uintx ReservedCodeCacheSize                    = 251658240                              {pd product} {ergonomic}
     bool SegmentedCodeCache                       = true                                      {product} {ergonomic}
   size_t SoftMaxHeapSize                          = 2136997888                             {manageable} {ergonomic}
     intx TieredStopAtLevel                        = 1                                         {product} {command line}
     bool UseCompressedClassPointers               = true                                 {lp64_product} {ergonomic}
     bool UseCompressedOops                        = true                                 {lp64_product} {ergonomic}
     bool UseG1GC                                  = true                                      {product} {ergonomic}
     bool UseLargePagesIndividualAllocation        = false                                  {pd product} {ergonomic}

Logging:
Log output configuration:
 #0: stdout all=warning uptime,level,tags
 #1: stderr all=off uptime,level,tags

Environment Variables:
PATH=C:\Program Files\Common Files\Oracle\Java\javapath;C:\Windows\system32;C:\Windows;C:\Windows\System32\Wbem;C:\Windows\System32\WindowsPowerShell\v1.0\;C:\Program Files (x86)\NVIDIA Corporation\PhysX\Common;C:\WINDOWS\system32;C:\WINDOWS;C:\WINDOWS\System32\Wbem;C:\WINDOWS\System32\WindowsPowerShell\v1.0\;C:\Program Files (x86)\Windows Live\Shared;C:\WINDOWS\System32\OpenSSH\;C:\Program Files\Java\jdk1.8.0_191\bin;C:\ProgramData\Applications\nodejs;C:\Program Files\MongoDB\Server\4.0\bin;C:\Program Files\dotnet\;C:\Program Files\Microsoft SQL Server\130\Tools\Binn\;C:\Program Files (x86)\Microsoft SQL Server\150\DTS\Binn\;C:\Program Files\Microsoft SQL Server\Client SDK\ODBC\130\Tools\Binn\;C:\Program Files (x86)\Microsoft SQL Server\140\Tools\Binn\;C:\Program Files\Microsoft SQL Server\140\Tools\Binn\;C:\Program Files\Microsoft SQL Server\140\DTS\Binn\;C:\Program Files\Microsoft SQL Server\Client SDK\ODBC\170\Tools\Binn\;C:\Program Files\Git\cmd;C:\Program Files (x86)\Microsoft SQL Server\150\Tools\Binn\;C:\Program Files\Microsoft SQL Server\150\Tools\Binn\;C:\Program Files\Microsoft SQL Server\150\DTS\Binn\;C:\Program Files\Java\jdk-11.0.9\bin;C:\Users\Admin\Desktop\Java\Gradle\gradle-6.7-all\gradle-6.7\bin;C:\Program Files\Java\jdk-11.0.9\bin;C:\Program Files\MySQL\MySQL Shell 8.0\bin\;C:\Users\Admin\AppData\Local\Microsoft\WindowsApps;C:\Users\Admin\AppData\Local\Programs\Microsoft VS Code\bin;
USERNAME=Admin
OS=Windows_NT
PROCESSOR_IDENTIFIER=Intel64 Family 6 Model 94 Stepping 3, GenuineIntel



---------------  S Y S T E M  ---------------

OS:
 Windows 10 , 64 bit Build 19041 (10.0.19041.662)
OS uptime: 0 days 3:20 hours

CPU: total 4 (initial active 4) (2 cores per cpu, 2 threads per core) family 6 model 94 stepping 3 microcode 0xcc, cmov, cx8, fxsr, mmx, sse, sse2, sse3, ssse3, sse4.1, sse4.2, popcnt, vzeroupper, avx, avx2, aes, clmul, erms, 3dnowpref, lzcnt, ht, tsc, tscinvbit, bmi1, bmi2, adx, fma, clflush, clflushopt

Memory: 4k page, system-wide physical 8144M (2156M free)
TotalPageFile size 11344M (AvailPageFile size 2598M)
current process WorkingSet (physical memory assigned to process): 157M, peak: 157M
current process commit charge ("private bytes"): 238M, peak: 238M

vm_info: OpenJDK 64-Bit Server VM (15.0.1+9-18) for windows-amd64 JRE (15.0.1+9-18), built on Sep 15 2020 14:39:31 by "mach5one" with unknown MS VC++:1925

END.
