#
# A fatal error has been detected by the Java Runtime Environment:
#
#  EXCEPTION_ACCESS_VIOLATION (0xc0000005) at pc=0x00007ffb77303535, pid=11540, tid=10324
#
# JRE version: OpenJDK Runtime Environment (15.0.1+9) (build 15.0.1+9-18)
# Java VM: OpenJDK 64-Bit Server VM (15.0.1+9-18, mixed mode, sharing, tiered, compressed oops, g1 gc, windows-amd64)
# Problematic frame:
# V  [jvm.dll+0x503535]
#
# No core dump will be written. Minidumps are not enabled by default on client versions of Windows
#
# If you would like to submit a bug report, please visit:
#   https://bugreport.java.com/bugreport/crash.jsp
#

---------------  S U M M A R Y ------------

Command Line: -XX:TieredStopAtLevel=1 -Dfile.encoding=windows-1252 -Duser.country=AR -Duser.language=es -Duser.variant com.examplecodeoftheweb.salvo_n.SalvoNApplication

Host: Intel(R) Core(TM) i3-6100 CPU @ 3.70GHz, 4 cores, 7G,  Windows 10 , 64 bit Build 19041 (10.0.19041.662)
Time: Mon Dec 14 12:11:23 2020 Hora estándar de Argentina elapsed time: 3.068681 seconds (0d 0h 0m 3s)

---------------  T H R E A D  ---------------

Current thread (0x0000027d7f81bde0):  JavaThread "main" [_thread_in_vm, id=10324, stack(0x000000c2bb500000,0x000000c2bb600000)]

Stack: [0x000000c2bb500000,0x000000c2bb600000],  sp=0x000000c2bb5fcc08,  free space=1011k
Native frames: (J=compiled Java code, j=interpreted, Vv=VM code, C=native code)
V  [jvm.dll+0x503535]

Java frames: (J=compiled Java code, j=interpreted, Vv=VM code)
J 2721  java.lang.Class.getDeclaredMethods0(Z)[Ljava/lang/reflect/Method; java.base@15.0.1 (0 bytes) @ 0x0000027d08c42b0b [0x0000027d08c42ac0+0x000000000000004b]
J 1531 c1 java.lang.Class.privateGetDeclaredMethods(Z)[Ljava/lang/reflect/Method; java.base@15.0.1 (64 bytes) @ 0x0000027d08a4a71c [0x0000027d08a4a680+0x000000000000009c]
J 2724 c1 org.springframework.util.ReflectionUtils.getDeclaredMethods(Ljava/lang/Class;Z)[Ljava/lang/reflect/Method; (209 bytes) @ 0x0000027d08c47c5c [0x0000027d08c47b60+0x00000000000000fc]
J 3059 c1 org.springframework.util.ReflectionUtils.doWithLocalMethods(Ljava/lang/Class;Lorg/springframework/util/ReflectionUtils$MethodCallback;)V (89 bytes) @ 0x0000027d08ce2064 [0x0000027d08ce2040+0x0000000000000024]
j  org.springframework.orm.jpa.support.PersistenceAnnotationBeanPostProcessor.buildPersistenceMetadata(Ljava/lang/Class;)Lorg/springframework/beans/factory/annotation/InjectionMetadata;+69
j  org.springframework.orm.jpa.support.PersistenceAnnotationBeanPostProcessor.findPersistenceMetadata(Ljava/lang/String;Ljava/lang/Class;Lorg/springframework/beans/PropertyValues;)Lorg/springframework/beans/factory/annotation/InjectionMetadata;+88
j  org.springframework.orm.jpa.support.PersistenceAnnotationBeanPostProcessor.postProcessMergedBeanDefinition(Lorg/springframework/beans/factory/support/RootBeanDefinition;Ljava/lang/Class;Ljava/lang/String;)V+4
j  org.springframework.beans.factory.support.AbstractAutowireCapableBeanFactory.applyMergedBeanDefinitionPostProcessors(Lorg/springframework/beans/factory/support/RootBeanDefinition;Ljava/lang/Class;Ljava/lang/String;)V+41
j  org.springframework.beans.factory.support.AbstractAutowireCapableBeanFactory.doCreateBean(Ljava/lang/String;Lorg/springframework/beans/factory/support/RootBeanDefinition;[Ljava/lang/Object;)Ljava/lang/Object;+90
j  org.springframework.beans.factory.support.AbstractAutowireCapableBeanFactory.createBean(Ljava/lang/String;Lorg/springframework/beans/factory/support/RootBeanDefinition;[Ljava/lang/Object;)Ljava/lang/Object;+169
j  org.springframework.beans.factory.support.AbstractBeanFactory.lambda$doGetBean$0(Ljava/lang/String;Lorg/springframework/beans/factory/support/RootBeanDefinition;[Ljava/lang/Object;)Ljava/lang/Object;+4
j  org.springframework.beans.factory.support.AbstractBeanFactory$$Lambda$235+0x0000000800ccea78.getObject()Ljava/lang/Object;+16
j  org.springframework.beans.factory.support.DefaultSingletonBeanRegistry.getSingleton(Ljava/lang/String;Lorg/springframework/beans/factory/ObjectFactory;)Ljava/lang/Object;+132
J 2682 c1 org.springframework.beans.factory.support.AbstractBeanFactory.doGetBean(Ljava/lang/String;Ljava/lang/Class;[Ljava/lang/Object;Z)Ljava/lang/Object; (952 bytes) @ 0x0000027d08c25d7c [0x0000027d08c256c0+0x00000000000006bc]
J 2072 c1 org.springframework.beans.factory.support.AbstractBeanFactory.getBean(Ljava/lang/String;Ljava/lang/Class;)Ljava/lang/Object; (9 bytes) @ 0x0000027d08b2c5e4 [0x0000027d08b2c5a0+0x0000000000000044]
j  org.springframework.boot.web.servlet.ServletContextInitializerBeans.getOrderedBeansOfType(Lorg/springframework/beans/factory/ListableBeanFactory;Ljava/lang/Class;Ljava/util/Set;)Ljava/util/List;+69
j  org.springframework.boot.web.servlet.ServletContextInitializerBeans.addAsRegistrationBean(Lorg/springframework/beans/factory/ListableBeanFactory;Ljava/lang/Class;Ljava/lang/Class;Lorg/springframework/boot/web/servlet/ServletContextInitializerBeans$RegistrationBeanAdapter;)V+7
j  org.springframework.boot.web.servlet.ServletContextInitializerBeans.addAsRegistrationBean(Lorg/springframework/beans/factory/ListableBeanFactory;Ljava/lang/Class;Lorg/springframework/boot/web/servlet/ServletContextInitializerBeans$RegistrationBeanAdapter;)V+5
j  org.springframework.boot.web.servlet.ServletContextInitializerBeans.addAdaptableBeans(Lorg/springframework/beans/factory/ListableBeanFactory;)V+33
j  org.springframework.boot.web.servlet.ServletContextInitializerBeans.<init>(Lorg/springframework/beans/factory/ListableBeanFactory;[Ljava/lang/Class;)V+54
j  org.springframework.boot.web.servlet.context.ServletWebServerApplicationContext.getServletContextInitializerBeans()Ljava/util/Collection;+12
j  org.springframework.boot.web.servlet.context.ServletWebServerApplicationContext.selfInitialize(Ljavax/servlet/ServletContext;)V+19
j  org.springframework.boot.web.servlet.context.ServletWebServerApplicationContext$$Lambda$625+0x0000000800e7d358.onStartup(Ljavax/servlet/ServletContext;)V+5
j  org.springframework.boot.web.embedded.tomcat.TomcatStarter.onStartup(Ljava/util/Set;Ljavax/servlet/ServletContext;)V+28
j  org.apache.catalina.core.StandardContext.startInternal()V+1065
j  org.apache.catalina.util.LifecycleBase.start()V+210
j  org.apache.catalina.core.ContainerBase$StartChild.call()Ljava/lang/Void;+4
j  org.apache.catalina.core.ContainerBase$StartChild.call()Ljava/lang/Object;+1
j  java.util.concurrent.FutureTask.run()V+39 java.base@15.0.1
j  org.apache.tomcat.util.threads.InlineExecutorService.execute(Ljava/lang/Runnable;)V+38
j  java.util.concurrent.AbstractExecutorService.submit(Ljava/util/concurrent/Callable;)Ljava/util/concurrent/Future;+20 java.base@15.0.1
j  org.apache.catalina.core.ContainerBase.startInternal()V+106
j  org.apache.catalina.core.StandardHost.startInternal()V+175
j  org.apache.catalina.util.LifecycleBase.start()V+210
j  org.apache.catalina.core.ContainerBase$StartChild.call()Ljava/lang/Void;+4
j  org.apache.catalina.core.ContainerBase$StartChild.call()Ljava/lang/Object;+1
j  java.util.concurrent.FutureTask.run()V+39 java.base@15.0.1
j  org.apache.tomcat.util.threads.InlineExecutorService.execute(Ljava/lang/Runnable;)V+38
j  java.util.concurrent.AbstractExecutorService.submit(Ljava/util/concurrent/Callable;)Ljava/util/concurrent/Future;+20 java.base@15.0.1
j  org.apache.catalina.core.ContainerBase.startInternal()V+106
j  org.apache.catalina.core.StandardEngine.startInternal()V+38
j  org.apache.catalina.util.LifecycleBase.start()V+210
j  org.apache.catalina.core.StandardService.startInternal()V+63
j  org.apache.catalina.util.LifecycleBase.start()V+210
j  org.apache.catalina.core.StandardServer.startInternal()V+53
j  org.apache.catalina.util.LifecycleBase.start()V+210
j  org.apache.catalina.startup.Tomcat.start()V+9
j  org.springframework.boot.web.embedded.tomcat.TomcatWebServer.initialize()V+64
j  org.springframework.boot.web.embedded.tomcat.TomcatWebServer.<init>(Lorg/apache/catalina/startup/Tomcat;ZLorg/springframework/boot/web/server/Shutdown;)V+66
j  org.springframework.boot.web.embedded.tomcat.TomcatServletWebServerFactory.getTomcatWebServer(Lorg/apache/catalina/startup/Tomcat;)Lorg/springframework/boot/web/embedded/tomcat/TomcatWebServer;+21
j  org.springframework.boot.web.embedded.tomcat.TomcatServletWebServerFactory.getWebServer([Lorg/springframework/boot/web/servlet/ServletContextInitializer;)Lorg/springframework/boot/web/server/WebServer;+165
j  org.springframework.boot.web.servlet.context.ServletWebServerApplicationContext.createWebServer()V+67
j  org.springframework.boot.web.servlet.context.ServletWebServerApplicationContext.onRefresh()V+5
j  org.springframework.context.support.AbstractApplicationContext.refresh()V+77
j  org.springframework.boot.web.servlet.context.ServletWebServerApplicationContext.refresh()V+1
j  org.springframework.boot.SpringApplication.refresh(Lorg/springframework/context/ConfigurableApplicationContext;)V+1
j  org.springframework.boot.SpringApplication.refresh(Lorg/springframework/context/ApplicationContext;)V+12
j  org.springframework.boot.SpringApplication.refreshContext(Lorg/springframework/context/ConfigurableApplicationContext;)V+19
j  org.springframework.boot.SpringApplication.run([Ljava/lang/String;)Lorg/springframework/context/ConfigurableApplicationContext;+111
j  org.springframework.boot.SpringApplication.run([Ljava/lang/Class;[Ljava/lang/String;)Lorg/springframework/context/ConfigurableApplicationContext;+9
j  org.springframework.boot.SpringApplication.run(Ljava/lang/Class;[Ljava/lang/String;)Lorg/springframework/context/ConfigurableApplicationContext;+9
j  com.examplecodeoftheweb.salvo_n.SalvoNApplication.main([Ljava/lang/String;)V+3
v  ~StubRoutines::call_stub

siginfo: EXCEPTION_ACCESS_VIOLATION (0xc0000005), reading address 0xffffffffffffffff


Register to memory mapping:

RIP=0x00007ffb77303535 jvm.dll
RAX=0x0000000000000003 is an unknown value
RBX=0x0000027d1f84ea18 points into unknown readable memory: 0x0000000083205d08 | 08 5d 20 83 00 00 00 00
RCX=0x075202000000000a is an unknown value
RDX=0x0000000800032f58 is a pointer to class: 
java.lang.Throwable {0x0000000800032f60}
RSP=0x000000c2bb5fcc08 is pointing into the stack for thread: 0x0000027d7f81bde0
RBP=0x075202000000000a is an unknown value
RSI=0x0000000000000001 is an unknown value
RDI=0x0000000000000001 is an unknown value
R8 =0x0000000000000004 is an unknown value
R9 =0x0000000000000004 is an unknown value
R10=0x0000027d7d65ba20 points into unknown readable memory: 0x0000008000000003 | 03 00 00 00 80 00 00 00
R11=0x0000027d21a7f608 is pointing into metadata
R12=0x0 is NULL
R13=0x0000000000000002 is an unknown value
R14=0x0000000000000010 is an unknown value
R15=0x0000027d7f81bde0 is a thread


Registers:
RAX=0x0000000000000003, RBX=0x0000027d1f84ea18, RCX=0x075202000000000a, RDX=0x0000000800032f58
RSP=0x000000c2bb5fcc08, RBP=0x075202000000000a, RSI=0x0000000000000001, RDI=0x0000000000000001
R8 =0x0000000000000004, R9 =0x0000000000000004, R10=0x0000027d7d65ba20, R11=0x0000027d21a7f608
R12=0x0000000000000000, R13=0x0000000000000002, R14=0x0000000000000010, R15=0x0000027d7f81bde0
RIP=0x00007ffb77303535, EFLAGS=0x0000000000010206

Top of Stack: (sp=0x000000c2bb5fcc08)
0x000000c2bb5fcc08:   00007ffb773e0d7e 0000027d1f84ea18
0x000000c2bb5fcc18:   0000000000000037 000000c2bb5fcd01
0x000000c2bb5fcc28:   0000000000000000 075202000000000a
0x000000c2bb5fcc38:   0000000000000001 0000027d21ab2f28
0x000000c2bb5fcc48:   0000027d7f81bde0 0000027d7f81c300
0x000000c2bb5fcc58:   00007ffb7747385e 0000027d1f84e9f8
0x000000c2bb5fcc68:   0000000000000002 0000027d21a7f608
0x000000c2bb5fcc78:   0000027d7f81bde0 0000027d7f81bde0
0x000000c2bb5fcc88:   00007ffb774a7f30 00000000000003d8
0x000000c2bb5fcc98:   0000027d7f81c698 0000027d209c8780
0x000000c2bb5fcca8:   0000006d0000006c 000000000000006d
0x000000c2bb5fccb8:   ffffffff0000000e 0000027d209383d0
0x000000c2bb5fccc8:   0000027d7f81c300 0000000800d8bb00
0x000000c2bb5fccd8:   000000c2bb5fcd01 0000027d1f84ea10
0x000000c2bb5fcce8:   0000000080dfddc0 0000027d7f81b620
0x000000c2bb5fccf8:   000000c2bb5fcdf0 0000000000000000 

Instructions: (pc=0x00007ffb77303535)
0x00007ffb77303435:   48 89 4a f8 49 83 e8 01 75 e1 41 39 2f 7e 24 4c
0x00007ffb77303445:   8b c5 4f 8d 0c ca 0f 1f 44 00 00 49 8b 47 18 4d
0x00007ffb77303455:   8d 40 08 ff c5 49 8b 4c 00 f8 4b 89 0c 01 41 3b
0x00007ffb77303465:   2f 7c e8 4d 89 56 28 49 83 3c 24 00 74 25 48 8b
0x00007ffb77303475:   54 24 70 eb 0e 48 8b 5c 24 70 49 39 2c 24 74 13
0x00007ffb77303485:   48 8b d3 49 8b cd e8 30 54 b9 ff 49 8b cc e8 98
0x00007ffb77303495:   53 b9 ff 48 8b 44 24 78 4c 8b 7c 24 30 4d 89 65
0x00007ffb773034a5:   10 4c 8b a4 24 80 00 00 00 49 89 45 18 48 8b 44
0x00007ffb773034b5:   24 20 49 89 45 20 4c 8b 6c 24 38 48 83 c4 40 41
0x00007ffb773034c5:   5e 5f 5e 5d 5b c3 cc cc cc cc cc 83 b9 a4 00 00
0x00007ffb773034d5:   00 00 4c 8b c1 7c 4c 48 8b 15 bd e6 59 00 8b 4a
0x00007ffb773034e5:   14 4a 39 14 01 74 3c 83 f9 20 75 30 4c 3b c2 74
0x00007ffb773034f5:   32 49 8b 40 28 48 63 08 85 c9 7e 20 4c 8b c9 33
0x00007ffb77303505:   c9 48 83 c0 08 66 0f 1f 44 00 00 48 39 10 74 0f
0x00007ffb77303515:   48 ff c1 48 83 c0 08 49 3b c9 7c ef 32 c0 c3 49
0x00007ffb77303525:   89 50 20 b0 01 c3 cc cc cc cc cc 48 3b ca 74 1c
0x00007ffb77303535:   48 8b 41 78 48 85 c0 74 10 66 90 48 3b c2 74 0c
0x00007ffb77303545:   48 8b 40 78 48 85 c0 75 f2 32 c0 c3 b0 01 c3 cc
0x00007ffb77303555:   cc cc cc cc cc cc cc cc cc cc cc 40 53 48 83 ec
0x00007ffb77303565:   20 48 8b d9 f6 c1 07 75 43 48 81 f9 00 10 00 00
0x00007ffb77303575:   72 3a 48 8d 91 c8 00 00 00 e8 8d a4 11 00 84 c0
0x00007ffb77303585:   74 2a 48 8b cb e8 b1 cf 0c 00 84 c0 74 1e 48 8b
0x00007ffb77303595:   4b 18 e8 64 35 1f 00 84 c0 74 11 48 8b 8b 98 00
0x00007ffb773035a5:   00 00 48 83 c4 20 5b e9 9f 79 cc ff 32 c0 48 83
0x00007ffb773035b5:   c4 20 5b c3 cc cc cc cc cc cc cc 48 8b 49 70 48
0x00007ffb773035c5:   85 c9 75 03 33 c0 c3 48 ff 25 85 82 4f 00 cc cc
0x00007ffb773035d5:   cc cc cc cc cc cc cc cc cc cc cc 48 89 5c 24 08
0x00007ffb773035e5:   48 89 6c 24 10 48 89 74 24 18 48 89 7c 24 20 41
0x00007ffb773035f5:   56 48 83 ec 30 41 0f b6 e8 4c 8b f2 e8 4a f9 ff
0x00007ffb77303605:   ff 48 c7 c3 ff ff ff ff 48 8b f0 48 8b fb 48 ff
0x00007ffb77303615:   c7 80 3c 38 00 75 f7 44 0f b6 c5 b2 01 49 8b ce
0x00007ffb77303625:   e8 96 f1 ff ff 48 8b e8 0f 1f 00 48 ff c3 80 3c 


Stack slot to memory mapping:
stack at sp + 0 slots: 0x00007ffb773e0d7e jvm.dll
stack at sp + 1 slots: 0x0000027d1f84ea18 points into unknown readable memory: 0x0000000083205d08 | 08 5d 20 83 00 00 00 00
stack at sp + 2 slots: 0x0000000000000037 is an unknown value
stack at sp + 3 slots: 0x000000c2bb5fcd01 is pointing into the stack for thread: 0x0000027d7f81bde0
stack at sp + 4 slots: 0x0 is NULL
stack at sp + 5 slots: 0x075202000000000a is an unknown value
stack at sp + 6 slots: 0x0000000000000001 is an unknown value
stack at sp + 7 slots: {method} {0x0000027d21ab2f30} 'doFilterInternal' '(Ljavax/servlet/http/HttpServletRequest;Ljavax/servlet/http/HttpServletResponse;Ljavax/servlet/FilterChain;)V' in 'org/springframework/web/filter/RequestContextFilter'


---------------  P R O C E S S  ---------------

Threads class SMR info:
_java_thread_list=0x0000027d210c8720, length=12, elements={
0x0000027d7f81bde0, 0x0000027d1e98b190, 0x0000027d1e98c110, 0x0000027d1e9aa4c0,
0x0000027d1e9aa990, 0x0000027d1e9adb10, 0x0000027d1e9b1d80, 0x0000027d1e9b2b30,
0x0000027d1f3e4100, 0x0000027d1f3e8a90, 0x0000027d210b1020, 0x0000027d21090b70
}

Java Threads: ( => current thread )
=>0x0000027d7f81bde0 JavaThread "main" [_thread_in_vm, id=10324, stack(0x000000c2bb500000,0x000000c2bb600000)]
  0x0000027d1e98b190 JavaThread "Reference Handler" daemon [_thread_blocked, id=2868, stack(0x000000c2bbc00000,0x000000c2bbd00000)]
  0x0000027d1e98c110 JavaThread "Finalizer" daemon [_thread_blocked, id=8152, stack(0x000000c2bbd00000,0x000000c2bbe00000)]
  0x0000027d1e9aa4c0 JavaThread "Signal Dispatcher" daemon [_thread_blocked, id=9180, stack(0x000000c2bbe00000,0x000000c2bbf00000)]
  0x0000027d1e9aa990 JavaThread "Attach Listener" daemon [_thread_blocked, id=4840, stack(0x000000c2bbf00000,0x000000c2bc000000)]
  0x0000027d1e9adb10 JavaThread "Service Thread" daemon [_thread_blocked, id=7660, stack(0x000000c2bc000000,0x000000c2bc100000)]
  0x0000027d1e9b1d80 JavaThread "C1 CompilerThread0" daemon [_thread_blocked, id=3408, stack(0x000000c2bc100000,0x000000c2bc200000)]
  0x0000027d1e9b2b30 JavaThread "Sweeper thread" daemon [_thread_blocked, id=9140, stack(0x000000c2bc200000,0x000000c2bc300000)]
  0x0000027d1f3e4100 JavaThread "Notification Thread" daemon [_thread_blocked, id=2844, stack(0x000000c2bc300000,0x000000c2bc400000)]
  0x0000027d1f3e8a90 JavaThread "Common-Cleaner" daemon [_thread_blocked, id=5200, stack(0x000000c2bc500000,0x000000c2bc600000)]
  0x0000027d210b1020 JavaThread "HikariPool-1 housekeeper" daemon [_thread_blocked, id=5296, stack(0x000000c2bc800000,0x000000c2bc900000)]
  0x0000027d21090b70 JavaThread "HikariPool-1 connection adder" daemon [_thread_blocked, id=4616, stack(0x000000c2bca00000,0x000000c2bcb00000)]

Other Threads:
  0x0000027d1e984140 VMThread "VM Thread" [stack: 0x000000c2bbb00000,0x000000c2bbc00000] [id=10280]
  0x0000027d1f3e45d0 WatcherThread [stack: 0x000000c2bc400000,0x000000c2bc500000] [id=8960]
  0x0000027d7f85c0f0 GCTaskThread "GC Thread#0" [stack: 0x000000c2bb600000,0x000000c2bb700000] [id=10960]
  0x0000027d1fa776e0 GCTaskThread "GC Thread#1" [stack: 0x000000c2bc600000,0x000000c2bc700000] [id=10144]
  0x0000027d1fa78d30 GCTaskThread "GC Thread#2" [stack: 0x000000c2bc700000,0x000000c2bc800000] [id=596]
  0x0000027d1fa78070 GCTaskThread "GC Thread#3" [stack: 0x000000c2bc900000,0x000000c2bca00000] [id=12916]
  0x0000027d7f86d1d0 ConcurrentGCThread "G1 Main Marker" [stack: 0x000000c2bb700000,0x000000c2bb800000] [id=11508]
  0x0000027d7f86e560 ConcurrentGCThread "G1 Conc#0" [stack: 0x000000c2bb800000,0x000000c2bb900000] [id=10060]
  0x0000027d7f8d8900 ConcurrentGCThread "G1 Refine#0" [stack: 0x000000c2bb900000,0x000000c2bba00000] [id=9372]
  0x0000027d7f8d9500 ConcurrentGCThread "G1 Young RemSet Sampling" [stack: 0x000000c2bba00000,0x000000c2bbb00000] [id=12340]

Threads with active compile tasks:

VM state: not at safepoint (normal execution)

VM Mutex/Monitor currently owned by a thread: None

Heap address: 0x0000000080a00000, size: 2038 MB, Compressed Oops mode: 32-bit
CDS archive(s) mapped at: [0x0000000800000000-0x0000000800b50000-0x0000000800b50000), size 11862016, SharedBaseAddress: 0x0000000800000000, ArchiveRelocationMode: 0.
Compressed class space mapped at: 0x0000000800b50000-0x0000000840b50000, size: 1073741824
Narrow klass base: 0x0000000800000000, Narrow klass shift: 3, Narrow klass range: 0x100000000

GC Precious Log:
 CPUs: 4 total, 4 available
 Memory: 8144M
 Large Page Support: Disabled
 NUMA Support: Disabled
 Compressed Oops: Enabled (32-bit)
 Heap Region Size: 1M
 Heap Min Capacity: 8M
 Heap Initial Capacity: 128M
 Heap Max Capacity: 2038M
 Pre-touch: Disabled
 Parallel Workers: 4
 Concurrent Workers: 1
 Concurrent Refinement Workers: 4
 Periodic GC: Disabled

Heap:
 garbage-first heap   total 59392K, used 34230K [0x0000000080a00000, 0x0000000100000000)
  region size 1024K, 20 young (20480K), 2 survivors (2048K)
 Metaspace       used 29454K, capacity 29794K, committed 30000K, reserved 1075200K
  class space    used 3817K, capacity 3949K, committed 3968K, reserved 1048576K

Heap Regions: E=young(eden), S=young(survivor), O=old, HS=humongous(starts), HC=humongous(continues), CS=collection set, F=free, OA=open archive, CA=closed archive, TAMS=top-at-mark-start (previous, next)
|   0|0x0000000080a00000, 0x0000000080b00000, 0x0000000080b00000|100%|HS|  |TAMS 0x0000000080b00000, 0x0000000080a00000| Complete 
|   1|0x0000000080b00000, 0x0000000080c00000, 0x0000000080c00000|100%| O|  |TAMS 0x0000000080c00000, 0x0000000080b00000| Untracked 
|   2|0x0000000080c00000, 0x0000000080d00000, 0x0000000080d00000|100%| O|  |TAMS 0x0000000080d00000, 0x0000000080c00000| Untracked 
|   3|0x0000000080d00000, 0x0000000080e00000, 0x0000000080e00000|100%| O|  |TAMS 0x0000000080e00000, 0x0000000080d00000| Untracked 
|   4|0x0000000080e00000, 0x0000000080f00000, 0x0000000080f00000|100%| O|  |TAMS 0x0000000080f00000, 0x0000000080e00000| Untracked 
|   5|0x0000000080f00000, 0x0000000080fd8000, 0x0000000081000000| 84%| O|  |TAMS 0x0000000080fd8000, 0x0000000080f00000| Untracked 
|   6|0x0000000081000000, 0x0000000081100000, 0x0000000081100000|100%| O|  |TAMS 0x0000000081000000, 0x0000000081000000| Untracked 
|   7|0x0000000081100000, 0x0000000081200000, 0x0000000081200000|100%| O|  |TAMS 0x0000000081100000, 0x0000000081100000| Untracked 
|   8|0x0000000081200000, 0x0000000081300000, 0x0000000081300000|100%| O|  |TAMS 0x0000000081200000, 0x0000000081200000| Untracked 
|   9|0x0000000081300000, 0x0000000081400000, 0x0000000081400000|100%| O|  |TAMS 0x0000000081300000, 0x0000000081300000| Untracked 
|  10|0x0000000081400000, 0x0000000081500000, 0x0000000081500000|100%| O|  |TAMS 0x0000000081400000, 0x0000000081400000| Untracked 
|  11|0x0000000081500000, 0x0000000081600000, 0x0000000081600000|100%| O|  |TAMS 0x0000000081500000, 0x0000000081500000| Untracked 
|  12|0x0000000081600000, 0x0000000081700000, 0x0000000081700000|100%| O|  |TAMS 0x0000000081600000, 0x0000000081600000| Untracked 
|  13|0x0000000081700000, 0x0000000081800000, 0x0000000081800000|100%| O|  |TAMS 0x0000000081700000, 0x0000000081700000| Untracked 
|  14|0x0000000081800000, 0x00000000818dd800, 0x0000000081900000| 86%| O|  |TAMS 0x0000000081800000, 0x0000000081800000| Untracked 
|  15|0x0000000081900000, 0x0000000081900000, 0x0000000081a00000|  0%| F|  |TAMS 0x0000000081900000, 0x0000000081900000| Untracked 
|  16|0x0000000081a00000, 0x0000000081a00000, 0x0000000081b00000|  0%| F|  |TAMS 0x0000000081a00000, 0x0000000081a00000| Untracked 
|  17|0x0000000081b00000, 0x0000000081b00000, 0x0000000081c00000|  0%| F|  |TAMS 0x0000000081b00000, 0x0000000081b00000| Untracked 
|  18|0x0000000081c00000, 0x0000000081c00000, 0x0000000081d00000|  0%| F|  |TAMS 0x0000000081c00000, 0x0000000081c00000| Untracked 
|  19|0x0000000081d00000, 0x0000000081d00000, 0x0000000081e00000|  0%| F|  |TAMS 0x0000000081d00000, 0x0000000081d00000| Untracked 
|  20|0x0000000081e00000, 0x0000000081e00000, 0x0000000081f00000|  0%| F|  |TAMS 0x0000000081e00000, 0x0000000081e00000| Untracked 
|  21|0x0000000081f00000, 0x0000000081f00000, 0x0000000082000000|  0%| F|  |TAMS 0x0000000081f00000, 0x0000000081f00000| Untracked 
|  22|0x0000000082000000, 0x0000000082000000, 0x0000000082100000|  0%| F|  |TAMS 0x0000000082000000, 0x0000000082000000| Untracked 
|  23|0x0000000082100000, 0x00000000821b81c8, 0x0000000082200000| 71%| S|CS|TAMS 0x0000000082100000, 0x0000000082100000| Complete 
|  24|0x0000000082200000, 0x0000000082300000, 0x0000000082300000|100%| S|CS|TAMS 0x0000000082200000, 0x0000000082200000| Complete 
|  25|0x0000000082300000, 0x0000000082300000, 0x0000000082400000|  0%| F|  |TAMS 0x0000000082300000, 0x0000000082300000| Untracked 
|  26|0x0000000082400000, 0x0000000082400000, 0x0000000082500000|  0%| F|  |TAMS 0x0000000082400000, 0x0000000082400000| Untracked 
|  27|0x0000000082500000, 0x0000000082500000, 0x0000000082600000|  0%| F|  |TAMS 0x0000000082500000, 0x0000000082500000| Untracked 
|  28|0x0000000082600000, 0x0000000082600000, 0x0000000082700000|  0%| F|  |TAMS 0x0000000082600000, 0x0000000082600000| Untracked 
|  29|0x0000000082700000, 0x0000000082700000, 0x0000000082800000|  0%| F|  |TAMS 0x0000000082700000, 0x0000000082700000| Untracked 
|  30|0x0000000082800000, 0x0000000082800000, 0x0000000082900000|  0%| F|  |TAMS 0x0000000082800000, 0x0000000082800000| Untracked 
|  31|0x0000000082900000, 0x0000000082900000, 0x0000000082a00000|  0%| F|  |TAMS 0x0000000082900000, 0x0000000082900000| Untracked 
|  32|0x0000000082a00000, 0x0000000082a00000, 0x0000000082b00000|  0%| F|  |TAMS 0x0000000082a00000, 0x0000000082a00000| Untracked 
|  33|0x0000000082b00000, 0x0000000082b00000, 0x0000000082c00000|  0%| F|  |TAMS 0x0000000082b00000, 0x0000000082b00000| Untracked 
|  34|0x0000000082c00000, 0x0000000082c00000, 0x0000000082d00000|  0%| F|  |TAMS 0x0000000082c00000, 0x0000000082c00000| Untracked 
|  35|0x0000000082d00000, 0x0000000082d00000, 0x0000000082e00000|  0%| F|  |TAMS 0x0000000082d00000, 0x0000000082d00000| Untracked 
|  36|0x0000000082e00000, 0x0000000082e00000, 0x0000000082f00000|  0%| F|  |TAMS 0x0000000082e00000, 0x0000000082e00000| Untracked 
|  37|0x0000000082f00000, 0x0000000082f00000, 0x0000000083000000|  0%| F|  |TAMS 0x0000000082f00000, 0x0000000082f00000| Untracked 
|  38|0x0000000083000000, 0x0000000083000000, 0x0000000083100000|  0%| F|  |TAMS 0x0000000083000000, 0x0000000083000000| Untracked 
|  39|0x0000000083100000, 0x0000000083100000, 0x0000000083200000|  0%| F|  |TAMS 0x0000000083100000, 0x0000000083100000| Untracked 
|  40|0x0000000083200000, 0x0000000083300000, 0x0000000083300000|100%| E|  |TAMS 0x0000000083200000, 0x0000000083200000| Complete 
|  41|0x0000000083300000, 0x0000000083400000, 0x0000000083400000|100%| E|CS|TAMS 0x0000000083300000, 0x0000000083300000| Complete 
|  42|0x0000000083400000, 0x0000000083500000, 0x0000000083500000|100%| E|CS|TAMS 0x0000000083400000, 0x0000000083400000| Complete 
|  43|0x0000000083500000, 0x0000000083600000, 0x0000000083600000|100%| E|CS|TAMS 0x0000000083500000, 0x0000000083500000| Complete 
|  44|0x0000000083600000, 0x0000000083700000, 0x0000000083700000|100%| E|CS|TAMS 0x0000000083600000, 0x0000000083600000| Complete 
|  45|0x0000000083700000, 0x0000000083800000, 0x0000000083800000|100%| E|CS|TAMS 0x0000000083700000, 0x0000000083700000| Complete 
|  46|0x0000000083800000, 0x0000000083900000, 0x0000000083900000|100%| E|CS|TAMS 0x0000000083800000, 0x0000000083800000| Complete 
|  47|0x0000000083900000, 0x0000000083a00000, 0x0000000083a00000|100%| E|CS|TAMS 0x0000000083900000, 0x0000000083900000| Complete 
|  48|0x0000000083a00000, 0x0000000083b00000, 0x0000000083b00000|100%| E|CS|TAMS 0x0000000083a00000, 0x0000000083a00000| Complete 
|  49|0x0000000083b00000, 0x0000000083c00000, 0x0000000083c00000|100%| E|CS|TAMS 0x0000000083b00000, 0x0000000083b00000| Complete 
|  80|0x0000000085a00000, 0x0000000085b00000, 0x0000000085b00000|100%| E|CS|TAMS 0x0000000085a00000, 0x0000000085a00000| Complete 
|  81|0x0000000085b00000, 0x0000000085c00000, 0x0000000085c00000|100%| E|CS|TAMS 0x0000000085b00000, 0x0000000085b00000| Complete 
|  82|0x0000000085c00000, 0x0000000085d00000, 0x0000000085d00000|100%| E|CS|TAMS 0x0000000085c00000, 0x0000000085c00000| Complete 
|  83|0x0000000085d00000, 0x0000000085e00000, 0x0000000085e00000|100%| E|CS|TAMS 0x0000000085d00000, 0x0000000085d00000| Complete 
|  84|0x0000000085e00000, 0x0000000085f00000, 0x0000000085f00000|100%| E|CS|TAMS 0x0000000085e00000, 0x0000000085e00000| Complete 
|  85|0x0000000085f00000, 0x0000000086000000, 0x0000000086000000|100%| E|CS|TAMS 0x0000000085f00000, 0x0000000085f00000| Complete 
|  86|0x0000000086000000, 0x0000000086100000, 0x0000000086100000|100%| E|CS|TAMS 0x0000000086000000, 0x0000000086000000| Complete 
| 153|0x000000008a300000, 0x000000008a400000, 0x000000008a400000|100%| E|CS|TAMS 0x000000008a300000, 0x000000008a300000| Complete 

Card table byte_map: [0x0000027d17ba0000,0x0000027d17fa0000] _byte_map_base: 0x0000027d1779b000

Marking Bits (Prev, Next): (CMBitMap*) 0x0000027d7f85c920, (CMBitMap*) 0x0000027d7f85c8e0
 Prev Bits: [0x0000027d1a380000, 0x0000027d1c358000)
 Next Bits: [0x0000027d183a0000, 0x0000027d1a378000)

Polling page: 0x0000027d00000000

Metaspace:

Usage:
  Non-class:     25.24 MB capacity,    25.04 MB (>99%) used,   166.58 KB ( <1%) free+waste,    41.06 KB ( <1%) overhead. 
      Class:      3.86 MB capacity,     3.73 MB ( 97%) used,   114.76 KB (  3%) free+waste,    16.75 KB ( <1%) overhead. 
       Both:     29.10 MB capacity,    28.76 MB ( 99%) used,   281.34 KB ( <1%) free+waste,    57.81 KB ( <1%) overhead. 

Virtual space:
  Non-class space:       26.00 MB reserved,      25.42 MB ( 98%) committed 
      Class space:        1.00 GB reserved,       3.88 MB ( <1%) committed 
             Both:        1.03 GB reserved,      29.30 MB (  3%) committed 

Chunk freelists:
   Non-Class:  3.00 KB
       Class:  19.00 KB
        Both:  22.00 KB

MaxMetaspaceSize: 17179869184.00 GB
CompressedClassSpaceSize: 1.00 GB

CodeHeap 'non-profiled nmethods': size=238912Kb used=5867Kb max_used=5867Kb free=233044Kb
 bounds [0x0000027d08820000, 0x0000027d08de0000, 0x0000027d17170000]
CodeHeap 'non-nmethods': size=6848Kb used=1220Kb max_used=1220Kb free=5628Kb
 bounds [0x0000027d08170000, 0x0000027d083e0000, 0x0000027d08820000]
 total_blobs=4074 nmethods=3582 adapters=419
 compilation: enabled
              stopped_count=0, restarted_count=0
 full_count=0

Compilation events (20 events):
Event: 3.028 Thread 0x0000027d1e9b1d80 3572       1       org.springframework.boot.context.properties.bind.Binder::findProperty (62 bytes)
Event: 3.028 Thread 0x0000027d1e9b1d80 nmethod 3572 0x0000027d08dd4690 code [0x0000027d08dd4860, 0x0000027d08dd4ad8]
Event: 3.028 Thread 0x0000027d1e9b1d80 3569   !   1       org.springframework.boot.context.properties.bind.Binder::bind (74 bytes)
Event: 3.028 Thread 0x0000027d1e9b1d80 nmethod 3569 0x0000027d08dd4d10 code [0x0000027d08dd4ee0, 0x0000027d08dd5188]
Event: 3.028 Thread 0x0000027d1e9b1d80 3570       1       org.springframework.boot.context.properties.bind.BindHandler::onStart (2 bytes)
Event: 3.028 Thread 0x0000027d1e9b1d80 nmethod 3570 0x0000027d08dd5390 code [0x0000027d08dd5520, 0x0000027d08dd55d8]
Event: 3.028 Thread 0x0000027d1e9b1d80 3571   !   1       org.springframework.boot.context.properties.bind.Binder::bindObject (116 bytes)
Event: 3.029 Thread 0x0000027d1e9b1d80 nmethod 3571 0x0000027d08dd5690 code [0x0000027d08dd58c0, 0x0000027d08dd5db8]
Event: 3.029 Thread 0x0000027d1e9b1d80 3573       1       org.springframework.boot.context.properties.bind.Binder::handleBindResult (121 bytes)
Event: 3.030 Thread 0x0000027d1e9b1d80 nmethod 3573 0x0000027d08dd6190 code [0x0000027d08dd6440, 0x0000027d08dd6d98]
Event: 3.030 Thread 0x0000027d1e9b1d80 3574       1       org.apache.catalina.LifecycleState::isAvailable (5 bytes)
Event: 3.030 Thread 0x0000027d1e9b1d80 nmethod 3574 0x0000027d08dd7410 code [0x0000027d08dd75a0, 0x0000027d08dd7658]
Event: 3.034 Thread 0x0000027d1e9b1d80 3575       1       java.util.logging.Logger::isLoggable (27 bytes)
Event: 3.034 Thread 0x0000027d1e9b1d80 nmethod 3575 0x0000027d08dd7710 code [0x0000027d08dd78a0, 0x0000027d08dd7998]
Event: 3.035 Thread 0x0000027d1e9b1d80 3576       1       com.sun.beans.introspect.MethodInfo::isThrow (42 bytes)
Event: 3.035 Thread 0x0000027d1e9b1d80 nmethod 3576 0x0000027d08dd7a90 code [0x0000027d08dd7c40, 0x0000027d08dd7dc8]
Event: 3.036 Thread 0x0000027d1e9b1d80 3577       1       java.util.TimSort::countRunAndMakeAscending (128 bytes)
Event: 3.036 Thread 0x0000027d1e9b1d80 nmethod 3577 0x0000027d08dd7f10 code [0x0000027d08dd8100, 0x0000027d08dd8608]
Event: 3.041 Thread 0x0000027d1e9b1d80 3578       1       java.util.concurrent.ConcurrentHashMap::put (8 bytes)
Event: 3.041 Thread 0x0000027d1e9b1d80 nmethod 3578 0x0000027d08dd8890 code [0x0000027d08dd8a20, 0x0000027d08dd8b08]

GC Heap History (18 events):
Event: 0.400 GC heap before
{Heap before GC invocations=0 (full 0):
 garbage-first heap   total 131072K, used 13312K [0x0000000080a00000, 0x0000000100000000)
  region size 1024K, 13 young (13312K), 0 survivors (0K)
 Metaspace       used 2476K, capacity 5760K, committed 6016K, reserved 1056768K
  class space    used 276K, capacity 532K, committed 640K, reserved 1048576K
}
Event: 0.405 GC heap after
{Heap after GC invocations=1 (full 0):
 garbage-first heap   total 131072K, used 6025K [0x0000000080a00000, 0x0000000100000000)
  region size 1024K, 2 young (2048K), 2 survivors (2048K)
 Metaspace       used 2476K, capacity 5760K, committed 6016K, reserved 1056768K
  class space    used 276K, capacity 532K, committed 640K, reserved 1048576K
}
Event: 0.643 GC heap before
{Heap before GC invocations=1 (full 0):
 garbage-first heap   total 131072K, used 17289K [0x0000000080a00000, 0x0000000100000000)
  region size 1024K, 14 young (14336K), 2 survivors (2048K)
 Metaspace       used 5465K, capacity 7817K, committed 8064K, reserved 1056768K
  class space    used 720K, capacity 853K, committed 896K, reserved 1048576K
}
Event: 0.647 GC heap after
{Heap after GC invocations=2 (full 0):
 garbage-first heap   total 131072K, used 7005K [0x0000000080a00000, 0x0000000100000000)
  region size 1024K, 1 young (1024K), 1 survivors (1024K)
 Metaspace       used 5465K, capacity 7817K, committed 8064K, reserved 1056768K
  class space    used 720K, capacity 853K, committed 896K, reserved 1048576K
}
Event: 0.918 GC heap before
{Heap before GC invocations=2 (full 0):
 garbage-first heap   total 131072K, used 30557K [0x0000000080a00000, 0x0000000100000000)
  region size 1024K, 24 young (24576K), 1 survivors (1024K)
 Metaspace       used 10700K, capacity 12271K, committed 12544K, reserved 1060864K
  class space    used 1378K, capacity 1465K, committed 1536K, reserved 1048576K
}
Event: 0.922 GC heap after
{Heap after GC invocations=3 (full 0):
 garbage-first heap   total 131072K, used 8079K [0x0000000080a00000, 0x0000000100000000)
  region size 1024K, 3 young (3072K), 3 survivors (3072K)
 Metaspace       used 10700K, capacity 12271K, committed 12544K, reserved 1060864K
  class space    used 1378K, capacity 1465K, committed 1536K, reserved 1048576K
}
Event: 1.403 GC heap before
{Heap before GC invocations=3 (full 0):
 garbage-first heap   total 131072K, used 81807K [0x0000000080a00000, 0x0000000100000000)
  region size 1024K, 76 young (77824K), 3 survivors (3072K)
 Metaspace       used 15274K, capacity 16612K, committed 16768K, reserved 1064960K
  class space    used 1995K, capacity 2097K, committed 2176K, reserved 1048576K
}
Event: 1.410 GC heap after
{Heap after GC invocations=4 (full 0):
 garbage-first heap   total 131072K, used 10316K [0x0000000080a00000, 0x0000000100000000)
  region size 1024K, 5 young (5120K), 5 survivors (5120K)
 Metaspace       used 15274K, capacity 16612K, committed 16768K, reserved 1064960K
  class space    used 1995K, capacity 2097K, committed 2176K, reserved 1048576K
}
Event: 2.051 GC heap before
{Heap before GC invocations=4 (full 0):
 garbage-first heap   total 131072K, used 51276K [0x0000000080a00000, 0x0000000100000000)
  region size 1024K, 46 young (47104K), 5 survivors (5120K)
 Metaspace       used 20319K, capacity 21176K, committed 21296K, reserved 1067008K
  class space    used 2742K, capacity 2887K, committed 2944K, reserved 1048576K
}
Event: 2.059 GC heap after
{Heap after GC invocations=5 (full 0):
 garbage-first heap   total 157696K, used 12822K [0x0000000080a00000, 0x0000000100000000)
  region size 1024K, 7 young (7168K), 7 survivors (7168K)
 Metaspace       used 20319K, capacity 21176K, committed 21296K, reserved 1067008K
  class space    used 2742K, capacity 2887K, committed 2944K, reserved 1048576K
}
Event: 2.397 GC heap before
{Heap before GC invocations=6 (full 0):
 garbage-first heap   total 48128K, used 34326K [0x0000000080a00000, 0x0000000100000000)
  region size 1024K, 28 young (28672K), 7 survivors (7168K)
 Metaspace       used 22515K, capacity 23083K, committed 23216K, reserved 1069056K
  class space    used 3089K, capacity 3233K, committed 3328K, reserved 1048576K
}
Event: 2.412 GC heap after
{Heap after GC invocations=7 (full 0):
 garbage-first heap   total 48128K, used 14832K [0x0000000080a00000, 0x0000000100000000)
  region size 1024K, 3 young (3072K), 3 survivors (3072K)
 Metaspace       used 22515K, capacity 23083K, committed 23216K, reserved 1069056K
  class space    used 3089K, capacity 3233K, committed 3328K, reserved 1048576K
}
Event: 2.646 GC heap before
{Heap before GC invocations=7 (full 0):
 garbage-first heap   total 48128K, used 33264K [0x0000000080a00000, 0x0000000100000000)
  region size 1024K, 22 young (22528K), 3 survivors (3072K)
 Metaspace       used 24937K, capacity 25287K, committed 25520K, reserved 1071104K
  class space    used 3335K, capacity 3493K, committed 3584K, reserved 1048576K
}
Event: 2.655 GC heap after
{Heap after GC invocations=8 (full 0):
 garbage-first heap   total 48128K, used 16715K [0x0000000080a00000, 0x0000000100000000)
  region size 1024K, 2 young (2048K), 2 survivors (2048K)
 Metaspace       used 24937K, capacity 25287K, committed 25520K, reserved 1071104K
  class space    used 3335K, capacity 3493K, committed 3584K, reserved 1048576K
}
Event: 2.661 GC heap before
{Heap before GC invocations=8 (full 0):
 garbage-first heap   total 48128K, used 34123K [0x0000000080a00000, 0x0000000100000000)
  region size 1024K, 20 young (20480K), 2 survivors (2048K)
 Metaspace       used 24937K, capacity 25287K, committed 25520K, reserved 1071104K
  class space    used 3335K, capacity 3493K, committed 3584K, reserved 1048576K
}
Event: 2.665 GC heap after
{Heap after GC invocations=9 (full 0):
 garbage-first heap   total 48128K, used 16623K [0x0000000080a00000, 0x0000000100000000)
  region size 1024K, 2 young (2048K), 2 survivors (2048K)
 Metaspace       used 24937K, capacity 25287K, committed 25520K, reserved 1071104K
  class space    used 3335K, capacity 3493K, committed 3584K, reserved 1048576K
}
Event: 2.771 GC heap before
{Heap before GC invocations=9 (full 0):
 garbage-first heap   total 48128K, used 36079K [0x0000000080a00000, 0x0000000100000000)
  region size 1024K, 22 young (22528K), 2 survivors (2048K)
 Metaspace       used 25397K, capacity 25706K, committed 25776K, reserved 1071104K
  class space    used 3396K, capacity 3526K, committed 3584K, reserved 1048576K
}
Event: 2.775 GC heap after
{Heap after GC invocations=10 (full 0):
 garbage-first heap   total 59392K, used 16822K [0x0000000080a00000, 0x0000000100000000)
  region size 1024K, 2 young (2048K), 2 survivors (2048K)
 Metaspace       used 25397K, capacity 25706K, committed 25776K, reserved 1071104K
  class space    used 3396K, capacity 3526K, committed 3584K, reserved 1048576K
}

Deoptimization events (12 events):
Event: 1.702 Thread 0x0000027d7f81bde0 DEOPT PACKING pc=0x0000027d08ab64d4 sp=0x000000c2bb5fd6a0
Event: 1.702 Thread 0x0000027d7f81bde0 DEOPT UNPACKING pc=0x0000027d081be23f sp=0x000000c2bb5fcbf8 mode 0
Event: 2.799 Thread 0x0000027d7f81bde0 DEOPT PACKING pc=0x0000027d08a87b42 sp=0x000000c2bb5fb460
Event: 2.799 Thread 0x0000027d7f81bde0 DEOPT UNPACKING pc=0x0000027d081be23f sp=0x000000c2bb5fa968 mode 3
Event: 2.799 Thread 0x0000027d7f81bde0 DEOPT PACKING pc=0x0000027d08a3dca5 sp=0x000000c2bb5fb420
Event: 2.799 Thread 0x0000027d7f81bde0 DEOPT UNPACKING pc=0x0000027d081be23f sp=0x000000c2bb5fa968 mode 3
Event: 2.854 Thread 0x0000027d7f81bde0 DEOPT PACKING pc=0x0000027d0889b174 sp=0x000000c2bb5f76f0
Event: 2.854 Thread 0x0000027d7f81bde0 DEOPT UNPACKING pc=0x0000027d081be23f sp=0x000000c2bb5f6c18 mode 0
Event: 2.998 Thread 0x0000027d7f81bde0 DEOPT PACKING pc=0x0000027d08a4be7e sp=0x000000c2bb5fc1d0
Event: 2.998 Thread 0x0000027d7f81bde0 DEOPT UNPACKING pc=0x0000027d081be23f sp=0x000000c2bb5fb660 mode 3
Event: 2.998 Thread 0x0000027d210b1020 DEOPT PACKING pc=0x0000027d08a92691 sp=0x000000c2bc8ff1a0
Event: 2.998 Thread 0x0000027d210b1020 DEOPT UNPACKING pc=0x0000027d081be23f sp=0x000000c2bc8fe5f8 mode 3

Classes unloaded (0 events):
No events

Classes redefined (0 events):
No events

Internal exceptions (20 events):
Event: 3.007 Thread 0x0000027d7f81bde0 Exception <a 'java/lang/NoSuchMethodError'{0x000000008343d018}: 'java.lang.Object java.lang.invoke.DirectMethodHandle$Holder.invokeStaticInit(java.lang.Object, java.lang.Object, java.lang.Object, java.lang.Object)'> (0x000000008343d018) 
thrown [./open/src/hotspot/share/interpreter/linkResolver.cpp, line 782]
Event: 3.010 Thread 0x0000027d7f81bde0 Exception <a 'java/lang/ClassNotFoundException'{0x00000000834a8160}: java/lang/ObjectCustomizer> (0x00000000834a8160) 
thrown [./open/src/hotspot/share/classfile/systemDictionary.cpp, line 295]
Event: 3.012 Thread 0x0000027d7f81bde0 Exception <a 'java/lang/ClassNotFoundException'{0x00000000834b2ed0}: org/springframework/boot/web/servlet/RegistrationBeanCustomizer> (0x00000000834b2ed0) 
thrown [./open/src/hotspot/share/classfile/systemDictionary.cpp, line 295]
Event: 3.013 Thread 0x0000027d7f81bde0 Exception <a 'java/lang/ClassNotFoundException'{0x00000000834bde28}: org/springframework/boot/web/servlet/DynamicRegistrationBeanCustomizer> (0x00000000834bde28) 
thrown [./open/src/hotspot/share/classfile/systemDictionary.cpp, line 295]
Event: 3.014 Thread 0x0000027d7f81bde0 Exception <a 'java/lang/ClassNotFoundException'{0x00000000834ca3f0}: org/springframework/boot/web/servlet/ServletRegistrationBeanCustomizer> (0x00000000834ca3f0) 
thrown [./open/src/hotspot/share/classfile/systemDictionary.cpp, line 295]
Event: 3.016 Thread 0x0000027d7f81bde0 Exception <a 'java/lang/ClassNotFoundException'{0x00000000834df7e8}: org/springframework/boot/web/servlet/ServletContextInitializerCustomizer> (0x00000000834df7e8) 
thrown [./open/src/hotspot/share/classfile/systemDictionary.cpp, line 295]
Event: 3.018 Thread 0x0000027d7f81bde0 Exception <a 'java/lang/ClassNotFoundException'{0x00000000834e74f8}: org/springframework/core/OrderedCustomizer> (0x00000000834e74f8) 
thrown [./open/src/hotspot/share/classfile/systemDictionary.cpp, line 295]
Event: 3.020 Thread 0x0000027d7f81bde0 Exception <a 'java/lang/ClassNotFoundException'{0x00000000834f6aa8}: java/lang/ObjectCustomizer> (0x00000000834f6aa8) 
thrown [./open/src/hotspot/share/classfile/systemDictionary.cpp, line 295]
Event: 3.021 Thread 0x0000027d7f81bde0 Exception <a 'java/lang/ClassNotFoundException'{0x00000000833028e0}: org/springframework/boot/autoconfigure/security/servlet/SecurityFilterAutoConfigurationCustomizer> (0x00000000833028e0) 
thrown [./open/src/hotspot/share/classfile/systemDictionary.cpp, line 295]
Event: 3.025 Thread 0x0000027d7f81bde0 Exception <a 'java/lang/ClassNotFoundException'{0x000000008331aa60}: java/lang/ObjectCustomizer> (0x000000008331aa60) 
thrown [./open/src/hotspot/share/classfile/systemDictionary.cpp, line 295]
Event: 3.026 Thread 0x0000027d7f81bde0 Exception <a 'java/lang/ClassNotFoundException'{0x0000000083325c38}: org/springframework/boot/autoconfigure/security/SecurityPropertiesCustomizer> (0x0000000083325c38) 
thrown [./open/src/hotspot/share/classfile/systemDictionary.cpp, line 295]
Event: 3.030 Thread 0x0000027d7f81bde0 Exception <a 'java/lang/ClassNotFoundException'{0x000000008335b958}: java/lang/ObjectCustomizer> (0x000000008335b958) 
thrown [./open/src/hotspot/share/classfile/systemDictionary.cpp, line 295]
Event: 3.032 Thread 0x0000027d7f81bde0 Exception <a 'java/lang/ClassNotFoundException'{0x00000000833666a8}: org/springframework/boot/web/servlet/RegistrationBeanCustomizer> (0x00000000833666a8) 
thrown [./open/src/hotspot/share/classfile/systemDictionary.cpp, line 295]
Event: 3.033 Thread 0x0000027d7f81bde0 Exception <a 'java/lang/ClassNotFoundException'{0x00000000833715e0}: org/springframework/boot/web/servlet/DynamicRegistrationBeanCustomizer> (0x00000000833715e0) 
thrown [./open/src/hotspot/share/classfile/systemDictionary.cpp, line 295]
Event: 3.034 Thread 0x0000027d7f81bde0 Exception <a 'java/lang/ClassNotFoundException'{0x000000008337de38}: org/springframework/boot/web/servlet/AbstractFilterRegistrationBeanCustomizer> (0x000000008337de38) 
thrown [./open/src/hotspot/share/classfile/systemDictionary.cpp, line 295]
Event: 3.036 Thread 0x0000027d7f81bde0 Exception <a 'java/lang/ClassNotFoundException'{0x000000008339ac10}: org/springframework/boot/web/servlet/DelegatingFilterProxyRegistrationBeanCustomizer> (0x000000008339ac10) 
thrown [./open/src/hotspot/share/classfile/systemDictionary.cpp, line 295]
Event: 3.037 Thread 0x0000027d7f81bde0 Exception <a 'java/lang/ClassNotFoundException'{0x00000000833b6540}: org/springframework/context/ApplicationContextAwareCustomizer> (0x00000000833b6540) 
thrown [./open/src/hotspot/share/classfile/systemDictionary.cpp, line 295]
Event: 3.039 Thread 0x0000027d7f81bde0 Exception <a 'java/lang/ClassNotFoundException'{0x00000000833bee88}: org/springframework/beans/factory/AwareCustomizer> (0x00000000833bee88) 
thrown [./open/src/hotspot/share/classfile/systemDictionary.cpp, line 295]
Event: 3.040 Thread 0x0000027d7f81bde0 Exception <a 'java/lang/ClassNotFoundException'{0x00000000833c6998}: org/springframework/boot/web/servlet/ServletContextInitializerCustomizer> (0x00000000833c6998) 
thrown [./open/src/hotspot/share/classfile/systemDictionary.cpp, line 295]
Event: 3.041 Thread 0x0000027d7f81bde0 Exception <a 'java/lang/ClassNotFoundException'{0x00000000833ce518}: org/springframework/core/OrderedCustomizer> (0x00000000833ce518) 
thrown [./open/src/hotspot/share/classfile/systemDictionary.cpp, line 295]

Events (20 events):
Event: 2.998 loading class java/util/concurrent/locks/AbstractQueuedSynchronizer$ExclusiveNode
Event: 2.998 loading class java/util/concurrent/locks/AbstractQueuedSynchronizer$ExclusiveNode done
Event: 3.010 loading class java/lang/ObjectCustomizer
Event: 3.010 loading class java/lang/ObjectCustomizer done
Event: 3.010 loading class java/lang/ObjectCustomizer
Event: 3.010 loading class java/lang/ObjectCustomizer done
Event: 3.019 loading class java/lang/ObjectCustomizer
Event: 3.019 loading class java/lang/ObjectCustomizer done
Event: 3.020 loading class java/lang/ObjectCustomizer
Event: 3.020 loading class java/lang/ObjectCustomizer done
Event: 3.024 loading class java/util/UUID$Holder
Event: 3.024 loading class java/util/UUID$Holder done
Event: 3.024 loading class java/lang/ObjectCustomizer
Event: 3.024 loading class java/lang/ObjectCustomizer done
Event: 3.025 loading class java/lang/ObjectCustomizer
Event: 3.025 loading class java/lang/ObjectCustomizer done
Event: 3.030 loading class java/lang/ObjectCustomizer
Event: 3.030 loading class java/lang/ObjectCustomizer done
Event: 3.030 loading class java/lang/ObjectCustomizer
Event: 3.030 loading class java/lang/ObjectCustomizer done


Dynamic libraries:
0x00007ff7f1040000 - 0x00007ff7f104d000 	C:\Users\Admin\.jdks\openjdk-15.0.1\bin\java.exe
0x00007ffbe03f0000 - 0x00007ffbe05e6000 	C:\WINDOWS\SYSTEM32\ntdll.dll
0x00007ffbd9300000 - 0x00007ffbd9312000 	C:\Program Files\AVAST Software\Avast\aswhook.dll
0x00007ffbdebd0000 - 0x00007ffbdec8d000 	C:\WINDOWS\System32\KERNEL32.DLL
0x00007ffbddfe0000 - 0x00007ffbde2a9000 	C:\WINDOWS\System32\KERNELBASE.dll
0x00007ffbde350000 - 0x00007ffbde450000 	C:\WINDOWS\System32\ucrtbase.dll
0x00007ffbb6990000 - 0x00007ffbb69a8000 	C:\Users\Admin\.jdks\openjdk-15.0.1\bin\jli.dll
0x00007ffbdfcc0000 - 0x00007ffbdfe60000 	C:\WINDOWS\System32\USER32.dll
0x00007ffbddd80000 - 0x00007ffbddda2000 	C:\WINDOWS\System32\win32u.dll
0x00007ffbdeba0000 - 0x00007ffbdebca000 	C:\WINDOWS\System32\GDI32.dll
0x00007ffbddc70000 - 0x00007ffbddd79000 	C:\WINDOWS\System32\gdi32full.dll
0x00007ffbde2b0000 - 0x00007ffbde34d000 	C:\WINDOWS\System32\msvcp_win.dll
0x00007ffbb6970000 - 0x00007ffbb6989000 	C:\Users\Admin\.jdks\openjdk-15.0.1\bin\VCRUNTIME140.dll
0x00007ffbd0eb0000 - 0x00007ffbd114b000 	C:\WINDOWS\WinSxS\amd64_microsoft.windows.common-controls_6595b64144ccf1df_6.0.19041.488_none_ca04af081b815d21\COMCTL32.dll
0x00007ffbdf0a0000 - 0x00007ffbdf13e000 	C:\WINDOWS\System32\msvcrt.dll
0x00007ffbdf680000 - 0x00007ffbdf6b0000 	C:\WINDOWS\System32\IMM32.DLL
0x00007ffbb6960000 - 0x00007ffbb696c000 	C:\Users\Admin\.jdks\openjdk-15.0.1\bin\vcruntime140_1.dll
0x00007ffb915d0000 - 0x00007ffb91661000 	C:\Users\Admin\.jdks\openjdk-15.0.1\bin\msvcp140.dll
0x00007ffb76e00000 - 0x00007ffb7795e000 	C:\Users\Admin\.jdks\openjdk-15.0.1\bin\server\jvm.dll
0x00007ffbe0190000 - 0x00007ffbe023c000 	C:\WINDOWS\System32\ADVAPI32.dll
0x00007ffbdf860000 - 0x00007ffbdf8fc000 	C:\WINDOWS\System32\sechost.dll
0x00007ffbdfed0000 - 0x00007ffbdfffb000 	C:\WINDOWS\System32\RPCRT4.dll
0x00007ffbdf5b0000 - 0x00007ffbdf5b8000 	C:\WINDOWS\System32\PSAPI.DLL
0x00007ffbd4550000 - 0x00007ffbd4559000 	C:\WINDOWS\SYSTEM32\WSOCK32.dll
0x00007ffbdfe60000 - 0x00007ffbdfecb000 	C:\WINDOWS\System32\WS2_32.dll
0x00007ffbd0800000 - 0x00007ffbd0827000 	C:\WINDOWS\SYSTEM32\WINMM.dll
0x00007ffbd8390000 - 0x00007ffbd839a000 	C:\WINDOWS\SYSTEM32\VERSION.dll
0x00007ffbdb9c0000 - 0x00007ffbdb9d2000 	C:\WINDOWS\SYSTEM32\kernel.appcore.dll
0x00007ffbb6950000 - 0x00007ffbb695a000 	C:\Users\Admin\.jdks\openjdk-15.0.1\bin\jimage.dll
0x00007ffbd71d0000 - 0x00007ffbd73b4000 	C:\WINDOWS\SYSTEM32\DBGHELP.DLL
0x00007ffbd6ba0000 - 0x00007ffbd6bcc000 	C:\WINDOWS\SYSTEM32\dbgcore.DLL
0x00007ffbddf60000 - 0x00007ffbddfe0000 	C:\WINDOWS\System32\bcryptPrimitives.dll
0x00007ffba8a80000 - 0x00007ffba8aa5000 	C:\Users\Admin\.jdks\openjdk-15.0.1\bin\java.dll
0x00007ffbde450000 - 0x00007ffbdeb92000 	C:\WINDOWS\System32\SHELL32.dll
0x00007ffbdbca0000 - 0x00007ffbdc435000 	C:\WINDOWS\SYSTEM32\windows.storage.dll
0x00007ffbdf900000 - 0x00007ffbdfc56000 	C:\WINDOWS\System32\combase.dll
0x00007ffbdd4d0000 - 0x00007ffbdd4fc000 	C:\WINDOWS\SYSTEM32\Wldp.dll
0x00007ffbdf5d0000 - 0x00007ffbdf67e000 	C:\WINDOWS\System32\SHCORE.dll
0x00007ffbe0000000 - 0x00007ffbe0055000 	C:\WINDOWS\System32\shlwapi.dll
0x00007ffbdda60000 - 0x00007ffbdda86000 	C:\WINDOWS\SYSTEM32\profapi.dll
0x00007ffba8a10000 - 0x00007ffba8a29000 	C:\Users\Admin\.jdks\openjdk-15.0.1\bin\net.dll
0x00007ffbd57a0000 - 0x00007ffbd58a0000 	C:\WINDOWS\SYSTEM32\WINHTTP.dll
0x00007ffbdd250000 - 0x00007ffbdd2ba000 	C:\WINDOWS\system32\mswsock.dll
0x00007ffba4050000 - 0x00007ffba4062000 	C:\Users\Admin\.jdks\openjdk-15.0.1\bin\nio.dll
0x00007ffba4030000 - 0x00007ffba4048000 	C:\Users\Admin\.jdks\openjdk-15.0.1\bin\zip.dll
0x00007ffbb6940000 - 0x00007ffbb6950000 	C:\Users\Admin\.jdks\openjdk-15.0.1\bin\verify.dll
0x00007ffbb07e0000 - 0x00007ffbb07e9000 	C:\Users\Admin\.jdks\openjdk-15.0.1\bin\management.dll
0x00007ffbb0340000 - 0x00007ffbb034b000 	C:\Users\Admin\.jdks\openjdk-15.0.1\bin\management_ext.dll
0x00007ffbca200000 - 0x00007ffbca217000 	C:\WINDOWS\system32\napinsp.dll
0x00007ffbc9cd0000 - 0x00007ffbc9ceb000 	C:\WINDOWS\system32\pnrpnsp.dll
0x00007ffbc9770000 - 0x00007ffbc9785000 	C:\WINDOWS\system32\wshbth.dll
0x00007ffbda3e0000 - 0x00007ffbda3fd000 	C:\WINDOWS\system32\NLAapi.dll
0x00007ffbdcf40000 - 0x00007ffbdcf7b000 	C:\WINDOWS\SYSTEM32\IPHLPAPI.DLL
0x00007ffbdcf80000 - 0x00007ffbdd04b000 	C:\WINDOWS\SYSTEM32\DNSAPI.dll
0x00007ffbe03a0000 - 0x00007ffbe03a8000 	C:\WINDOWS\System32\NSI.dll
0x00007ffbc8660000 - 0x00007ffbc8672000 	C:\WINDOWS\System32\winrnr.dll
0x00007ffbd45a0000 - 0x00007ffbd45aa000 	C:\Windows\System32\rasadhlp.dll
0x00007ffbd45f0000 - 0x00007ffbd466f000 	C:\WINDOWS\System32\fwpuclnt.dll
0x00007ffbddbe0000 - 0x00007ffbddc07000 	C:\WINDOWS\System32\bcrypt.dll
0x00007ffbdd420000 - 0x00007ffbdd438000 	C:\WINDOWS\SYSTEM32\CRYPTSP.dll
0x00007ffbdcbe0000 - 0x00007ffbdcc14000 	C:\WINDOWS\system32\rsaenh.dll
0x00007ffbdda20000 - 0x00007ffbdda4e000 	C:\WINDOWS\SYSTEM32\USERENV.dll
0x00007ffbdd440000 - 0x00007ffbdd44c000 	C:\WINDOWS\SYSTEM32\CRYPTBASE.dll
0x00007ffbd69c0000 - 0x00007ffbd69d7000 	C:\WINDOWS\SYSTEM32\dhcpcsvc6.DLL
0x00007ffbd6990000 - 0x00007ffbd69ad000 	C:\WINDOWS\SYSTEM32\dhcpcsvc.DLL

dbghelp: loaded successfully - version: 4.0.5 - missing functions: none
symbol engine: initialized successfully - sym options: 0x614 - pdb path: .;C:\Users\Admin\.jdks\openjdk-15.0.1\bin;C:\WINDOWS\SYSTEM32;C:\Program Files\AVAST Software\Avast;C:\WINDOWS\WinSxS\amd64_microsoft.windows.common-controls_6595b64144ccf1df_6.0.19041.488_none_ca04af081b815d21;C:\Users\Admin\.jdks\openjdk-15.0.1\bin\server

VM Arguments:
jvm_args: -XX:TieredStopAtLevel=1 -Dfile.encoding=windows-1252 -Duser.country=AR -Duser.language=es -Duser.variant 
java_command: com.examplecodeoftheweb.salvo_n.SalvoNApplication
java_class_path (initial): C:\Users\Admin\Desktop\no borrar\Project_Salvo (2)\Project_Salvo\salvo_n\build\classes\java\main;C:\Users\Admin\Desktop\no borrar\Project_Salvo (2)\Project_Salvo\salvo_n\build\resources\main;C:\Users\Admin\Desktop\Java\Gradle\gradle-6.7-all\gradle-6.7\bin\caches\modules-2\files-2.1\com.h2database\h2\1.4.200\f7533fe7cb8e99c87a43d325a77b4b678ad9031a\h2-1.4.200.jar;C:\Users\Admin\Desktop\Java\Gradle\gradle-6.7-all\gradle-6.7\bin\caches\modules-2\files-2.1\org.springframework.security\spring-security-config\5.4.1\4697a41c836ff9e96d34d22993b2cad5a8ae1dff\spring-security-config-5.4.1.jar;C:\Users\Admin\Desktop\Java\Gradle\gradle-6.7-all\gradle-6.7\bin\caches\modules-2\files-2.1\org.springframework.security\spring-security-web\5.4.1\5aa439a5e3873c15104a11dc0c6180f8b4dfe32a\spring-security-web-5.4.1.jar;C:\Users\Admin\Desktop\Java\Gradle\gradle-6.7-all\gradle-6.7\bin\caches\modules-2\files-2.1\org.springframework.data\spring-data-jpa\2.4.1\ad179735be540e3514bda3cda6a4aa36f86f663e\spring-data-jpa-2.4.1.jar;C:\Users\Admin\Desktop\Java\Gradle\gradle-6.7-all\gradle-6.7\bin\caches\modules-2\files-2.1\org.springframework.data\spring-data-rest-webmvc\3.4.1\1564c6015248f59c670bd43c9ba09b8a71ced2af\spring-data-rest-webmvc-3.4.1.jar;C:\Users\Admin\Desktop\Java\Gradle\gradle-6.7-all\gradle-6.7\bin\caches\modules-2\files-2.1\org.springframework.data\spring-data-rest-core\3.4.1\fcb7bfef4e4bc391eee214ce80387580b1fae85\spring-data-rest-core-3.4.1.jar;C:\Users\Admin\Desktop\Java\Gradle\gradle-6.7-all\gradle-6.7\bin\caches\modules-2\files-2.1\org.springframework\spring-webmvc\5.3.1\17493978f251b7e51393cdf19f4f51af9c1f04f2\spring-webmvc-5.3.1.jar;C:\Users\Admin\Desktop\Java\Gradle\gradle-6.7-all\gradle-6.7\bin\caches\modules-2\files-2.1\org.springframework.security\spring-security-core\5.4.1\f98b348c4009dba35f9fe117f5cd72cade0a8fde\spring-security-core-5.4.1.jar;C:\Users\Admin\Desktop\Java\Gradle\gradle-6.7-all\gradle-6.7\bin\caches\modules-2\files-2.1\org.spring
Launcher Type: SUN_STANDARD

[Global flags]
     intx CICompilerCount                          = 3                                         {product} {ergonomic}
     uint ConcGCThreads                            = 1                                         {product} {ergonomic}
     uint G1ConcRefinementThreads                  = 4                                         {product} {ergonomic}
   size_t G1HeapRegionSize                         = 1048576                                   {product} {ergonomic}
    uintx GCDrainStackTargetSize                   = 64                                        {product} {ergonomic}
   size_t InitialHeapSize                          = 134217728                                 {product} {ergonomic}
   size_t MarkStackSize                            = 4194304                                   {product} {ergonomic}
   size_t MaxHeapSize                              = 2136997888                                {product} {ergonomic}
   size_t MaxNewSize                               = 1281359872                                {product} {ergonomic}
   size_t MinHeapDeltaBytes                        = 1048576                                   {product} {ergonomic}
   size_t MinHeapSize                              = 8388608                                   {product} {ergonomic}
    uintx NonNMethodCodeHeapSize                   = 6973028                                {pd product} {ergonomic}
    uintx NonProfiledCodeHeapSize                  = 244685212                              {pd product} {ergonomic}
    uintx ProfiledCodeHeapSize                     = 0                                      {pd product} {ergonomic}
    uintx ReservedCodeCacheSize                    = 251658240                              {pd product} {ergonomic}
     bool SegmentedCodeCache                       = true                                      {product} {ergonomic}
   size_t SoftMaxHeapSize                          = 2136997888                             {manageable} {ergonomic}
     intx TieredStopAtLevel                        = 1                                         {product} {command line}
     bool UseCompressedClassPointers               = true                                 {lp64_product} {ergonomic}
     bool UseCompressedOops                        = true                                 {lp64_product} {ergonomic}
     bool UseG1GC                                  = true                                      {product} {ergonomic}
     bool UseLargePagesIndividualAllocation        = false                                  {pd product} {ergonomic}

Logging:
Log output configuration:
 #0: stdout all=warning uptime,level,tags
 #1: stderr all=off uptime,level,tags

Environment Variables:
PATH=C:\Program Files\Common Files\Oracle\Java\javapath;C:\Windows\system32;C:\Windows;C:\Windows\System32\Wbem;C:\Windows\System32\WindowsPowerShell\v1.0\;C:\Program Files (x86)\NVIDIA Corporation\PhysX\Common;C:\WINDOWS\system32;C:\WINDOWS;C:\WINDOWS\System32\Wbem;C:\WINDOWS\System32\WindowsPowerShell\v1.0\;C:\Program Files (x86)\Windows Live\Shared;C:\WINDOWS\System32\OpenSSH\;C:\Program Files\Java\jdk1.8.0_191\bin;C:\ProgramData\Applications\nodejs;C:\Program Files\MongoDB\Server\4.0\bin;C:\Program Files\dotnet\;C:\Program Files\Microsoft SQL Server\130\Tools\Binn\;C:\Program Files (x86)\Microsoft SQL Server\150\DTS\Binn\;C:\Program Files\Microsoft SQL Server\Client SDK\ODBC\130\Tools\Binn\;C:\Program Files (x86)\Microsoft SQL Server\140\Tools\Binn\;C:\Program Files\Microsoft SQL Server\140\Tools\Binn\;C:\Program Files\Microsoft SQL Server\140\DTS\Binn\;C:\Program Files\Microsoft SQL Server\Client SDK\ODBC\170\Tools\Binn\;C:\Program Files\Git\cmd;C:\Program Files (x86)\Microsoft SQL Server\150\Tools\Binn\;C:\Program Files\Microsoft SQL Server\150\Tools\Binn\;C:\Program Files\Microsoft SQL Server\150\DTS\Binn\;C:\Program Files\Java\jdk-11.0.9\bin;C:\Users\Admin\Desktop\Java\Gradle\gradle-6.7-all\gradle-6.7\bin;C:\Program Files\Java\jdk-11.0.9\bin;C:\Program Files\MySQL\MySQL Shell 8.0\bin\;C:\Users\Admin\AppData\Local\Microsoft\WindowsApps;C:\Users\Admin\AppData\Local\Programs\Microsoft VS Code\bin;
USERNAME=Admin
OS=Windows_NT
PROCESSOR_IDENTIFIER=Intel64 Family 6 Model 94 Stepping 3, GenuineIntel



---------------  S Y S T E M  ---------------

OS:
 Windows 10 , 64 bit Build 19041 (10.0.19041.662)
OS uptime: 0 days 3:32 hours

CPU: total 4 (initial active 4) (2 cores per cpu, 2 threads per core) family 6 model 94 stepping 3 microcode 0xcc, cmov, cx8, fxsr, mmx, sse, sse2, sse3, ssse3, sse4.1, sse4.2, popcnt, vzeroupper, avx, avx2, aes, clmul, erms, 3dnowpref, lzcnt, ht, tsc, tscinvbit, bmi1, bmi2, adx, fma, clflush, clflushopt

Memory: 4k page, system-wide physical 8144M (2199M free)
TotalPageFile size 11344M (AvailPageFile size 2767M)
current process WorkingSet (physical memory assigned to process): 141M, peak: 158M
current process commit charge ("private bytes"): 179M, peak: 265M

vm_info: OpenJDK 64-Bit Server VM (15.0.1+9-18) for windows-amd64 JRE (15.0.1+9-18), built on Sep 15 2020 14:39:31 by "mach5one" with unknown MS VC++:1925

END.
