#
# A fatal error has been detected by the Java Runtime Environment:
#
#  EXCEPTION_ACCESS_VIOLATION (0xc0000005) at pc=0x00007ffb770a5f44, pid=3744, tid=4912
#
# JRE version: OpenJDK Runtime Environment (15.0.1+9) (build 15.0.1+9-18)
# Java VM: OpenJDK 64-Bit Server VM (15.0.1+9-18, mixed mode, sharing, tiered, compressed oops, g1 gc, windows-amd64)
# Problematic frame:
# V  [jvm.dll+0x2a5f44]
#
# No core dump will be written. Minidumps are not enabled by default on client versions of Windows
#
# If you would like to submit a bug report, please visit:
#   https://bugreport.java.com/bugreport/crash.jsp
#

---------------  S U M M A R Y ------------

Command Line: -XX:TieredStopAtLevel=1 -Dfile.encoding=windows-1252 -Duser.country=AR -Duser.language=es -Duser.variant com.examplecodeoftheweb.salvo_n.SalvoNApplication

Host: Intel(R) Core(TM) i3-6100 CPU @ 3.70GHz, 4 cores, 7G,  Windows 10 , 64 bit Build 19041 (10.0.19041.662)
Time: Mon Dec 14 12:49:53 2020 Hora estándar de Argentina elapsed time: 3.274760 seconds (0d 0h 0m 3s)

---------------  T H R E A D  ---------------

Current thread (0x000001814d0cf360):  GCTaskThread "GC Thread#3" [stack: 0x0000001022500000,0x0000001022600000] [id=4912]

Stack: [0x0000001022500000,0x0000001022600000],  sp=0x00000010225ffb38,  free space=1022k
Native frames: (J=compiled Java code, j=interpreted, Vv=VM code, C=native code)
V  [jvm.dll+0x2a5f44]


siginfo: EXCEPTION_ACCESS_VIOLATION (0xc0000005), reading address 0x0000000000008000


Register to memory mapping:

RIP=0x00007ffb770a5f44 jvm.dll
RAX=0x000001812dd597ec points into unknown readable memory: 00 00 00 00
RBX=0x00000010225ffba8 points into unknown readable memory: 0x00007ffb77685800 | 00 58 68 77 fb 7f 00 00
RCX=0x0 is NULL
RDX=0x0000000000008000 is an unknown value
RSP=0x00000010225ffb38 points into unknown readable memory: 0x00007ffb770a5e52 | 52 5e 0a 77 fb 7f 00 00
RBP=0x00000010225ffc19 points into unknown readable memory: 01 00 00 00 00 00 00
RSI=0x000001814e506b80 points into unknown readable memory: 0x0000000082624fa0 | a0 4f 62 82 00 00 00 00
RDI=0x000001814e506cf8 points into unknown readable memory: 0x0000000000008000 | 00 80 00 00 00 00 00 00
R8 =0x0 is NULL
R9 =0x0000000082555360 is an oop: java.lang.String 
{0x0000000082555360} - klass: 'java/lang/String'
R10=0x000001812dd291f0 points into unknown readable memory: 0x00007ffb77683e50 | 50 3e 68 77 fb 7f 00 00
R11=0xfffffffff61560c2 is an unknown value
R12=0x000001814e2a1a30 points into unknown readable memory: 0x000001812bb16d50 | 50 6d b1 2b 81 01 00 00
R13=0x0000000000000004 is an unknown value
R14=0x00000000000000fb is an unknown value
R15=0x00000000000007f0 is an unknown value


Registers:
RAX=0x000001812dd597ec, RBX=0x00000010225ffba8, RCX=0x0000000000000000, RDX=0x0000000000008000
RSP=0x00000010225ffb38, RBP=0x00000010225ffc19, RSI=0x000001814e506b80, RDI=0x000001814e506cf8
R8 =0x0000000000000000, R9 =0x0000000082555360, R10=0x000001812dd291f0, R11=0xfffffffff61560c2
R12=0x000001814e2a1a30, R13=0x0000000000000004, R14=0x00000000000000fb, R15=0x00000000000007f0
RIP=0x00007ffb770a5f44, EFLAGS=0x0000000000010246

Top of Stack: (sp=0x00000010225ffb38)
0x00000010225ffb38:   00007ffb770a5e52 0000000000000030
0x00000010225ffb48:   00000000000044f2 0000000001f1fd1e
0x00000010225ffb58:   00000002c936de3b ffff000000000000
0x00000010225ffb68:   00007ffb770a20a7 0000000000000000
0x00000010225ffb78:   000001814e506180 00000010217fe8f0
0x00000010225ffb88:   0000000000000000 0000000000000080
0x00000010225ffb98:   0000000000000000 0000018100000000
0x00000010225ffba8:   00007ffb77685800 00000010217fe8f0
0x00000010225ffbb8:   0000000000000000 0000000000002859
0x00000010225ffbc8:   00000010217fe900 0000000000000016
0x00000010225ffbd8:   00000010217fea88 00000010217fe8f0
0x00000010225ffbe8:   00000010217fe900 000001812dd30b58
0x00000010225ffbf8:   0000000000000004 0000000001f1fd1e
0x00000010225ffc08:   00000002c936de3b 00000000000000fa
0x00000010225ffc18:   0000000000000104 00000000000000a0
0x00000010225ffc28:   0000000000000000 000090c1e30764a7 

Instructions: (pc=0x00007ffb770a5f44)
0x00007ffb770a5e44:   ec 20 48 8b d9 48 8b 49 08 48 8b 01 ff 10 33 d2
0x00007ffb770a5e54:   84 c0 0f 94 c2 48 01 53 10 48 ff 43 18 48 83 c4
0x00007ffb770a5e64:   20 5b c3 cc cc cc cc cc cc cc cc cc 4c 8b ca 48
0x00007ffb770a5e74:   85 d2 74 6d 4c 8b 41 08 49 8b 80 00 01 00 00 8b
0x00007ffb770a5e84:   48 68 48 8b 40 58 48 d3 ea 4c 8b 14 d0 4d 3b 8a
0x00007ffb770a5e94:   f8 00 00 00 73 4b 49 8b 80 90 03 00 00 48 8b 90
0x00007ffb770a5ea4:   98 00 00 00 4c 2b 4a 08 8b 4a 18 48 8b 52 20 49
0x00007ffb770a5eb4:   c1 e9 03 49 d3 e9 41 0f b6 c1 4d 8b c1 24 3f 49
0x00007ffb770a5ec4:   c1 e8 06 0f b6 c8 4a 8b 04 c2 48 0f a3 c8 72 11
0x00007ffb770a5ed4:   41 8b 82 cc 00 00 00 c1 e8 05 a8 01 75 03 32 c0
0x00007ffb770a5ee4:   c3 b0 01 c3 cc cc cc cc cc cc cc cc 48 85 d2 75
0x00007ffb770a5ef4:   03 32 c0 c3 48 8b 41 08 48 8b 80 00 01 00 00 8b
0x00007ffb770a5f04:   48 68 48 8b 40 58 48 d3 ea 48 8b 0c d0 8b 81 cc
0x00007ffb770a5f14:   00 00 00 a8 34 0f 95 c0 c3 cc cc cc 48 8b 41 08
0x00007ffb770a5f24:   4c 8b c2 8b 88 48 04 00 00 48 8b 80 38 04 00 00
0x00007ffb770a5f34:   49 d3 e8 42 0f b7 0c 40 66 c1 e9 08 84 c9 78 0c
0x00007ffb770a5f44:   48 8b 02 24 03 3c 03 74 03 32 c0 c3 b0 01 c3 cc
0x00007ffb770a5f54:   cc cc cc cc cc cc cc cc cc cc cc cc 4c 8b 49 08
0x00007ffb770a5f64:   4c 8b c2 41 8b 89 48 04 00 00 49 8b 81 38 04 00
0x00007ffb770a5f74:   00 49 d3 e8 42 0f b7 0c 40 66 c1 e9 08 84 c9 79
0x00007ffb770a5f84:   23 49 8b 81 00 01 00 00 8b 48 68 48 8b 40 58 48
0x00007ffb770a5f94:   d3 ea 48 8b 0c d0 8b 81 cc 00 00 00 83 f8 03 74
0x00007ffb770a5fa4:   03 32 c0 c3 b0 01 c3 cc cc cc cc cc 8b 02 4c 8b
0x00007ffb770a5fb4:   c9 85 c0 75 05 45 33 c0 eb 13 8b 0d 4c 5a 75 00
0x00007ffb770a5fc4:   4c 8b c0 49 d3 e0 4c 03 05 37 5a 75 00 49 8b 41
0x00007ffb770a5fd4:   08 8b 88 48 04 00 00 48 8b 80 38 04 00 00 49 d3
0x00007ffb770a5fe4:   e8 42 0f b7 0c 40 66 c1 e9 08 84 c9 79 05 80 f9
0x00007ffb770a5ff4:   fe 75 0c 49 8b 49 10 48 ff c2 e9 6d 44 00 00 c3
0x00007ffb770a6004:   cc cc cc cc cc cc cc cc cc cc cc cc 48 8b 41 08
0x00007ffb770a6014:   4c 8b d1 4c 8b 02 8b 88 48 04 00 00 48 8b 80 38
0x00007ffb770a6024:   04 00 00 49 d3 e8 46 0f b7 0c 40 66 41 c1 e9 08
0x00007ffb770a6034:   45 84 c9 79 06 41 80 f9 fe 75 09 49 8b 4a 10 e9 


Stack slot to memory mapping:
stack at sp + 0 slots: 0x00007ffb770a5e52 jvm.dll
stack at sp + 1 slots: 0x0000000000000030 is an unknown value
stack at sp + 2 slots: 0x00000000000044f2 is an unknown value
stack at sp + 3 slots: 0x0000000001f1fd1e is an unknown value
stack at sp + 4 slots: 0x00000002c936de3b is an unknown value
stack at sp + 5 slots: 0xffff000000000000 is an unknown value
stack at sp + 6 slots: 0x00007ffb770a20a7 jvm.dll
stack at sp + 7 slots: 0x0 is NULL


---------------  P R O C E S S  ---------------

Threads class SMR info:
_java_thread_list=0x000001814dfc1a60, length=10, elements={
0x000001812dd1bde0, 0x000001814bfb8ea0, 0x000001814bfb9a70, 0x000001814bfd9e70,
0x000001814bfda730, 0x000001814bfdb0f0, 0x000001814bfdf060, 0x000001814bfdfa60,
0x000001814c9fc5b0, 0x000001814ca00f40
}

Java Threads: ( => current thread )
  0x000001812dd1bde0 JavaThread "main" [_thread_blocked, id=612, stack(0x0000001021100000,0x0000001021200000)]
  0x000001814bfb8ea0 JavaThread "Reference Handler" daemon [_thread_blocked, id=13108, stack(0x0000001021800000,0x0000001021900000)]
  0x000001814bfb9a70 JavaThread "Finalizer" daemon [_thread_blocked, id=7028, stack(0x0000001021900000,0x0000001021a00000)]
  0x000001814bfd9e70 JavaThread "Signal Dispatcher" daemon [_thread_blocked, id=5200, stack(0x0000001021a00000,0x0000001021b00000)]
  0x000001814bfda730 JavaThread "Attach Listener" daemon [_thread_blocked, id=3624, stack(0x0000001021b00000,0x0000001021c00000)]
  0x000001814bfdb0f0 JavaThread "Service Thread" daemon [_thread_blocked, id=9208, stack(0x0000001021c00000,0x0000001021d00000)]
  0x000001814bfdf060 JavaThread "C1 CompilerThread0" daemon [_thread_blocked, id=2612, stack(0x0000001021d00000,0x0000001021e00000)]
  0x000001814bfdfa60 JavaThread "Sweeper thread" daemon [_thread_blocked, id=12780, stack(0x0000001021e00000,0x0000001021f00000)]
  0x000001814c9fc5b0 JavaThread "Notification Thread" daemon [_thread_blocked, id=11616, stack(0x0000001021f00000,0x0000001022000000)]
  0x000001814ca00f40 JavaThread "Common-Cleaner" daemon [_thread_blocked, id=9464, stack(0x0000001022100000,0x0000001022200000)]

Other Threads:
  0x000001814bfb3200 VMThread "VM Thread" [stack: 0x0000001021700000,0x0000001021800000] [id=10076]
  0x000001814c9fca80 WatcherThread [stack: 0x0000001022000000,0x0000001022100000] [id=13124]
  0x000001812dd5c0f0 GCTaskThread "GC Thread#0" [stack: 0x0000001021200000,0x0000001021300000] [id=12904]
  0x000001814d0cd6b0 GCTaskThread "GC Thread#1" [stack: 0x0000001022200000,0x0000001022300000] [id=7132]
  0x000001814d0cdd10 GCTaskThread "GC Thread#2" [stack: 0x0000001022300000,0x0000001022400000] [id=9624]
=>0x000001814d0cf360 GCTaskThread "GC Thread#3" [stack: 0x0000001022500000,0x0000001022600000] [id=4912]
  0x000001812dd6d1d0 ConcurrentGCThread "G1 Main Marker" [stack: 0x0000001021300000,0x0000001021400000] [id=7488]
  0x000001812dd6e560 ConcurrentGCThread "G1 Conc#0" [stack: 0x0000001021400000,0x0000001021500000] [id=12420]
  0x000001812ddd6b80 ConcurrentGCThread "G1 Refine#0" [stack: 0x0000001021500000,0x0000001021600000] [id=10888]
  0x000001814be310a0 ConcurrentGCThread "G1 Young RemSet Sampling" [stack: 0x0000001021600000,0x0000001021700000] [id=9564]

Threads with active compile tasks:

VM state: at safepoint (normal execution)

VM Mutex/Monitor currently owned by a thread:  ([mutex/lock_event])
[0x000001812bbdd270] Threads_lock - owner thread: 0x000001814bfb3200
[0x000001812dd16d00] Heap_lock - owner thread: 0x000001812dd1bde0

Heap address: 0x0000000080a00000, size: 2038 MB, Compressed Oops mode: 32-bit
CDS archive(s) mapped at: [0x0000000800000000-0x0000000800b50000-0x0000000800b50000), size 11862016, SharedBaseAddress: 0x0000000800000000, ArchiveRelocationMode: 0.
Compressed class space mapped at: 0x0000000800b50000-0x0000000840b50000, size: 1073741824
Narrow klass base: 0x0000000800000000, Narrow klass shift: 3, Narrow klass range: 0x100000000

GC Precious Log:
 CPUs: 4 total, 4 available
 Memory: 8144M
 Large Page Support: Disabled
 NUMA Support: Disabled
 Compressed Oops: Enabled (32-bit)
 Heap Region Size: 1M
 Heap Min Capacity: 8M
 Heap Initial Capacity: 128M
 Heap Max Capacity: 2038M
 Pre-touch: Disabled
 Parallel Workers: 4
 Concurrent Workers: 1
 Concurrent Refinement Workers: 4
 Periodic GC: Disabled

Heap:
 garbage-first heap   total 48128K, used 35132K [0x0000000080a00000, 0x0000000100000000)
  region size 1024K, 20 young (20480K), 2 survivors (2048K)
 Metaspace       used 24924K, capacity 25287K, committed 25520K, reserved 1071104K
  class space    used 3335K, capacity 3493K, committed 3584K, reserved 1048576K

Heap Regions: E=young(eden), S=young(survivor), O=old, HS=humongous(starts), HC=humongous(continues), CS=collection set, F=free, OA=open archive, CA=closed archive, TAMS=top-at-mark-start (previous, next)
|   0|0x0000000080a00000, 0x0000000080b00000, 0x0000000080b00000|100%|HS|  |TAMS 0x0000000080b00000, 0x0000000080a00000| Complete 
|   1|0x0000000080b00000, 0x0000000080c00000, 0x0000000080c00000|100%| O|  |TAMS 0x0000000080c00000, 0x0000000080b00000| Untracked 
|   2|0x0000000080c00000, 0x0000000080d00000, 0x0000000080d00000|100%| O|  |TAMS 0x0000000080d00000, 0x0000000080c00000| Untracked 
|   3|0x0000000080d00000, 0x0000000080e00000, 0x0000000080e00000|100%| O|  |TAMS 0x0000000080e00000, 0x0000000080d00000| Untracked 
|   4|0x0000000080e00000, 0x0000000080f00000, 0x0000000080f00000|100%| O|  |TAMS 0x0000000080f00000, 0x0000000080e00000| Untracked 
|   5|0x0000000080f00000, 0x0000000080fe0e00, 0x0000000081000000| 87%| O|  |TAMS 0x0000000080fe0e00, 0x0000000080f00000| Untracked 
|   6|0x0000000081000000, 0x0000000081100000, 0x0000000081100000|100%| O|  |TAMS 0x0000000081000000, 0x0000000081000000| Untracked 
|   7|0x0000000081100000, 0x0000000081200000, 0x0000000081200000|100%| O|  |TAMS 0x0000000081100000, 0x0000000081100000| Untracked 
|   8|0x0000000081200000, 0x0000000081300000, 0x0000000081300000|100%| O|  |TAMS 0x0000000081200000, 0x0000000081200000| Untracked 
|   9|0x0000000081300000, 0x0000000081400000, 0x0000000081400000|100%| O|  |TAMS 0x0000000081300000, 0x0000000081300000| Untracked 
|  10|0x0000000081400000, 0x0000000081500000, 0x0000000081500000|100%| O|  |TAMS 0x0000000081400000, 0x0000000081400000| Untracked 
|  11|0x0000000081500000, 0x0000000081600000, 0x0000000081600000|100%| O|  |TAMS 0x0000000081500000, 0x0000000081500000| Untracked 
|  12|0x0000000081600000, 0x0000000081700000, 0x0000000081700000|100%| O|  |TAMS 0x0000000081600000, 0x0000000081600000| Untracked 
|  13|0x0000000081700000, 0x0000000081800000, 0x0000000081800000|100%| O|  |TAMS 0x0000000081700000, 0x0000000081700000| Untracked 
|  14|0x0000000081800000, 0x00000000818ddc00, 0x0000000081900000| 86%| O|  |TAMS 0x0000000081800000, 0x0000000081800000| Untracked 
|  15|0x0000000081900000, 0x0000000081900000, 0x0000000081a00000|  0%| F|  |TAMS 0x0000000081900000, 0x0000000081900000| Untracked 
|  16|0x0000000081a00000, 0x0000000081a00000, 0x0000000081b00000|  0%| F|  |TAMS 0x0000000081a00000, 0x0000000081a00000| Untracked 
|  17|0x0000000081b00000, 0x0000000081b00000, 0x0000000081c00000|  0%| F|  |TAMS 0x0000000081b00000, 0x0000000081b00000| Untracked 
|  18|0x0000000081c00000, 0x0000000081c00000, 0x0000000081d00000|  0%| F|  |TAMS 0x0000000081c00000, 0x0000000081c00000| Untracked 
|  19|0x0000000081d00000, 0x0000000081d00000, 0x0000000081e00000|  0%| F|  |TAMS 0x0000000081d00000, 0x0000000081d00000| Untracked 
|  20|0x0000000081e00000, 0x0000000081e00000, 0x0000000081f00000|  0%| F|  |TAMS 0x0000000081e00000, 0x0000000081e00000| Untracked 
|  21|0x0000000081f00000, 0x0000000081f00000, 0x0000000082000000|  0%| F|  |TAMS 0x0000000081f00000, 0x0000000081f00000| Untracked 
|  22|0x0000000082000000, 0x0000000082000000, 0x0000000082100000|  0%| F|  |TAMS 0x0000000082000000, 0x0000000082000000| Untracked 
|  23|0x0000000082100000, 0x0000000082100000, 0x0000000082200000|  0%| F|  |TAMS 0x0000000082100000, 0x0000000082100000| Untracked 
|  24|0x0000000082200000, 0x0000000082200000, 0x0000000082300000|  0%| F|  |TAMS 0x0000000082200000, 0x0000000082200000| Untracked 
|  25|0x0000000082300000, 0x0000000082386e20, 0x0000000082400000| 52%| S|  |TAMS 0x0000000082300000, 0x0000000082300000| Complete 
|  26|0x0000000082400000, 0x000000008249b350, 0x0000000082500000| 60%| E|CS|TAMS 0x0000000082400000, 0x0000000082400000| Complete 
|  27|0x0000000082500000, 0x0000000082600000, 0x0000000082600000|100%| E|CS|TAMS 0x0000000082500000, 0x0000000082500000| Complete 
|  28|0x0000000082600000, 0x0000000082700000, 0x0000000082700000|100%| S|  |TAMS 0x0000000082600000, 0x0000000082600000| Complete 
|  29|0x0000000082700000, 0x0000000082800000, 0x0000000082800000|100%| E|CS|TAMS 0x0000000082700000, 0x0000000082700000| Complete 
|  30|0x0000000082800000, 0x00000000828f52d0, 0x0000000082900000| 95%| E|CS|TAMS 0x0000000082800000, 0x0000000082800000| Complete 
|  31|0x0000000082900000, 0x0000000082a00000, 0x0000000082a00000|100%| E|CS|TAMS 0x0000000082900000, 0x0000000082900000| Complete 
|  32|0x0000000082a00000, 0x0000000082b00000, 0x0000000082b00000|100%| E|CS|TAMS 0x0000000082a00000, 0x0000000082a00000| Complete 
|  33|0x0000000082b00000, 0x0000000082c00000, 0x0000000082c00000|100%| E|CS|TAMS 0x0000000082b00000, 0x0000000082b00000| Complete 
|  34|0x0000000082c00000, 0x0000000082d00000, 0x0000000082d00000|100%| E|CS|TAMS 0x0000000082c00000, 0x0000000082c00000| Complete 
|  35|0x0000000082d00000, 0x0000000082e00000, 0x0000000082e00000|100%| E|CS|TAMS 0x0000000082d00000, 0x0000000082d00000| Complete 
|  36|0x0000000082e00000, 0x0000000082f00000, 0x0000000082f00000|100%| E|CS|TAMS 0x0000000082e00000, 0x0000000082e00000| Complete 
|  37|0x0000000082f00000, 0x0000000083000000, 0x0000000083000000|100%| E|CS|TAMS 0x0000000082f00000, 0x0000000082f00000| Complete 
|  38|0x0000000083000000, 0x0000000083100000, 0x0000000083100000|100%| E|CS|TAMS 0x0000000083000000, 0x0000000083000000| Complete 
|  78|0x0000000085800000, 0x0000000085900000, 0x0000000085900000|100%| E|CS|TAMS 0x0000000085800000, 0x0000000085800000| Complete 
|  79|0x0000000085900000, 0x0000000085a00000, 0x0000000085a00000|100%| E|CS|TAMS 0x0000000085900000, 0x0000000085900000| Complete 
|  80|0x0000000085a00000, 0x0000000085b00000, 0x0000000085b00000|100%| E|CS|TAMS 0x0000000085a00000, 0x0000000085a00000| Complete 
|  81|0x0000000085b00000, 0x0000000085c00000, 0x0000000085c00000|100%| E|CS|TAMS 0x0000000085b00000, 0x0000000085b00000| Complete 
|  82|0x0000000085c00000, 0x0000000085d00000, 0x0000000085d00000|100%| E|CS|TAMS 0x0000000085c00000, 0x0000000085c00000| Complete 
|  83|0x0000000085d00000, 0x0000000085e00000, 0x0000000085e00000|100%| E|CS|TAMS 0x0000000085d00000, 0x0000000085d00000| Complete 
|  84|0x0000000085e00000, 0x0000000085f00000, 0x0000000085f00000|100%| E|CS|TAMS 0x0000000085e00000, 0x0000000085e00000| Complete 
| 153|0x000000008a300000, 0x000000008a400000, 0x000000008a400000|100%| E|CS|TAMS 0x000000008a300000, 0x000000008a300000| Complete 

Card table byte_map: [0x0000018145330000,0x0000018145730000] _byte_map_base: 0x0000018144f2b000

Marking Bits (Prev, Next): (CMBitMap*) 0x000001812dd5c920, (CMBitMap*) 0x000001812dd5c8e0
 Prev Bits: [0x0000018147b10000, 0x0000018149ae8000)
 Next Bits: [0x0000018145b30000, 0x0000018147b08000)

Polling page: 0x000001812bab0000

Metaspace:

Usage:
  Non-class:     21.28 MB capacity,    21.08 MB (>99%) used,   168.45 KB ( <1%) free+waste,    36.12 KB ( <1%) overhead. 
      Class:      3.41 MB capacity,     3.26 MB ( 95%) used,   142.57 KB (  4%) free+waste,    15.38 KB ( <1%) overhead. 
       Both:     24.69 MB capacity,    24.34 MB ( 99%) used,   311.02 KB (  1%) free+waste,    51.50 KB ( <1%) overhead. 

Virtual space:
  Non-class space:       22.00 MB reserved,      21.42 MB ( 97%) committed 
      Class space:        1.00 GB reserved,       3.50 MB ( <1%) committed 
             Both:        1.02 GB reserved,      24.92 MB (  2%) committed 

Chunk freelists:
   Non-Class:  14.00 KB
       Class:  27.00 KB
        Both:  41.00 KB

MaxMetaspaceSize: 17179869184.00 GB
CompressedClassSpaceSize: 1.00 GB

CodeHeap 'non-profiled nmethods': size=238912Kb used=5532Kb max_used=5532Kb free=233379Kb
 bounds [0x00000181365e0000, 0x0000018136b50000, 0x0000018144f30000]
CodeHeap 'non-nmethods': size=6848Kb used=1201Kb max_used=1201Kb free=5646Kb
 bounds [0x0000018135f30000, 0x00000181361a0000, 0x00000181365e0000]
 total_blobs=3879 nmethods=3413 adapters=392
 compilation: enabled
              stopped_count=0, restarted_count=0
 full_count=0

Compilation events (20 events):
Event: 3.192 Thread 0x000001814bfdf060 3403       1       java.lang.invoke.MethodHandleImpl::countNonNull (42 bytes)
Event: 3.192 Thread 0x000001814bfdf060 nmethod 3403 0x0000018136b44b10 code [0x0000018136b44ca0, 0x0000018136b44d98]
Event: 3.192 Thread 0x000001814bfdf060 3404       1       java.lang.invoke.DirectMethodHandle$Constructor::viewAsType (49 bytes)
Event: 3.193 Thread 0x000001814bfdf060 nmethod 3404 0x0000018136b44e90 code [0x0000018136b45020, 0x0000018136b45188]
Event: 3.202 Thread 0x000001814bfdf060 3406       1       java.util.Calendar::get (10 bytes)
Event: 3.202 Thread 0x000001814bfdf060 nmethod 3406 0x0000018136b45210 code [0x0000018136b453a0, 0x0000018136b454a8]
Event: 3.202 Thread 0x000001814bfdf060 3407       1       java.util.Calendar::getBaseStyle (6 bytes)
Event: 3.202 Thread 0x000001814bfdf060 nmethod 3407 0x0000018136b45590 code [0x0000018136b45720, 0x0000018136b457d8]
Event: 3.215 Thread 0x000001814bfdf060 3408       1       sun.nio.cs.UTF_8$Decoder::decodeLoop (28 bytes)
Event: 3.216 Thread 0x000001814bfdf060 nmethod 3408 0x0000018136b45890 code [0x0000018136b45a40, 0x0000018136b45bb8]
Event: 3.223 Thread 0x000001814bfdf060 3409       1       java.util.logging.Level::intValue (5 bytes)
Event: 3.223 Thread 0x000001814bfdf060 nmethod 3409 0x0000018136b45c90 code [0x0000018136b45e20, 0x0000018136b45ed8]
Event: 3.224 Thread 0x000001814bfdf060 3410       1       java.util.Calendar::isFieldSet (14 bytes)
Event: 3.225 Thread 0x000001814bfdf060 nmethod 3410 0x0000018136b45f90 code [0x0000018136b46120, 0x0000018136b461d8]
Event: 3.226 Thread 0x000001814bfdf060 3411       1       java.nio.Buffer::remaining (10 bytes)
Event: 3.226 Thread 0x000001814bfdf060 nmethod 3411 0x0000018136b46290 code [0x0000018136b46420, 0x0000018136b464d8]
Event: 3.231 Thread 0x000001814bfdf060 3412       1       java.util.BitSet::expandTo (23 bytes)
Event: 3.231 Thread 0x000001814bfdf060 nmethod 3412 0x0000018136b46590 code [0x0000018136b46720, 0x0000018136b46828]
Event: 3.231 Thread 0x000001814bfdf060 3413       1       java.util.BitSet::set (58 bytes)
Event: 3.232 Thread 0x000001814bfdf060 nmethod 3413 0x0000018136b46890 code [0x0000018136b46aa0, 0x0000018136b46f78]

GC Heap History (15 events):
Event: 0.562 GC heap before
{Heap before GC invocations=0 (full 0):
 garbage-first heap   total 131072K, used 13312K [0x0000000080a00000, 0x0000000100000000)
  region size 1024K, 13 young (13312K), 0 survivors (0K)
 Metaspace       used 2475K, capacity 5760K, committed 6016K, reserved 1056768K
  class space    used 276K, capacity 532K, committed 640K, reserved 1048576K
}
Event: 0.569 GC heap after
{Heap after GC invocations=1 (full 0):
 garbage-first heap   total 131072K, used 6132K [0x0000000080a00000, 0x0000000100000000)
  region size 1024K, 2 young (2048K), 2 survivors (2048K)
 Metaspace       used 2475K, capacity 5760K, committed 6016K, reserved 1056768K
  class space    used 276K, capacity 532K, committed 640K, reserved 1048576K
}
Event: 1.033 GC heap before
{Heap before GC invocations=1 (full 0):
 garbage-first heap   total 131072K, used 15348K [0x0000000080a00000, 0x0000000100000000)
  region size 1024K, 12 young (12288K), 2 survivors (2048K)
 Metaspace       used 5062K, capacity 7511K, committed 7808K, reserved 1056768K
  class space    used 660K, capacity 815K, committed 896K, reserved 1048576K
}
Event: 1.038 GC heap after
{Heap after GC invocations=2 (full 0):
 garbage-first heap   total 131072K, used 6963K [0x0000000080a00000, 0x0000000100000000)
  region size 1024K, 1 young (1024K), 1 survivors (1024K)
 Metaspace       used 5062K, capacity 7511K, committed 7808K, reserved 1056768K
  class space    used 660K, capacity 815K, committed 896K, reserved 1048576K
}
Event: 1.332 GC heap before
{Heap before GC invocations=2 (full 0):
 garbage-first heap   total 131072K, used 29491K [0x0000000080a00000, 0x0000000100000000)
  region size 1024K, 23 young (23552K), 1 survivors (1024K)
 Metaspace       used 9948K, capacity 11649K, committed 11904K, reserved 1060864K
  class space    used 1291K, capacity 1360K, committed 1408K, reserved 1048576K
}
Event: 1.338 GC heap after
{Heap after GC invocations=3 (full 0):
 garbage-first heap   total 131072K, used 7972K [0x0000000080a00000, 0x0000000100000000)
  region size 1024K, 2 young (2048K), 2 survivors (2048K)
 Metaspace       used 9948K, capacity 11649K, committed 11904K, reserved 1060864K
  class space    used 1291K, capacity 1360K, committed 1408K, reserved 1048576K
}
Event: 1.887 GC heap before
{Heap before GC invocations=3 (full 0):
 garbage-first heap   total 131072K, used 82724K [0x0000000080a00000, 0x0000000100000000)
  region size 1024K, 76 young (77824K), 2 survivors (2048K)
 Metaspace       used 15217K, capacity 16542K, committed 16768K, reserved 1064960K
  class space    used 1989K, capacity 2096K, committed 2176K, reserved 1048576K
}
Event: 1.893 GC heap after
{Heap after GC invocations=4 (full 0):
 garbage-first heap   total 131072K, used 10223K [0x0000000080a00000, 0x0000000100000000)
  region size 1024K, 5 young (5120K), 5 survivors (5120K)
 Metaspace       used 15217K, capacity 16542K, committed 16768K, reserved 1064960K
  class space    used 1989K, capacity 2096K, committed 2176K, reserved 1048576K
}
Event: 2.673 GC heap before
{Heap before GC invocations=4 (full 0):
 garbage-first heap   total 131072K, used 53231K [0x0000000080a00000, 0x0000000100000000)
  region size 1024K, 48 young (49152K), 5 survivors (5120K)
 Metaspace       used 20318K, capacity 21176K, committed 21296K, reserved 1067008K
  class space    used 2744K, capacity 2887K, committed 2944K, reserved 1048576K
}
Event: 2.683 GC heap after
{Heap after GC invocations=5 (full 0):
 garbage-first heap   total 157696K, used 12838K [0x0000000080a00000, 0x0000000100000000)
  region size 1024K, 7 young (7168K), 7 survivors (7168K)
 Metaspace       used 20318K, capacity 21176K, committed 21296K, reserved 1067008K
  class space    used 2744K, capacity 2887K, committed 2944K, reserved 1048576K
}
Event: 2.996 GC heap before
{Heap before GC invocations=6 (full 0):
 garbage-first heap   total 48128K, used 34342K [0x0000000080a00000, 0x0000000100000000)
  region size 1024K, 28 young (28672K), 7 survivors (7168K)
 Metaspace       used 22478K, capacity 23083K, committed 23216K, reserved 1069056K
  class space    used 3086K, capacity 3233K, committed 3328K, reserved 1048576K
}
Event: 3.013 GC heap after
{Heap after GC invocations=7 (full 0):
 garbage-first heap   total 48128K, used 14875K [0x0000000080a00000, 0x0000000100000000)
  region size 1024K, 3 young (3072K), 3 survivors (3072K)
 Metaspace       used 22478K, capacity 23083K, committed 23216K, reserved 1069056K
  class space    used 3086K, capacity 3233K, committed 3328K, reserved 1048576K
}
Event: 3.241 GC heap before
{Heap before GC invocations=7 (full 0):
 garbage-first heap   total 48128K, used 33307K [0x0000000080a00000, 0x0000000100000000)
  region size 1024K, 22 young (22528K), 3 survivors (3072K)
 Metaspace       used 24924K, capacity 25287K, committed 25520K, reserved 1071104K
  class space    used 3335K, capacity 3493K, committed 3584K, reserved 1048576K
}
Event: 3.248 GC heap after
{Heap after GC invocations=8 (full 0):
 garbage-first heap   total 48128K, used 16743K [0x0000000080a00000, 0x0000000100000000)
  region size 1024K, 2 young (2048K), 2 survivors (2048K)
 Metaspace       used 24924K, capacity 25287K, committed 25520K, reserved 1071104K
  class space    used 3335K, capacity 3493K, committed 3584K, reserved 1048576K
}
Event: 3.257 GC heap before
{Heap before GC invocations=8 (full 0):
 garbage-first heap   total 48128K, used 34151K [0x0000000080a00000, 0x0000000100000000)
  region size 1024K, 20 young (20480K), 2 survivors (2048K)
 Metaspace       used 24924K, capacity 25287K, committed 25520K, reserved 1071104K
  class space    used 3335K, capacity 3493K, committed 3584K, reserved 1048576K
}

Deoptimization events (2 events):
Event: 2.240 Thread 0x000001812dd1bde0 DEOPT PACKING pc=0x000001813687b4d4 sp=0x00000010211fd800
Event: 2.240 Thread 0x000001812dd1bde0 DEOPT UNPACKING pc=0x0000018135f7e23f sp=0x00000010211fcd58 mode 0

Classes unloaded (0 events):
No events

Classes redefined (0 events):
No events

Internal exceptions (20 events):
Event: 3.028 Thread 0x000001812dd1bde0 Exception <a 'java/lang/ClassNotFoundException'{0x0000000085e53048}: java/lang/ObjectCustomizer> (0x0000000085e53048) 
thrown [./open/src/hotspot/share/classfile/systemDictionary.cpp, line 295]
Event: 3.028 Thread 0x000001812dd1bde0 Exception <a 'java/lang/ClassNotFoundException'{0x0000000085e5cf10}: org/springframework/boot/autoconfigure/web/servlet/MultipartPropertiesCustomizer> (0x0000000085e5cf10) 
thrown [./open/src/hotspot/share/classfile/systemDictionary.cpp, line 295]
Event: 3.032 Thread 0x000001812dd1bde0 Exception <a 'java/lang/ClassNotFoundException'{0x0000000085ec0db0}: java/lang/ObjectCustomizer> (0x0000000085ec0db0) 
thrown [./open/src/hotspot/share/classfile/systemDictionary.cpp, line 295]
Event: 3.033 Thread 0x000001812dd1bde0 Exception <a 'java/lang/ClassNotFoundException'{0x0000000085eca3d0}: org/springframework/boot/autoconfigure/web/servlet/MultipartAutoConfigurationCustomizer> (0x0000000085eca3d0) 
thrown [./open/src/hotspot/share/classfile/systemDictionary.cpp, line 295]
Event: 3.035 Thread 0x000001812dd1bde0 Exception <a 'java/lang/ClassNotFoundException'{0x0000000085ee4cb8}: java/lang/ObjectCustomizer> (0x0000000085ee4cb8) 
thrown [./open/src/hotspot/share/classfile/systemDictionary.cpp, line 295]
Event: 3.035 Thread 0x000001812dd1bde0 Exception <a 'java/lang/ClassNotFoundException'{0x0000000085eed778}: javax/servlet/MultipartConfigElementCustomizer> (0x0000000085eed778) 
thrown [./open/src/hotspot/share/classfile/systemDictionary.cpp, line 295]
Event: 3.036 Thread 0x000001812dd1bde0 Exception <a 'java/lang/ClassNotFoundException'{0x0000000085d07638}: java/lang/ObjectCustomizer> (0x0000000085d07638) 
thrown [./open/src/hotspot/share/classfile/systemDictionary.cpp, line 295]
Event: 3.037 Thread 0x000001812dd1bde0 Exception <a 'java/lang/ClassNotFoundException'{0x0000000085d10628}: org/springframework/boot/web/servlet/RegistrationBeanCustomizer> (0x0000000085d10628) 
thrown [./open/src/hotspot/share/classfile/systemDictionary.cpp, line 295]
Event: 3.037 Thread 0x000001812dd1bde0 Exception <a 'java/lang/ClassNotFoundException'{0x0000000085d1a290}: org/springframework/boot/web/servlet/DynamicRegistrationBeanCustomizer> (0x0000000085d1a290) 
thrown [./open/src/hotspot/share/classfile/systemDictionary.cpp, line 295]
Event: 3.038 Thread 0x000001812dd1bde0 Exception <a 'java/lang/ClassNotFoundException'{0x0000000085d268f8}: org/springframework/boot/web/servlet/ServletRegistrationBeanCustomizer> (0x0000000085d268f8) 
thrown [./open/src/hotspot/share/classfile/systemDictionary.cpp, line 295]
Event: 3.038 Thread 0x000001812dd1bde0 Exception <a 'java/lang/ClassNotFoundException'{0x0000000085d373c8}: org/springframework/boot/autoconfigure/web/servlet/DispatcherServletRegistrationBeanCustomizer> (0x0000000085d373c8) 
thrown [./open/src/hotspot/share/classfile/systemDictionary.cpp, line 295]
Event: 3.039 Thread 0x000001812dd1bde0 Exception <a 'java/lang/ClassNotFoundException'{0x0000000085d4f410}: org/springframework/boot/autoconfigure/web/servlet/DispatcherServletPathCustomizer> (0x0000000085d4f410) 
thrown [./open/src/hotspot/share/classfile/systemDictionary.cpp, line 295]
Event: 3.039 Thread 0x000001812dd1bde0 Exception <a 'java/lang/ClassNotFoundException'{0x0000000085d59c48}: org/springframework/boot/web/servlet/ServletContextInitializerCustomizer> (0x0000000085d59c48) 
thrown [./open/src/hotspot/share/classfile/systemDictionary.cpp, line 295]
Event: 3.040 Thread 0x000001812dd1bde0 Exception <a 'java/lang/ClassNotFoundException'{0x0000000085d5fc90}: org/springframework/core/OrderedCustomizer> (0x0000000085d5fc90) 
thrown [./open/src/hotspot/share/classfile/systemDictionary.cpp, line 295]
Event: 3.041 Thread 0x000001812dd1bde0 Exception <a 'java/lang/ClassNotFoundException'{0x0000000085d710c8}: java/lang/ObjectCustomizer> (0x0000000085d710c8) 
thrown [./open/src/hotspot/share/classfile/systemDictionary.cpp, line 295]
Event: 3.041 Thread 0x000001812dd1bde0 Exception <a 'java/lang/ClassNotFoundException'{0x0000000085d7a520}: org/springframework/boot/autoconfigure/web/servlet/error/ErrorMvcAutoConfiguration$ErrorPageCustomizerCustomizer> (0x0000000085d7a520) 
thrown [./open/src/hotspot/share/classfile/systemDictionary.cpp, line 295]
Event: 3.042 Thread 0x000001812dd1bde0 Exception <a 'java/lang/ClassNotFoundException'{0x0000000085d83908}: org/springframework/boot/web/server/ErrorPageRegistrarCustomizer> (0x0000000085d83908) 
thrown [./open/src/hotspot/share/classfile/systemDictionary.cpp, line 295]
Event: 3.042 Thread 0x000001812dd1bde0 Exception <a 'java/lang/ClassNotFoundException'{0x0000000085d89078}: org/springframework/core/OrderedCustomizer> (0x0000000085d89078) 
thrown [./open/src/hotspot/share/classfile/systemDictionary.cpp, line 295]
Event: 3.059 Thread 0x000001812dd1bde0 Exception <a 'java/lang/NoSuchMethodError'{0x0000000085cb4260}: 'java.lang.Object java.lang.invoke.DirectMethodHandle$Holder.invokeStaticInit(java.lang.Object, int, int, int, int)'> (0x0000000085cb4260) 
thrown [./open/src/hotspot/share/interpreter/linkResolver.cpp, line 782]
Event: 3.091 Thread 0x000001812dd1bde0 Exception <a 'java/lang/NoSuchMethodError'{0x0000000085b7db30}: 'java.lang.Object java.lang.invoke.DirectMethodHandle$Holder.invokeStaticInit(java.lang.Object, java.lang.Object, int, int, int, int)'> (0x0000000085b7db30) 
thrown [./open/src/hotspot/share/interpreter/linkResolver.cpp, line 782]

Events (20 events):
Event: 3.226 loading class sun/util/resources/cldr/TimeZoneNames done
Event: 3.226 loading class sun/util/resources/cldr/TimeZoneNames_en
Event: 3.227 loading class sun/util/resources/cldr/TimeZoneNames_en done
Event: 3.227 loading class sun/util/resources/cldr/TimeZoneNames_en_US
Event: 3.227 loading class sun/util/resources/cldr/TimeZoneNames_en_US done
Event: 3.228 loading class sun/util/resources/TimeZoneNames
Event: 3.228 loading class sun/util/resources/TimeZoneNames done
Event: 3.229 loading class sun/util/resources/TimeZoneNames_en
Event: 3.229 loading class sun/util/resources/TimeZoneNames_en done
Event: 3.233 loading class java/util/jar/JarInputStream
Event: 3.234 loading class java/util/zip/ZipInputStream
Event: 3.234 loading class java/util/zip/ZipInputStream done
Event: 3.234 loading class java/util/jar/JarInputStream done
Event: 3.234 loading class java/io/PushbackInputStream
Event: 3.234 loading class java/io/PushbackInputStream done
Event: 3.234 loading class sun/security/util/ManifestEntryVerifier
Event: 3.234 loading class sun/security/util/ManifestEntryVerifier done
Event: 3.241 Executing VM operation: G1CollectForAllocation
Event: 3.248 Executing VM operation: G1CollectForAllocation done
Event: 3.256 Executing VM operation: G1CollectForAllocation


Dynamic libraries:
0x00007ff7f1040000 - 0x00007ff7f104d000 	C:\Users\Admin\.jdks\openjdk-15.0.1\bin\java.exe
0x00007ffbe03f0000 - 0x00007ffbe05e6000 	C:\WINDOWS\SYSTEM32\ntdll.dll
0x00007ffbd9300000 - 0x00007ffbd9312000 	C:\Program Files\AVAST Software\Avast\aswhook.dll
0x00007ffbdebd0000 - 0x00007ffbdec8d000 	C:\WINDOWS\System32\KERNEL32.DLL
0x00007ffbddfe0000 - 0x00007ffbde2a9000 	C:\WINDOWS\System32\KERNELBASE.dll
0x00007ffbde350000 - 0x00007ffbde450000 	C:\WINDOWS\System32\ucrtbase.dll
0x00007ffbb6990000 - 0x00007ffbb69a8000 	C:\Users\Admin\.jdks\openjdk-15.0.1\bin\jli.dll
0x00007ffbdfcc0000 - 0x00007ffbdfe60000 	C:\WINDOWS\System32\USER32.dll
0x00007ffbddd80000 - 0x00007ffbddda2000 	C:\WINDOWS\System32\win32u.dll
0x00007ffbdeba0000 - 0x00007ffbdebca000 	C:\WINDOWS\System32\GDI32.dll
0x00007ffbddc70000 - 0x00007ffbddd79000 	C:\WINDOWS\System32\gdi32full.dll
0x00007ffbde2b0000 - 0x00007ffbde34d000 	C:\WINDOWS\System32\msvcp_win.dll
0x00007ffbb6970000 - 0x00007ffbb6989000 	C:\Users\Admin\.jdks\openjdk-15.0.1\bin\VCRUNTIME140.dll
0x00007ffbd0eb0000 - 0x00007ffbd114b000 	C:\WINDOWS\WinSxS\amd64_microsoft.windows.common-controls_6595b64144ccf1df_6.0.19041.488_none_ca04af081b815d21\COMCTL32.dll
0x00007ffbdf0a0000 - 0x00007ffbdf13e000 	C:\WINDOWS\System32\msvcrt.dll
0x00007ffbdf680000 - 0x00007ffbdf6b0000 	C:\WINDOWS\System32\IMM32.DLL
0x00007ffbb6960000 - 0x00007ffbb696c000 	C:\Users\Admin\.jdks\openjdk-15.0.1\bin\vcruntime140_1.dll
0x00007ffb915d0000 - 0x00007ffb91661000 	C:\Users\Admin\.jdks\openjdk-15.0.1\bin\msvcp140.dll
0x00007ffb76e00000 - 0x00007ffb7795e000 	C:\Users\Admin\.jdks\openjdk-15.0.1\bin\server\jvm.dll
0x00007ffbe0190000 - 0x00007ffbe023c000 	C:\WINDOWS\System32\ADVAPI32.dll
0x00007ffbdf860000 - 0x00007ffbdf8fc000 	C:\WINDOWS\System32\sechost.dll
0x00007ffbdfed0000 - 0x00007ffbdfffb000 	C:\WINDOWS\System32\RPCRT4.dll
0x00007ffbdf5b0000 - 0x00007ffbdf5b8000 	C:\WINDOWS\System32\PSAPI.DLL
0x00007ffbd4550000 - 0x00007ffbd4559000 	C:\WINDOWS\SYSTEM32\WSOCK32.dll
0x00007ffbdfe60000 - 0x00007ffbdfecb000 	C:\WINDOWS\System32\WS2_32.dll
0x00007ffbd0800000 - 0x00007ffbd0827000 	C:\WINDOWS\SYSTEM32\WINMM.dll
0x00007ffbd8390000 - 0x00007ffbd839a000 	C:\WINDOWS\SYSTEM32\VERSION.dll
0x00007ffbdb9c0000 - 0x00007ffbdb9d2000 	C:\WINDOWS\SYSTEM32\kernel.appcore.dll
0x00007ffbb6950000 - 0x00007ffbb695a000 	C:\Users\Admin\.jdks\openjdk-15.0.1\bin\jimage.dll
0x00007ffbd71d0000 - 0x00007ffbd73b4000 	C:\WINDOWS\SYSTEM32\DBGHELP.DLL
0x00007ffbd6ba0000 - 0x00007ffbd6bcc000 	C:\WINDOWS\SYSTEM32\dbgcore.DLL
0x00007ffbddf60000 - 0x00007ffbddfe0000 	C:\WINDOWS\System32\bcryptPrimitives.dll
0x00007ffba8a80000 - 0x00007ffba8aa5000 	C:\Users\Admin\.jdks\openjdk-15.0.1\bin\java.dll
0x00007ffbde450000 - 0x00007ffbdeb92000 	C:\WINDOWS\System32\SHELL32.dll
0x00007ffbdbca0000 - 0x00007ffbdc435000 	C:\WINDOWS\SYSTEM32\windows.storage.dll
0x00007ffbdf900000 - 0x00007ffbdfc56000 	C:\WINDOWS\System32\combase.dll
0x00007ffbdd4d0000 - 0x00007ffbdd4fc000 	C:\WINDOWS\SYSTEM32\Wldp.dll
0x00007ffbdf5d0000 - 0x00007ffbdf67e000 	C:\WINDOWS\System32\SHCORE.dll
0x00007ffbe0000000 - 0x00007ffbe0055000 	C:\WINDOWS\System32\shlwapi.dll
0x00007ffbdda60000 - 0x00007ffbdda86000 	C:\WINDOWS\SYSTEM32\profapi.dll
0x00007ffba8a10000 - 0x00007ffba8a29000 	C:\Users\Admin\.jdks\openjdk-15.0.1\bin\net.dll
0x00007ffbd57a0000 - 0x00007ffbd58a0000 	C:\WINDOWS\SYSTEM32\WINHTTP.dll
0x00007ffbdd250000 - 0x00007ffbdd2ba000 	C:\WINDOWS\system32\mswsock.dll
0x00007ffba4050000 - 0x00007ffba4062000 	C:\Users\Admin\.jdks\openjdk-15.0.1\bin\nio.dll
0x00007ffba4030000 - 0x00007ffba4048000 	C:\Users\Admin\.jdks\openjdk-15.0.1\bin\zip.dll
0x00007ffbb6940000 - 0x00007ffbb6950000 	C:\Users\Admin\.jdks\openjdk-15.0.1\bin\verify.dll
0x00007ffbb07e0000 - 0x00007ffbb07e9000 	C:\Users\Admin\.jdks\openjdk-15.0.1\bin\management.dll
0x00007ffbb0340000 - 0x00007ffbb034b000 	C:\Users\Admin\.jdks\openjdk-15.0.1\bin\management_ext.dll
0x00007ffbca200000 - 0x00007ffbca217000 	C:\WINDOWS\system32\napinsp.dll
0x00007ffbc9cd0000 - 0x00007ffbc9ceb000 	C:\WINDOWS\system32\pnrpnsp.dll
0x00007ffbc9770000 - 0x00007ffbc9785000 	C:\WINDOWS\system32\wshbth.dll
0x00007ffbda3e0000 - 0x00007ffbda3fd000 	C:\WINDOWS\system32\NLAapi.dll
0x00007ffbdcf40000 - 0x00007ffbdcf7b000 	C:\WINDOWS\SYSTEM32\IPHLPAPI.DLL
0x00007ffbdcf80000 - 0x00007ffbdd04b000 	C:\WINDOWS\SYSTEM32\DNSAPI.dll
0x00007ffbe03a0000 - 0x00007ffbe03a8000 	C:\WINDOWS\System32\NSI.dll
0x00007ffbc8660000 - 0x00007ffbc8672000 	C:\WINDOWS\System32\winrnr.dll
0x00007ffbd45a0000 - 0x00007ffbd45aa000 	C:\Windows\System32\rasadhlp.dll
0x00007ffbd45f0000 - 0x00007ffbd466f000 	C:\WINDOWS\System32\fwpuclnt.dll
0x00007ffbddbe0000 - 0x00007ffbddc07000 	C:\WINDOWS\System32\bcrypt.dll
0x00007ffbdd420000 - 0x00007ffbdd438000 	C:\WINDOWS\SYSTEM32\CRYPTSP.dll
0x00007ffbdcbe0000 - 0x00007ffbdcc14000 	C:\WINDOWS\system32\rsaenh.dll
0x00007ffbdda20000 - 0x00007ffbdda4e000 	C:\WINDOWS\SYSTEM32\USERENV.dll
0x00007ffbdd440000 - 0x00007ffbdd44c000 	C:\WINDOWS\SYSTEM32\CRYPTBASE.dll
0x00007ffbd69c0000 - 0x00007ffbd69d7000 	C:\WINDOWS\SYSTEM32\dhcpcsvc6.DLL
0x00007ffbd6990000 - 0x00007ffbd69ad000 	C:\WINDOWS\SYSTEM32\dhcpcsvc.DLL

dbghelp: loaded successfully - version: 4.0.5 - missing functions: none
symbol engine: initialized successfully - sym options: 0x614 - pdb path: .;C:\Users\Admin\.jdks\openjdk-15.0.1\bin;C:\WINDOWS\SYSTEM32;C:\Program Files\AVAST Software\Avast;C:\WINDOWS\WinSxS\amd64_microsoft.windows.common-controls_6595b64144ccf1df_6.0.19041.488_none_ca04af081b815d21;C:\Users\Admin\.jdks\openjdk-15.0.1\bin\server

VM Arguments:
jvm_args: -XX:TieredStopAtLevel=1 -Dfile.encoding=windows-1252 -Duser.country=AR -Duser.language=es -Duser.variant 
java_command: com.examplecodeoftheweb.salvo_n.SalvoNApplication
java_class_path (initial): C:\Users\Admin\Desktop\no borrar\Project_Salvo (2)\Project_Salvo\salvo_n\build\classes\java\main;C:\Users\Admin\Desktop\no borrar\Project_Salvo (2)\Project_Salvo\salvo_n\build\resources\main;C:\Users\Admin\Desktop\Java\Gradle\gradle-6.7-all\gradle-6.7\bin\caches\modules-2\files-2.1\com.h2database\h2\1.4.200\f7533fe7cb8e99c87a43d325a77b4b678ad9031a\h2-1.4.200.jar;C:\Users\Admin\Desktop\Java\Gradle\gradle-6.7-all\gradle-6.7\bin\caches\modules-2\files-2.1\org.springframework.security\spring-security-config\5.4.1\4697a41c836ff9e96d34d22993b2cad5a8ae1dff\spring-security-config-5.4.1.jar;C:\Users\Admin\Desktop\Java\Gradle\gradle-6.7-all\gradle-6.7\bin\caches\modules-2\files-2.1\org.springframework.security\spring-security-web\5.4.1\5aa439a5e3873c15104a11dc0c6180f8b4dfe32a\spring-security-web-5.4.1.jar;C:\Users\Admin\Desktop\Java\Gradle\gradle-6.7-all\gradle-6.7\bin\caches\modules-2\files-2.1\org.springframework.data\spring-data-jpa\2.4.1\ad179735be540e3514bda3cda6a4aa36f86f663e\spring-data-jpa-2.4.1.jar;C:\Users\Admin\Desktop\Java\Gradle\gradle-6.7-all\gradle-6.7\bin\caches\modules-2\files-2.1\org.springframework.data\spring-data-rest-webmvc\3.4.1\1564c6015248f59c670bd43c9ba09b8a71ced2af\spring-data-rest-webmvc-3.4.1.jar;C:\Users\Admin\Desktop\Java\Gradle\gradle-6.7-all\gradle-6.7\bin\caches\modules-2\files-2.1\org.springframework.data\spring-data-rest-core\3.4.1\fcb7bfef4e4bc391eee214ce80387580b1fae85\spring-data-rest-core-3.4.1.jar;C:\Users\Admin\Desktop\Java\Gradle\gradle-6.7-all\gradle-6.7\bin\caches\modules-2\files-2.1\org.springframework\spring-webmvc\5.3.1\17493978f251b7e51393cdf19f4f51af9c1f04f2\spring-webmvc-5.3.1.jar;C:\Users\Admin\Desktop\Java\Gradle\gradle-6.7-all\gradle-6.7\bin\caches\modules-2\files-2.1\org.springframework.security\spring-security-core\5.4.1\f98b348c4009dba35f9fe117f5cd72cade0a8fde\spring-security-core-5.4.1.jar;C:\Users\Admin\Desktop\Java\Gradle\gradle-6.7-all\gradle-6.7\bin\caches\modules-2\files-2.1\org.spring
Launcher Type: SUN_STANDARD

[Global flags]
     intx CICompilerCount                          = 3                                         {product} {ergonomic}
     uint ConcGCThreads                            = 1                                         {product} {ergonomic}
     uint G1ConcRefinementThreads                  = 4                                         {product} {ergonomic}
   size_t G1HeapRegionSize                         = 1048576                                   {product} {ergonomic}
    uintx GCDrainStackTargetSize                   = 64                                        {product} {ergonomic}
   size_t InitialHeapSize                          = 134217728                                 {product} {ergonomic}
   size_t MarkStackSize                            = 4194304                                   {product} {ergonomic}
   size_t MaxHeapSize                              = 2136997888                                {product} {ergonomic}
   size_t MaxNewSize                               = 1281359872                                {product} {ergonomic}
   size_t MinHeapDeltaBytes                        = 1048576                                   {product} {ergonomic}
   size_t MinHeapSize                              = 8388608                                   {product} {ergonomic}
    uintx NonNMethodCodeHeapSize                   = 6973028                                {pd product} {ergonomic}
    uintx NonProfiledCodeHeapSize                  = 244685212                              {pd product} {ergonomic}
    uintx ProfiledCodeHeapSize                     = 0                                      {pd product} {ergonomic}
    uintx ReservedCodeCacheSize                    = 251658240                              {pd product} {ergonomic}
     bool SegmentedCodeCache                       = true                                      {product} {ergonomic}
   size_t SoftMaxHeapSize                          = 2136997888                             {manageable} {ergonomic}
     intx TieredStopAtLevel                        = 1                                         {product} {command line}
     bool UseCompressedClassPointers               = true                                 {lp64_product} {ergonomic}
     bool UseCompressedOops                        = true                                 {lp64_product} {ergonomic}
     bool UseG1GC                                  = true                                      {product} {ergonomic}
     bool UseLargePagesIndividualAllocation        = false                                  {pd product} {ergonomic}

Logging:
Log output configuration:
 #0: stdout all=warning uptime,level,tags
 #1: stderr all=off uptime,level,tags

Environment Variables:
PATH=C:\Program Files\Common Files\Oracle\Java\javapath;C:\Windows\system32;C:\Windows;C:\Windows\System32\Wbem;C:\Windows\System32\WindowsPowerShell\v1.0\;C:\Program Files (x86)\NVIDIA Corporation\PhysX\Common;C:\WINDOWS\system32;C:\WINDOWS;C:\WINDOWS\System32\Wbem;C:\WINDOWS\System32\WindowsPowerShell\v1.0\;C:\Program Files (x86)\Windows Live\Shared;C:\WINDOWS\System32\OpenSSH\;C:\Program Files\Java\jdk1.8.0_191\bin;C:\ProgramData\Applications\nodejs;C:\Program Files\MongoDB\Server\4.0\bin;C:\Program Files\dotnet\;C:\Program Files\Microsoft SQL Server\130\Tools\Binn\;C:\Program Files (x86)\Microsoft SQL Server\150\DTS\Binn\;C:\Program Files\Microsoft SQL Server\Client SDK\ODBC\130\Tools\Binn\;C:\Program Files (x86)\Microsoft SQL Server\140\Tools\Binn\;C:\Program Files\Microsoft SQL Server\140\Tools\Binn\;C:\Program Files\Microsoft SQL Server\140\DTS\Binn\;C:\Program Files\Microsoft SQL Server\Client SDK\ODBC\170\Tools\Binn\;C:\Program Files\Git\cmd;C:\Program Files (x86)\Microsoft SQL Server\150\Tools\Binn\;C:\Program Files\Microsoft SQL Server\150\Tools\Binn\;C:\Program Files\Microsoft SQL Server\150\DTS\Binn\;C:\Program Files\Java\jdk-11.0.9\bin;C:\Users\Admin\Desktop\Java\Gradle\gradle-6.7-all\gradle-6.7\bin;C:\Program Files\Java\jdk-11.0.9\bin;C:\Program Files\MySQL\MySQL Shell 8.0\bin\;C:\Users\Admin\AppData\Local\Microsoft\WindowsApps;C:\Users\Admin\AppData\Local\Programs\Microsoft VS Code\bin;
USERNAME=Admin
OS=Windows_NT
PROCESSOR_IDENTIFIER=Intel64 Family 6 Model 94 Stepping 3, GenuineIntel



---------------  S Y S T E M  ---------------

OS:
 Windows 10 , 64 bit Build 19041 (10.0.19041.662)
OS uptime: 0 days 4:10 hours

CPU: total 4 (initial active 4) (2 cores per cpu, 2 threads per core) family 6 model 94 stepping 3 microcode 0xcc, cmov, cx8, fxsr, mmx, sse, sse2, sse3, ssse3, sse4.1, sse4.2, popcnt, vzeroupper, avx, avx2, aes, clmul, erms, 3dnowpref, lzcnt, ht, tsc, tscinvbit, bmi1, bmi2, adx, fma, clflush, clflushopt

Memory: 4k page, system-wide physical 8144M (2113M free)
TotalPageFile size 11344M (AvailPageFile size 2496M)
current process WorkingSet (physical memory assigned to process): 125M, peak: 158M
current process commit charge ("private bytes"): 161M, peak: 266M

vm_info: OpenJDK 64-Bit Server VM (15.0.1+9-18) for windows-amd64 JRE (15.0.1+9-18), built on Sep 15 2020 14:39:31 by "mach5one" with unknown MS VC++:1925

END.
